{"/home/travis/build/npmtest/node-npmtest-flatpickr/test.js":{"path":"/home/travis/build/npmtest/node-npmtest-flatpickr/test.js","s":{"1":2,"2":2,"3":2,"4":2,"5":2,"6":2,"7":2,"8":1,"9":2,"10":2,"11":1,"12":1,"13":1,"14":1,"15":2,"16":2,"17":2,"18":2,"19":1,"20":1,"21":2,"22":2,"23":2,"24":1,"25":1,"26":1,"27":1,"28":1,"29":1,"30":1,"31":1,"32":1,"33":1,"34":1,"35":1,"36":1,"37":1,"38":1,"39":2,"40":2,"41":1,"42":2,"43":2,"44":1,"45":2,"46":2,"47":1,"48":2,"49":2,"50":1,"51":1,"52":1,"53":1,"54":1},"b":{"1":[2,1,1,1],"2":[1,1,1,1],"3":[1,1],"4":[1,1],"5":[1,1],"6":[1,1],"7":[1,1],"8":[1,1],"9":[1,1],"10":[1,1,1],"11":[1,1],"12":[1,1],"13":[1,1],"14":[1,1],"15":[1,1],"16":[1,1],"17":[1,1]},"f":{"1":2,"2":2,"3":2,"4":2,"5":2,"6":1,"7":1,"8":1,"9":2,"10":2,"11":2,"12":2,"13":1},"fnMap":{"1":{"name":"(anonymous_1)","line":12,"loc":{"start":{"line":12,"column":1},"end":{"line":12,"column":13}}},"2":{"name":"(anonymous_2)","line":19,"loc":{"start":{"line":19,"column":5},"end":{"line":19,"column":17}}},"3":{"name":"(anonymous_3)","line":23,"loc":{"start":{"line":23,"column":24},"end":{"line":23,"column":36}}},"4":{"name":"(anonymous_4)","line":61,"loc":{"start":{"line":61,"column":5},"end":{"line":61,"column":17}}},"5":{"name":"(anonymous_5)","line":82,"loc":{"start":{"line":82,"column":5},"end":{"line":82,"column":17}}},"6":{"name":"(anonymous_6)","line":91,"loc":{"start":{"line":91,"column":77},"end":{"line":94,"column":10}}},"7":{"name":"(anonymous_7)","line":112,"loc":{"start":{"line":112,"column":83},"end":{"line":115,"column":10}},"skip":true},"8":{"name":"(anonymous_8)","line":123,"loc":{"start":{"line":123,"column":77},"end":{"line":126,"column":10}},"skip":true},"9":{"name":"(anonymous_9)","line":139,"loc":{"start":{"line":139,"column":12},"end":{"line":139,"column":40}},"skip":true},"10":{"name":"(anonymous_10)","line":147,"loc":{"start":{"line":147,"column":77},"end":{"line":150,"column":10}},"skip":true},"11":{"name":"(anonymous_11)","line":158,"loc":{"start":{"line":158,"column":83},"end":{"line":161,"column":10}},"skip":true},"12":{"name":"(anonymous_12)","line":169,"loc":{"start":{"line":169,"column":79},"end":{"line":172,"column":10}},"skip":true},"13":{"name":"(anonymous_13)","line":180,"loc":{"start":{"line":180,"column":75},"end":{"line":183,"column":10}},"skip":true}},"statementMap":{"1":{"start":{"line":12,"column":0},"end":{"line":195,"column":5}},"2":{"start":{"line":14,"column":4},"end":{"line":14,"column":14}},"3":{"start":{"line":19,"column":4},"end":{"line":56,"column":9}},"4":{"start":{"line":21,"column":8},"end":{"line":21,"column":19}},"5":{"start":{"line":23,"column":8},"end":{"line":35,"column":13}},"6":{"start":{"line":24,"column":12},"end":{"line":34,"column":13}},"7":{"start":{"line":25,"column":16},"end":{"line":28,"column":30}},"8":{"start":{"line":30,"column":16},"end":{"line":33,"column":27}},"9":{"start":{"line":37,"column":8},"end":{"line":39,"column":21}},"10":{"start":{"line":40,"column":8},"end":{"line":53,"column":9}},"11":{"start":{"line":43,"column":12},"end":{"line":46,"column":14}},"12":{"start":{"line":47,"column":12},"end":{"line":47,"column":18}},"13":{"start":{"line":50,"column":12},"end":{"line":51,"column":33}},"14":{"start":{"line":52,"column":12},"end":{"line":52,"column":18}},"15":{"start":{"line":55,"column":8},"end":{"line":55,"column":35}},"16":{"start":{"line":61,"column":4},"end":{"line":63,"column":9}},"17":{"start":{"line":62,"column":8},"end":{"line":62,"column":15}},"18":{"start":{"line":64,"column":4},"end":{"line":77,"column":5}},"19":{"start":{"line":70,"column":8},"end":{"line":70,"column":14}},"20":{"start":{"line":76,"column":8},"end":{"line":76,"column":14}},"21":{"start":{"line":82,"column":4},"end":{"line":84,"column":9}},"22":{"start":{"line":83,"column":8},"end":{"line":83,"column":15}},"23":{"start":{"line":85,"column":4},"end":{"line":194,"column":5}},"24":{"start":{"line":91,"column":8},"end":{"line":99,"column":10}},"25":{"start":{"line":98,"column":12},"end":{"line":98,"column":35}},"26":{"start":{"line":102,"column":8},"end":{"line":104,"column":63}},"27":{"start":{"line":105,"column":8},"end":{"line":105,"column":14}},"28":{"start":{"line":112,"column":8},"end":{"line":121,"column":10},"skip":true},"29":{"start":{"line":119,"column":12},"end":{"line":119,"column":55},"skip":true},"30":{"start":{"line":120,"column":12},"end":{"line":120,"column":48},"skip":true},"31":{"start":{"line":123,"column":8},"end":{"line":136,"column":10},"skip":true},"32":{"start":{"line":130,"column":12},"end":{"line":130,"column":76},"skip":true},"33":{"start":{"line":131,"column":12},"end":{"line":131,"column":73},"skip":true},"34":{"start":{"line":132,"column":12},"end":{"line":132,"column":74},"skip":true},"35":{"start":{"line":133,"column":12},"end":{"line":133,"column":79},"skip":true},"36":{"start":{"line":134,"column":12},"end":{"line":134,"column":25},"skip":true},"37":{"start":{"line":135,"column":12},"end":{"line":135,"column":45},"skip":true},"38":{"start":{"line":138,"column":8},"end":{"line":145,"column":14},"skip":true},"39":{"start":{"line":143,"column":16},"end":{"line":143,"column":29},"skip":true},"40":{"start":{"line":144,"column":16},"end":{"line":144,"column":55},"skip":true},"41":{"start":{"line":147,"column":8},"end":{"line":156,"column":10},"skip":true},"42":{"start":{"line":154,"column":12},"end":{"line":154,"column":25},"skip":true},"43":{"start":{"line":155,"column":12},"end":{"line":155,"column":45},"skip":true},"44":{"start":{"line":158,"column":8},"end":{"line":167,"column":10},"skip":true},"45":{"start":{"line":165,"column":12},"end":{"line":165,"column":25},"skip":true},"46":{"start":{"line":166,"column":12},"end":{"line":166,"column":48},"skip":true},"47":{"start":{"line":169,"column":8},"end":{"line":178,"column":10},"skip":true},"48":{"start":{"line":176,"column":12},"end":{"line":176,"column":25},"skip":true},"49":{"start":{"line":177,"column":12},"end":{"line":177,"column":46},"skip":true},"50":{"start":{"line":180,"column":8},"end":{"line":189,"column":10},"skip":true},"51":{"start":{"line":187,"column":12},"end":{"line":187,"column":94},"skip":true},"52":{"start":{"line":188,"column":12},"end":{"line":188,"column":48},"skip":true},"53":{"start":{"line":192,"column":8},"end":{"line":192,"column":35},"skip":true},"54":{"start":{"line":193,"column":8},"end":{"line":193,"column":14},"skip":true}},"branchMap":{"1":{"line":25,"type":"binary-expr","locations":[{"start":{"line":25,"column":23},"end":{"line":25,"column":62}},{"start":{"line":26,"column":20},"end":{"line":26,"column":70}},{"start":{"line":27,"column":20},"end":{"line":27,"column":71}},{"start":{"line":28,"column":20},"end":{"line":28,"column":29}}]},"2":{"line":30,"type":"binary-expr","locations":[{"start":{"line":30,"column":23},"end":{"line":30,"column":37}},{"start":{"line":31,"column":20},"end":{"line":31,"column":61}},{"start":{"line":32,"column":20},"end":{"line":32,"column":70}},{"start":{"line":33,"column":20},"end":{"line":33,"column":26}}]},"3":{"line":37,"type":"cond-expr","locations":[{"start":{"line":38,"column":14},"end":{"line":38,"column":20}},{"start":{"line":39,"column":14},"end":{"line":39,"column":20}}]},"4":{"line":40,"type":"switch","locations":[{"start":{"line":42,"column":8},"end":{"line":47,"column":18}},{"start":{"line":49,"column":8},"end":{"line":52,"column":18}}]},"5":{"line":44,"type":"binary-expr","locations":[{"start":{"line":44,"column":16},"end":{"line":44,"column":44}},{"start":{"line":44,"column":48},"end":{"line":44,"column":66}}]},"6":{"line":50,"type":"binary-expr","locations":[{"start":{"line":50,"column":21},"end":{"line":50,"column":49}},{"start":{"line":50,"column":53},"end":{"line":50,"column":72}}]},"7":{"line":64,"type":"switch","locations":[{"start":{"line":69,"column":4},"end":{"line":70,"column":14}},{"start":{"line":75,"column":4},"end":{"line":76,"column":14}}]},"8":{"line":85,"type":"switch","locations":[{"start":{"line":90,"column":4},"end":{"line":105,"column":14}},{"start":{"line":111,"column":4},"end":{"line":193,"column":14},"skip":true}]},"9":{"line":91,"type":"binary-expr","locations":[{"start":{"line":91,"column":42},"end":{"line":91,"column":73}},{"start":{"line":91,"column":77},"end":{"line":99,"column":9}}]},"10":{"line":102,"type":"binary-expr","locations":[{"start":{"line":102,"column":18},"end":{"line":102,"column":32}},{"start":{"line":103,"column":12},"end":{"line":103,"column":53}},{"start":{"line":104,"column":12},"end":{"line":104,"column":61}}]},"11":{"line":112,"type":"binary-expr","locations":[{"start":{"line":112,"column":45},"end":{"line":112,"column":79},"skip":true},{"start":{"line":112,"column":83},"end":{"line":121,"column":9},"skip":true}]},"12":{"line":123,"type":"binary-expr","locations":[{"start":{"line":123,"column":42},"end":{"line":123,"column":73},"skip":true},{"start":{"line":123,"column":77},"end":{"line":136,"column":9},"skip":true}]},"13":{"line":138,"type":"binary-expr","locations":[{"start":{"line":138,"column":48},"end":{"line":138,"column":85},"skip":true},{"start":{"line":139,"column":12},"end":{"line":145,"column":13},"skip":true}]},"14":{"line":147,"type":"binary-expr","locations":[{"start":{"line":147,"column":42},"end":{"line":147,"column":73},"skip":true},{"start":{"line":147,"column":77},"end":{"line":156,"column":9},"skip":true}]},"15":{"line":158,"type":"binary-expr","locations":[{"start":{"line":158,"column":45},"end":{"line":158,"column":79},"skip":true},{"start":{"line":158,"column":83},"end":{"line":167,"column":9},"skip":true}]},"16":{"line":169,"type":"binary-expr","locations":[{"start":{"line":169,"column":43},"end":{"line":169,"column":75},"skip":true},{"start":{"line":169,"column":79},"end":{"line":178,"column":9},"skip":true}]},"17":{"line":180,"type":"binary-expr","locations":[{"start":{"line":180,"column":41},"end":{"line":180,"column":71},"skip":true},{"start":{"line":180,"column":75},"end":{"line":189,"column":9},"skip":true}]}},"code":["/* istanbul instrument in package npmtest_flatpickr */","/*jslint","    bitwise: true,","    browser: true,","    maxerr: 8,","    maxlen: 96,","    node: true,","    nomen: true,","    regexp: true,","    stupid: true","*/","(function () {","    'use strict';","    var local;","","","","    // run shared js-env code - init-before","    (function () {","        // init local","        local = {};","        // init modeJs","        local.modeJs = (function () {","            try {","                return typeof navigator.userAgent === 'string' &&","                    typeof document.querySelector('body') === 'object' &&","                    typeof XMLHttpRequest.prototype.open === 'function' &&","                    'browser';","            } catch (errorCaughtBrowser) {","                return module.exports &&","                    typeof process.versions.node === 'string' &&","                    typeof require('http').createServer === 'function' &&","                    'node';","            }","        }());","        // init global","        local.global = local.modeJs === 'browser'","            ? window","            : global;","        switch (local.modeJs) {","        // re-init local from window.local","        case 'browser':","            local = local.global.utility2.objectSetDefault(","                local.global.utility2_rollup || local.global.local,","                local.global.utility2","            );","            break;","        // re-init local from example.js","        case 'node':","            local = (local.global.utility2_rollup || require('utility2'))","                .requireReadme();","            break;","        }","        // export local","        local.global.local = local;","    }());","","","","    // run shared js-env code - function","    (function () {","        return;","    }());","    switch (local.modeJs) {","","","","    // run browser js-env code - function","    case 'browser':","        break;","","","","    // run node js-env code - function","    case 'node':","        break;","    }","","","","    // run shared js-env code - init-after","    (function () {","        return;","    }());","    switch (local.modeJs) {","","","","    // run browser js-env code - init-after","    case 'browser':","        local.testCase_browser_nullCase = local.testCase_browser_nullCase || function (","            options,","            onError","        ) {","        /*","         * this function will test browsers's null-case handling-behavior-behavior","         */","            onError(null, options);","        };","","        // run tests","        local.nop(local.modeTest &&","            document.querySelector('#testRunButton1') &&","            document.querySelector('#testRunButton1').click());","        break;","","","","    // run node js-env code - init-after","    /* istanbul ignore next */","    case 'node':","        local.testCase_buildApidoc_default = local.testCase_buildApidoc_default || function (","            options,","            onError","        ) {","        /*","         * this function will test buildApidoc's default handling-behavior-behavior","         */","            options = { modulePathList: module.paths };","            local.buildApidoc(options, onError);","        };","","        local.testCase_buildApp_default = local.testCase_buildApp_default || function (","            options,","            onError","        ) {","        /*","         * this function will test buildApp's default handling-behavior-behavior","         */","            local.testCase_buildReadme_default(options, local.onErrorThrow);","            local.testCase_buildLib_default(options, local.onErrorThrow);","            local.testCase_buildTest_default(options, local.onErrorThrow);","            local.testCase_buildCustomOrg_default(options, local.onErrorThrow);","            options = [];","            local.buildApp(options, onError);","        };","","        local.testCase_buildCustomOrg_default = local.testCase_buildCustomOrg_default ||","            function (options, onError) {","            /*","             * this function will test buildCustomOrg's default handling-behavior","             */","                options = {};","                local.buildCustomOrg(options, onError);","            };","","        local.testCase_buildLib_default = local.testCase_buildLib_default || function (","            options,","            onError","        ) {","        /*","         * this function will test buildLib's default handling-behavior","         */","            options = {};","            local.buildLib(options, onError);","        };","","        local.testCase_buildReadme_default = local.testCase_buildReadme_default || function (","            options,","            onError","        ) {","        /*","         * this function will test buildReadme's default handling-behavior-behavior","         */","            options = {};","            local.buildReadme(options, onError);","        };","","        local.testCase_buildTest_default = local.testCase_buildTest_default || function (","            options,","            onError","        ) {","        /*","         * this function will test buildTest's default handling-behavior","         */","            options = {};","            local.buildTest(options, onError);","        };","","        local.testCase_webpage_default = local.testCase_webpage_default || function (","            options,","            onError","        ) {","        /*","         * this function will test webpage's default handling-behavior","         */","            options = { modeCoverageMerge: true, url: local.serverLocalHost + '?modeTest=1' };","            local.browserTest(options, onError);","        };","","        // run test-server","        local.testRunServer(local);","        break;","    }","}());",""],"l":{"12":2,"14":2,"19":2,"21":2,"23":2,"24":2,"25":2,"30":1,"37":2,"40":2,"43":1,"47":1,"50":1,"52":1,"55":2,"61":2,"62":2,"64":2,"70":1,"76":1,"82":2,"83":2,"85":2,"91":1,"98":1,"102":1,"105":1,"112":1,"119":1,"120":1,"123":1,"130":1,"131":1,"132":1,"133":1,"134":1,"135":1,"138":1,"143":2,"144":2,"147":1,"154":2,"155":2,"158":1,"165":2,"166":2,"169":1,"176":2,"177":2,"180":1,"187":1,"188":1,"192":1,"193":1}},"/home/travis/build/npmtest/node-npmtest-flatpickr/lib.npmtest_flatpickr.js":{"path":"/home/travis/build/npmtest/node-npmtest-flatpickr/lib.npmtest_flatpickr.js","s":{"1":2,"2":2,"3":2,"4":2,"5":2,"6":2,"7":2,"8":1,"9":2,"10":2,"11":2,"12":2,"13":1,"14":1,"15":1,"16":1},"b":{"1":[2,1,1,1],"2":[1,1,1,1],"3":[1,1],"4":[2,2],"5":[1,1]},"f":{"1":2,"2":2,"3":2},"fnMap":{"1":{"name":"(anonymous_1)","line":12,"loc":{"start":{"line":12,"column":1},"end":{"line":12,"column":13}}},"2":{"name":"(anonymous_2)","line":19,"loc":{"start":{"line":19,"column":5},"end":{"line":19,"column":17}}},"3":{"name":"(anonymous_3)","line":23,"loc":{"start":{"line":23,"column":24},"end":{"line":23,"column":36}}}},"statementMap":{"1":{"start":{"line":12,"column":0},"end":{"line":53,"column":5}},"2":{"start":{"line":14,"column":4},"end":{"line":14,"column":14}},"3":{"start":{"line":19,"column":4},"end":{"line":52,"column":9}},"4":{"start":{"line":21,"column":8},"end":{"line":21,"column":19}},"5":{"start":{"line":23,"column":8},"end":{"line":35,"column":13}},"6":{"start":{"line":24,"column":12},"end":{"line":34,"column":13}},"7":{"start":{"line":25,"column":16},"end":{"line":28,"column":30}},"8":{"start":{"line":30,"column":16},"end":{"line":33,"column":27}},"9":{"start":{"line":37,"column":8},"end":{"line":39,"column":21}},"10":{"start":{"line":41,"column":8},"end":{"line":41,"column":54}},"11":{"start":{"line":43,"column":8},"end":{"line":43,"column":54}},"12":{"start":{"line":45,"column":8},"end":{"line":51,"column":9}},"13":{"start":{"line":46,"column":12},"end":{"line":46,"column":60}},"14":{"start":{"line":48,"column":12},"end":{"line":48,"column":35}},"15":{"start":{"line":49,"column":12},"end":{"line":49,"column":49}},"16":{"start":{"line":50,"column":12},"end":{"line":50,"column":43}}},"branchMap":{"1":{"line":25,"type":"binary-expr","locations":[{"start":{"line":25,"column":23},"end":{"line":25,"column":62}},{"start":{"line":26,"column":20},"end":{"line":26,"column":70}},{"start":{"line":27,"column":20},"end":{"line":27,"column":71}},{"start":{"line":28,"column":20},"end":{"line":28,"column":29}}]},"2":{"line":30,"type":"binary-expr","locations":[{"start":{"line":30,"column":23},"end":{"line":30,"column":37}},{"start":{"line":31,"column":20},"end":{"line":31,"column":61}},{"start":{"line":32,"column":20},"end":{"line":32,"column":70}},{"start":{"line":33,"column":20},"end":{"line":33,"column":26}}]},"3":{"line":37,"type":"cond-expr","locations":[{"start":{"line":38,"column":14},"end":{"line":38,"column":20}},{"start":{"line":39,"column":14},"end":{"line":39,"column":20}}]},"4":{"line":41,"type":"binary-expr","locations":[{"start":{"line":41,"column":16},"end":{"line":41,"column":44}},{"start":{"line":41,"column":48},"end":{"line":41,"column":53}}]},"5":{"line":45,"type":"if","locations":[{"start":{"line":45,"column":8},"end":{"line":45,"column":8}},{"start":{"line":45,"column":8},"end":{"line":45,"column":8}}]}},"code":["/* istanbul instrument in package npmtest_flatpickr */","/*jslint","    bitwise: true,","    browser: true,","    maxerr: 8,","    maxlen: 96,","    node: true,","    nomen: true,","    regexp: true,","    stupid: true","*/","(function () {","    'use strict';","    var local;","","","","    // run shared js-env code - init-before","    (function () {","        // init local","        local = {};","        // init modeJs","        local.modeJs = (function () {","            try {","                return typeof navigator.userAgent === 'string' &&","                    typeof document.querySelector('body') === 'object' &&","                    typeof XMLHttpRequest.prototype.open === 'function' &&","                    'browser';","            } catch (errorCaughtBrowser) {","                return module.exports &&","                    typeof process.versions.node === 'string' &&","                    typeof require('http').createServer === 'function' &&","                    'node';","            }","        }());","        // init global","        local.global = local.modeJs === 'browser'","            ? window","            : global;","        // init utility2_rollup","        local = local.global.utility2_rollup || local;","        // init lib","        local.local = local.npmtest_flatpickr = local;","        // init exports","        if (local.modeJs === 'browser') {","            local.global.utility2_npmtest_flatpickr = local;","        } else {","            module.exports = local;","            module.exports.__dirname = __dirname;","            module.exports.module = module;","        }","    }());","}());",""],"l":{"12":2,"14":2,"19":2,"21":2,"23":2,"24":2,"25":2,"30":1,"37":2,"41":2,"43":2,"45":2,"46":1,"48":1,"49":1,"50":1}},"/home/travis/build/npmtest/node-npmtest-flatpickr/example.js":{"path":"/home/travis/build/npmtest/node-npmtest-flatpickr/example.js","s":{"1":2,"2":2,"3":2,"4":2,"5":2,"6":2,"7":2,"8":1,"9":2,"10":2,"11":2,"12":2,"13":1,"14":2,"15":2,"16":2,"17":2,"18":2,"19":0,"20":2,"21":1,"22":1,"23":1,"24":1,"25":1,"26":0,"27":0,"28":1,"29":1,"30":2,"31":0,"32":0,"33":0,"34":1,"35":2,"36":2,"37":3,"38":3,"39":3,"40":3,"41":0,"42":3,"43":3,"44":3,"45":1,"46":3,"47":1,"48":1,"49":1,"50":1,"51":1,"52":1,"53":1,"54":1,"55":1,"56":1,"57":0,"58":1,"59":6,"60":6,"61":1,"62":2,"63":0,"64":2,"65":1,"66":1,"67":0,"68":0,"69":0,"70":0,"71":0,"72":0,"73":0,"74":0,"75":0,"76":0,"77":0,"78":0,"79":0,"80":0,"81":0,"82":0,"83":0},"b":{"1":[2,1,1,1],"2":[1,1,1,1],"3":[1,1],"4":[2,2],"5":[1,1],"6":[1,1],"7":[2,0],"8":[2,1,1,1,1,1],"9":[0,2,0],"10":[1,1],"11":[2,1,1],"12":[1,0],"13":[0,2],"14":[2,0,0,0,0,0,0],"15":[0,3],"16":[3,0],"17":[1,1],"18":[0,1],"19":[1,2,0,2],"20":[1,0],"21":[1,1],"22":[0,0],"23":[0,0],"24":[0,0],"25":[0,0],"26":[0,0],"27":[0,0],"28":[0,0]},"f":{"1":2,"2":2,"3":2,"4":2,"5":2,"6":2,"7":3,"8":3,"9":3,"10":1,"11":6,"12":0},"fnMap":{"1":{"name":"(anonymous_1)","line":26,"loc":{"start":{"line":26,"column":1},"end":{"line":26,"column":13}}},"2":{"name":"(anonymous_2)","line":33,"loc":{"start":{"line":33,"column":5},"end":{"line":33,"column":17}}},"3":{"name":"(anonymous_3)","line":37,"loc":{"start":{"line":37,"column":24},"end":{"line":37,"column":36}}},"4":{"name":"(anonymous_4)","line":69,"loc":{"start":{"line":69,"column":31},"end":{"line":69,"column":48}},"skip":true},"5":{"name":"(anonymous_5)","line":78,"loc":{"start":{"line":78,"column":26},"end":{"line":78,"column":45}},"skip":true},"6":{"name":"(anonymous_6)","line":123,"loc":{"start":{"line":123,"column":33},"end":{"line":123,"column":48}},"skip":true},"7":{"name":"(anonymous_7)","line":125,"loc":{"start":{"line":125,"column":27},"end":{"line":125,"column":39}},"skip":true},"8":{"name":"(anonymous_8)","line":133,"loc":{"start":{"line":133,"column":59},"end":{"line":133,"column":74}},"skip":true},"9":{"name":"(anonymous_9)","line":143,"loc":{"start":{"line":143,"column":45},"end":{"line":143,"column":62}},"skip":true},"10":{"name":"(anonymous_10)","line":144,"loc":{"start":{"line":144,"column":73},"end":{"line":144,"column":92}},"skip":true},"11":{"name":"(anonymous_11)","line":272,"loc":{"start":{"line":272,"column":51},"end":{"line":272,"column":77}},"skip":true},"12":{"name":"(anonymous_12)","line":315,"loc":{"start":{"line":315,"column":32},"end":{"line":315,"column":61}},"skip":true}},"statementMap":{"1":{"start":{"line":26,"column":0},"end":{"line":326,"column":5}},"2":{"start":{"line":28,"column":4},"end":{"line":28,"column":14}},"3":{"start":{"line":33,"column":4},"end":{"line":60,"column":9}},"4":{"start":{"line":35,"column":8},"end":{"line":35,"column":19}},"5":{"start":{"line":37,"column":8},"end":{"line":49,"column":13}},"6":{"start":{"line":38,"column":12},"end":{"line":48,"column":13}},"7":{"start":{"line":39,"column":16},"end":{"line":42,"column":30}},"8":{"start":{"line":44,"column":16},"end":{"line":47,"column":27}},"9":{"start":{"line":51,"column":8},"end":{"line":53,"column":21}},"10":{"start":{"line":55,"column":8},"end":{"line":57,"column":45}},"11":{"start":{"line":59,"column":8},"end":{"line":59,"column":35}},"12":{"start":{"line":61,"column":4},"end":{"line":325,"column":5}},"13":{"start":{"line":69,"column":8},"end":{"line":121,"column":10},"skip":true},"14":{"start":{"line":70,"column":12},"end":{"line":88,"column":13},"skip":true},"15":{"start":{"line":76,"column":16},"end":{"line":87,"column":19},"skip":true},"16":{"start":{"line":79,"column":20},"end":{"line":86,"column":21},"skip":true},"17":{"start":{"line":82,"column":24},"end":{"line":82,"column":43},"skip":true},"18":{"start":{"line":83,"column":24},"end":{"line":83,"column":30},"skip":true},"19":{"start":{"line":85,"column":24},"end":{"line":85,"column":49},"skip":true},"20":{"start":{"line":89,"column":12},"end":{"line":107,"column":13},"skip":true},"21":{"start":{"line":92,"column":16},"end":{"line":102,"column":17},"skip":true},"22":{"start":{"line":93,"column":20},"end":{"line":93,"column":86},"skip":true},"23":{"start":{"line":94,"column":20},"end":{"line":95,"column":45},"skip":true},"24":{"start":{"line":96,"column":20},"end":{"line":96,"column":42},"skip":true},"25":{"start":{"line":97,"column":20},"end":{"line":97,"column":48},"skip":true},"26":{"start":{"line":100,"column":20},"end":{"line":100,"column":85},"skip":true},"27":{"start":{"line":101,"column":20},"end":{"line":101,"column":96},"skip":true},"28":{"start":{"line":103,"column":16},"end":{"line":103,"column":22},"skip":true},"29":{"start":{"line":106,"column":16},"end":{"line":106,"column":22},"skip":true},"30":{"start":{"line":108,"column":12},"end":{"line":120,"column":13},"skip":true},"31":{"start":{"line":114,"column":16},"end":{"line":119,"column":17},"skip":true},"32":{"start":{"line":116,"column":20},"end":{"line":116,"column":78},"skip":true},"33":{"start":{"line":118,"column":20},"end":{"line":118,"column":47},"skip":true},"34":{"start":{"line":123,"column":8},"end":{"line":141,"column":11},"skip":true},"35":{"start":{"line":124,"column":12},"end":{"line":124,"column":54},"skip":true},"36":{"start":{"line":125,"column":12},"end":{"line":140,"column":14},"skip":true},"37":{"start":{"line":126,"column":16},"end":{"line":126,"column":28},"skip":true},"38":{"start":{"line":127,"column":16},"end":{"line":127,"column":69},"skip":true},"39":{"start":{"line":128,"column":16},"end":{"line":128,"column":75},"skip":true},"40":{"start":{"line":129,"column":16},"end":{"line":131,"column":17},"skip":true},"41":{"start":{"line":130,"column":20},"end":{"line":130,"column":27},"skip":true},"42":{"start":{"line":133,"column":16},"end":{"line":137,"column":36},"skip":true},"43":{"start":{"line":134,"column":20},"end":{"line":136,"column":55},"skip":true},"44":{"start":{"line":139,"column":16},"end":{"line":139,"column":57},"skip":true},"45":{"start":{"line":143,"column":8},"end":{"line":147,"column":11},"skip":true},"46":{"start":{"line":144,"column":12},"end":{"line":146,"column":15},"skip":true},"47":{"start":{"line":145,"column":16},"end":{"line":145,"column":70},"skip":true},"48":{"start":{"line":149,"column":8},"end":{"line":149,"column":31},"skip":true},"49":{"start":{"line":150,"column":8},"end":{"line":150,"column":14},"skip":true},"50":{"start":{"line":158,"column":8},"end":{"line":158,"column":31},"skip":true},"51":{"start":{"line":160,"column":8},"end":{"line":160,"column":33},"skip":true},"52":{"start":{"line":161,"column":8},"end":{"line":161,"column":37},"skip":true},"53":{"start":{"line":162,"column":8},"end":{"line":162,"column":35},"skip":true},"54":{"start":{"line":164,"column":8},"end":{"line":164,"column":50},"skip":true},"55":{"start":{"line":166,"column":8},"end":{"line":256,"column":2},"skip":true},"56":{"start":{"line":258,"column":8},"end":{"line":286,"column":9},"skip":true},"57":{"start":{"line":259,"column":12},"end":{"line":269,"column":14},"skip":true},"58":{"start":{"line":271,"column":12},"end":{"line":285,"column":19},"skip":true},"59":{"start":{"line":274,"column":20},"end":{"line":274,"column":35},"skip":true},"60":{"start":{"line":275,"column":20},"end":{"line":284,"column":21},"skip":true},"61":{"start":{"line":277,"column":24},"end":{"line":277,"column":64},"skip":true},"62":{"start":{"line":279,"column":24},"end":{"line":279,"column":40},"skip":true},"63":{"start":{"line":281,"column":24},"end":{"line":281,"column":40},"skip":true},"64":{"start":{"line":283,"column":24},"end":{"line":283,"column":39},"skip":true},"65":{"start":{"line":288,"column":8},"end":{"line":290,"column":9},"skip":true},"66":{"start":{"line":289,"column":12},"end":{"line":289,"column":18},"skip":true},"67":{"start":{"line":291,"column":8},"end":{"line":293,"column":54},"skip":true},"68":{"start":{"line":296,"column":8},"end":{"line":301,"column":37},"skip":true},"69":{"start":{"line":303,"column":8},"end":{"line":303,"column":82},"skip":true},"70":{"start":{"line":306,"column":8},"end":{"line":308,"column":9},"skip":true},"71":{"start":{"line":307,"column":12},"end":{"line":307,"column":82},"skip":true},"72":{"start":{"line":310,"column":8},"end":{"line":312,"column":9},"skip":true},"73":{"start":{"line":311,"column":12},"end":{"line":311,"column":18},"skip":true},"74":{"start":{"line":313,"column":8},"end":{"line":313,"column":54},"skip":true},"75":{"start":{"line":314,"column":8},"end":{"line":314,"column":69},"skip":true},"76":{"start":{"line":315,"column":8},"end":{"line":323,"column":36},"skip":true},"77":{"start":{"line":316,"column":12},"end":{"line":316,"column":61},"skip":true},"78":{"start":{"line":317,"column":12},"end":{"line":320,"column":13},"skip":true},"79":{"start":{"line":318,"column":16},"end":{"line":318,"column":75},"skip":true},"80":{"start":{"line":319,"column":16},"end":{"line":319,"column":23},"skip":true},"81":{"start":{"line":321,"column":12},"end":{"line":321,"column":38},"skip":true},"82":{"start":{"line":322,"column":12},"end":{"line":322,"column":27},"skip":true},"83":{"start":{"line":324,"column":8},"end":{"line":324,"column":14},"skip":true}},"branchMap":{"1":{"line":39,"type":"binary-expr","locations":[{"start":{"line":39,"column":23},"end":{"line":39,"column":62}},{"start":{"line":40,"column":20},"end":{"line":40,"column":70}},{"start":{"line":41,"column":20},"end":{"line":41,"column":71}},{"start":{"line":42,"column":20},"end":{"line":42,"column":29}}]},"2":{"line":44,"type":"binary-expr","locations":[{"start":{"line":44,"column":23},"end":{"line":44,"column":37}},{"start":{"line":45,"column":20},"end":{"line":45,"column":61}},{"start":{"line":46,"column":20},"end":{"line":46,"column":70}},{"start":{"line":47,"column":20},"end":{"line":47,"column":26}}]},"3":{"line":51,"type":"cond-expr","locations":[{"start":{"line":52,"column":14},"end":{"line":52,"column":20}},{"start":{"line":53,"column":14},"end":{"line":53,"column":20}}]},"4":{"line":55,"type":"binary-expr","locations":[{"start":{"line":55,"column":16},"end":{"line":55,"column":44}},{"start":{"line":55,"column":49},"end":{"line":57,"column":43}}]},"5":{"line":55,"type":"cond-expr","locations":[{"start":{"line":56,"column":14},"end":{"line":56,"column":53}},{"start":{"line":57,"column":14},"end":{"line":57,"column":43}}]},"6":{"line":61,"type":"switch","locations":[{"start":{"line":68,"column":4},"end":{"line":150,"column":14},"skip":true},{"start":{"line":156,"column":4},"end":{"line":324,"column":14},"skip":true}]},"7":{"line":70,"type":"if","locations":[{"start":{"line":70,"column":12},"end":{"line":70,"column":12},"skip":true},{"start":{"line":70,"column":12},"end":{"line":70,"column":12},"skip":true}]},"8":{"line":70,"type":"binary-expr","locations":[{"start":{"line":70,"column":16},"end":{"line":70,"column":22},"skip":true},{"start":{"line":70,"column":27},"end":{"line":70,"column":32},"skip":true},{"start":{"line":71,"column":20},"end":{"line":71,"column":39},"skip":true},{"start":{"line":72,"column":20},"end":{"line":72,"column":49},"skip":true},{"start":{"line":73,"column":20},"end":{"line":73,"column":58},"skip":true},{"start":{"line":74,"column":20},"end":{"line":74,"column":69},"skip":true}]},"9":{"line":79,"type":"switch","locations":[{"start":{"line":80,"column":20},"end":{"line":80,"column":33},"skip":true},{"start":{"line":81,"column":20},"end":{"line":83,"column":30},"skip":true},{"start":{"line":84,"column":20},"end":{"line":85,"column":49},"skip":true}]},"10":{"line":89,"type":"switch","locations":[{"start":{"line":90,"column":12},"end":{"line":103,"column":22},"skip":true},{"start":{"line":105,"column":12},"end":{"line":106,"column":22},"skip":true}]},"11":{"line":89,"type":"binary-expr","locations":[{"start":{"line":89,"column":20},"end":{"line":89,"column":25},"skip":true},{"start":{"line":89,"column":29},"end":{"line":89,"column":48},"skip":true},{"start":{"line":89,"column":52},"end":{"line":89,"column":74},"skip":true}]},"12":{"line":92,"type":"if","locations":[{"start":{"line":92,"column":16},"end":{"line":92,"column":16},"skip":true},{"start":{"line":92,"column":16},"end":{"line":92,"column":16},"skip":true}]},"13":{"line":108,"type":"if","locations":[{"start":{"line":108,"column":12},"end":{"line":108,"column":12},"skip":true},{"start":{"line":108,"column":12},"end":{"line":108,"column":12},"skip":true}]},"14":{"line":108,"type":"binary-expr","locations":[{"start":{"line":108,"column":16},"end":{"line":108,"column":61},"skip":true},{"start":{"line":108,"column":66},"end":{"line":108,"column":72},"skip":true},{"start":{"line":108,"column":77},"end":{"line":108,"column":82},"skip":true},{"start":{"line":109,"column":20},"end":{"line":109,"column":39},"skip":true},{"start":{"line":110,"column":20},"end":{"line":110,"column":49},"skip":true},{"start":{"line":111,"column":20},"end":{"line":111,"column":58},"skip":true},{"start":{"line":112,"column":20},"end":{"line":112,"column":68},"skip":true}]},"15":{"line":129,"type":"if","locations":[{"start":{"line":129,"column":16},"end":{"line":129,"column":16},"skip":true},{"start":{"line":129,"column":16},"end":{"line":129,"column":16},"skip":true}]},"16":{"line":134,"type":"cond-expr","locations":[{"start":{"line":135,"column":26},"end":{"line":135,"column":29},"skip":true},{"start":{"line":136,"column":26},"end":{"line":136,"column":54},"skip":true}]},"17":{"line":164,"type":"binary-expr","locations":[{"start":{"line":164,"column":27},"end":{"line":164,"column":43},"skip":true},{"start":{"line":164,"column":47},"end":{"line":164,"column":49},"skip":true}]},"18":{"line":258,"type":"if","locations":[{"start":{"line":258,"column":8},"end":{"line":258,"column":8},"skip":true},{"start":{"line":258,"column":8},"end":{"line":258,"column":8},"skip":true}]},"19":{"line":275,"type":"switch","locations":[{"start":{"line":276,"column":20},"end":{"line":277,"column":64},"skip":true},{"start":{"line":278,"column":20},"end":{"line":279,"column":40},"skip":true},{"start":{"line":280,"column":20},"end":{"line":281,"column":40},"skip":true},{"start":{"line":282,"column":20},"end":{"line":283,"column":39},"skip":true}]},"20":{"line":288,"type":"if","locations":[{"start":{"line":288,"column":8},"end":{"line":288,"column":8},"skip":true},{"start":{"line":288,"column":8},"end":{"line":288,"column":8},"skip":true}]},"21":{"line":288,"type":"binary-expr","locations":[{"start":{"line":288,"column":12},"end":{"line":288,"column":40},"skip":true},{"start":{"line":288,"column":44},"end":{"line":288,"column":67},"skip":true}]},"22":{"line":292,"type":"binary-expr","locations":[{"start":{"line":292,"column":12},"end":{"line":292,"column":50},"skip":true},{"start":{"line":293,"column":12},"end":{"line":293,"column":53},"skip":true}]},"23":{"line":297,"type":"binary-expr","locations":[{"start":{"line":297,"column":12},"end":{"line":297,"column":67},"skip":true},{"start":{"line":298,"column":12},"end":{"line":301,"column":36},"skip":true}]},"24":{"line":303,"type":"binary-expr","locations":[{"start":{"line":303,"column":43},"end":{"line":303,"column":75},"skip":true},{"start":{"line":303,"column":79},"end":{"line":303,"column":81},"skip":true}]},"25":{"line":306,"type":"if","locations":[{"start":{"line":306,"column":8},"end":{"line":306,"column":8},"skip":true},{"start":{"line":306,"column":8},"end":{"line":306,"column":8},"skip":true}]},"26":{"line":310,"type":"if","locations":[{"start":{"line":310,"column":8},"end":{"line":310,"column":8},"skip":true},{"start":{"line":310,"column":8},"end":{"line":310,"column":8},"skip":true}]},"27":{"line":313,"type":"binary-expr","locations":[{"start":{"line":313,"column":27},"end":{"line":313,"column":43},"skip":true},{"start":{"line":313,"column":47},"end":{"line":313,"column":53},"skip":true}]},"28":{"line":317,"type":"if","locations":[{"start":{"line":317,"column":12},"end":{"line":317,"column":12},"skip":true},{"start":{"line":317,"column":12},"end":{"line":317,"column":12},"skip":true}]}},"code":["/*","example.js","","quickstart example","","instruction","    1. save this script as example.js","    2. run the shell command:","        $ npm install npmtest-flatpickr && PORT=8081 node example.js","    3. play with the browser-demo on http://127.0.0.1:8081","*/","","","","/* istanbul instrument in package npmtest_flatpickr */","/*jslint","    bitwise: true,","    browser: true,","    maxerr: 8,","    maxlen: 96,","    node: true,","    nomen: true,","    regexp: true,","    stupid: true","*/","(function () {","    'use strict';","    var local;","","","","    // run shared js-env code - init-before","    (function () {","        // init local","        local = {};","        // init modeJs","        local.modeJs = (function () {","            try {","                return typeof navigator.userAgent === 'string' &&","                    typeof document.querySelector('body') === 'object' &&","                    typeof XMLHttpRequest.prototype.open === 'function' &&","                    'browser';","            } catch (errorCaughtBrowser) {","                return module.exports &&","                    typeof process.versions.node === 'string' &&","                    typeof require('http').createServer === 'function' &&","                    'node';","            }","        }());","        // init global","        local.global = local.modeJs === 'browser'","            ? window","            : global;","        // init utility2_rollup","        local = local.global.utility2_rollup || (local.modeJs === 'browser'","            ? local.global.utility2_npmtest_flatpickr","            : global.utility2_moduleExports);","        // export local","        local.global.local = local;","    }());","    switch (local.modeJs) {","","","","    // init-after","    // run browser js-env code - init-after","    /* istanbul ignore next */","    case 'browser':","        local.testRunBrowser = function (event) {","            if (!event || (event &&","                    event.currentTarget &&","                    event.currentTarget.className &&","                    event.currentTarget.className.includes &&","                    event.currentTarget.className.includes('onreset'))) {","                // reset output","                Array.from(","                    document.querySelectorAll('body > .resettable')","                ).forEach(function (element) {","                    switch (element.tagName) {","                    case 'INPUT':","                    case 'TEXTAREA':","                        element.value = '';","                        break;","                    default:","                        element.textContent = '';","                    }","                });","            }","            switch (event && event.currentTarget && event.currentTarget.id) {","            case 'testRunButton1':","                // show tests","                if (document.querySelector('#testReportDiv1').style.display === 'none') {","                    document.querySelector('#testReportDiv1').style.display = 'block';","                    document.querySelector('#testRunButton1').textContent =","                        'hide internal test';","                    local.modeTest = true;","                    local.testRunDefault(local);","                // hide tests","                } else {","                    document.querySelector('#testReportDiv1').style.display = 'none';","                    document.querySelector('#testRunButton1').textContent = 'run internal test';","                }","                break;","            // custom-case","            default:","                break;","            }","            if (document.querySelector('#inputTextareaEval1') && (!event || (event &&","                    event.currentTarget &&","                    event.currentTarget.className &&","                    event.currentTarget.className.includes &&","                    event.currentTarget.className.includes('oneval')))) {","                // try to eval input-code","                try {","                    /*jslint evil: true*/","                    eval(document.querySelector('#inputTextareaEval1').value);","                } catch (errorCaught) {","                    console.error(errorCaught);","                }","            }","        };","        // log stderr and stdout to #outputTextareaStdout1","        ['error', 'log'].forEach(function (key) {","            console[key + '_original'] = console[key];","            console[key] = function () {","                var element;","                console[key + '_original'].apply(console, arguments);","                element = document.querySelector('#outputTextareaStdout1');","                if (!element) {","                    return;","                }","                // append text to #outputTextareaStdout1","                element.value += Array.from(arguments).map(function (arg) {","                    return typeof arg === 'string'","                        ? arg","                        : JSON.stringify(arg, null, 4);","                }).join(' ') + '\\n';","                // scroll textarea to bottom","                element.scrollTop = element.scrollHeight;","            };","        });","        // init event-handling","        ['change', 'click', 'keyup'].forEach(function (event) {","            Array.from(document.querySelectorAll('.on' + event)).forEach(function (element) {","                element.addEventListener(event, local.testRunBrowser);","            });","        });","        // run tests","        local.testRunBrowser();","        break;","","","","    // run node js-env code - init-after","    /* istanbul ignore next */","    case 'node':","        // export local","        module.exports = local;","        // require modules","        local.fs = require('fs');","        local.http = require('http');","        local.url = require('url');","        // init assets","        local.assetsDict = local.assetsDict || {};","        /* jslint-ignore-begin */","        local.assetsDict['/assets.index.template.html'] = '\\","<!doctype html>\\n\\","<html lang=\"en\">\\n\\","<head>\\n\\","<meta charset=\"UTF-8\">\\n\\","<meta name=\"viewport\" content=\"width=device-width, initial-scale=1\">\\n\\","<title>{{env.npm_package_name}} (v{{env.npm_package_version}})</title>\\n\\","<style>\\n\\","/*csslint\\n\\","    box-sizing: false,\\n\\","    universal-selector: false\\n\\","*/\\n\\","* {\\n\\","    box-sizing: border-box;\\n\\","}\\n\\","body {\\n\\","    background: #dde;\\n\\","    font-family: Arial, Helvetica, sans-serif;\\n\\","    margin: 2rem;\\n\\","}\\n\\","body > * {\\n\\","    margin-bottom: 1rem;\\n\\","}\\n\\",".utility2FooterDiv {\\n\\","    margin-top: 20px;\\n\\","    text-align: center;\\n\\","}\\n\\","</style>\\n\\","<style>\\n\\","/*csslint\\n\\","*/\\n\\","textarea {\\n\\","    font-family: monospace;\\n\\","    height: 10rem;\\n\\","    width: 100%;\\n\\","}\\n\\","textarea[readonly] {\\n\\","    background: #ddd;\\n\\","}\\n\\","</style>\\n\\","</head>\\n\\","<body>\\n\\","<!-- utility2-comment\\n\\","<div id=\"ajaxProgressDiv1\" style=\"background: #d00; height: 2px; left: 0; margin: 0; padding: 0; position: fixed; top: 0; transition: background 0.5s, width 1.5s; width: 25%;\"></div>\\n\\","utility2-comment -->\\n\\","<h1>\\n\\","<!-- utility2-comment\\n\\","    <a\\n\\","        {{#if env.npm_package_homepage}}\\n\\","        href=\"{{env.npm_package_homepage}}\"\\n\\","        {{/if env.npm_package_homepage}}\\n\\","        target=\"_blank\"\\n\\","    >\\n\\","utility2-comment -->\\n\\","        {{env.npm_package_name}} (v{{env.npm_package_version}})\\n\\","<!-- utility2-comment\\n\\","    </a>\\n\\","utility2-comment -->\\n\\","</h1>\\n\\","<h3>{{env.npm_package_description}}</h3>\\n\\","<!-- utility2-comment\\n\\","<h4><a download href=\"assets.app.js\">download standalone app</a></h4>\\n\\","<button class=\"onclick onreset\" id=\"testRunButton1\">run internal test</button><br>\\n\\","<div id=\"testReportDiv1\" style=\"display: none;\"></div>\\n\\","utility2-comment -->\\n\\","\\n\\","\\n\\","\\n\\","<label>stderr and stdout</label>\\n\\","<textarea class=\"resettable\" id=\"outputTextareaStdout1\" readonly></textarea>\\n\\","<!-- utility2-comment\\n\\","{{#if isRollup}}\\n\\","<script src=\"assets.app.js\"></script>\\n\\","{{#unless isRollup}}\\n\\","utility2-comment -->\\n\\","<script src=\"assets.utility2.rollup.js\"></script>\\n\\","<script src=\"jsonp.utility2._stateInit?callback=window.utility2._stateInit\"></script>\\n\\","<script src=\"assets.npmtest_flatpickr.rollup.js\"></script>\\n\\","<script src=\"assets.example.js\"></script>\\n\\","<script src=\"assets.test.js\"></script>\\n\\","<!-- utility2-comment\\n\\","{{/if isRollup}}\\n\\","utility2-comment -->\\n\\","<div class=\"utility2FooterDiv\">\\n\\","    [ this app was created with\\n\\","    <a href=\"https://github.com/kaizhu256/node-utility2\" target=\"_blank\">utility2</a>\\n\\","    ]\\n\\","</div>\\n\\","</body>\\n\\","</html>\\n\\","';","        /* jslint-ignore-end */","        if (local.templateRender) {","            local.assetsDict['/'] = local.templateRender(","                local.assetsDict['/assets.index.template.html'],","                {","                    env: local.objectSetDefault(local.env, {","                        npm_package_description: 'the greatest app in the world!',","                        npm_package_name: 'my-app',","                        npm_package_nameAlias: 'my_app',","                        npm_package_version: '0.0.1'","                    })","                }","            );","        } else {","            local.assetsDict['/'] = local.assetsDict['/assets.index.template.html']","                .replace((/\\{\\{env\\.(\\w+?)\\}\\}/g), function (match0, match1) {","                    // jslint-hack","                    String(match0);","                    switch (match1) {","                    case 'npm_package_description':","                        return 'the greatest app in the world!';","                    case 'npm_package_name':","                        return 'my-app';","                    case 'npm_package_nameAlias':","                        return 'my_app';","                    case 'npm_package_version':","                        return '0.0.1';","                    }","                });","        }","        // run the cli","        if (local.global.utility2_rollup || module !== require.main) {","            break;","        }","        local.assetsDict['/assets.example.js'] =","            local.assetsDict['/assets.example.js'] ||","            local.fs.readFileSync(__filename, 'utf8');","        // bug-workaround - long $npm_package_buildCustomOrg","        /* jslint-ignore-begin */","        local.assetsDict['/assets.npmtest_flatpickr.rollup.js'] =","            local.assetsDict['/assets.npmtest_flatpickr.rollup.js'] ||","            local.fs.readFileSync(","                local.npmtest_flatpickr.__dirname + '/lib.npmtest_flatpickr.js',","                'utf8'","            ).replace((/^#!/), '//');","        /* jslint-ignore-end */","        local.assetsDict['/favicon.ico'] = local.assetsDict['/favicon.ico'] || '';","        // if $npm_config_timeout_exit exists,","        // then exit this process after $npm_config_timeout_exit ms","        if (Number(process.env.npm_config_timeout_exit)) {","            setTimeout(process.exit, Number(process.env.npm_config_timeout_exit));","        }","        // start server","        if (local.global.utility2_serverHttp1) {","            break;","        }","        process.env.PORT = process.env.PORT || '8081';","        console.error('server starting on port ' + process.env.PORT);","        local.http.createServer(function (request, response) {","            request.urlParsed = local.url.parse(request.url);","            if (local.assetsDict[request.urlParsed.pathname] !== undefined) {","                response.end(local.assetsDict[request.urlParsed.pathname]);","                return;","            }","            response.statusCode = 404;","            response.end();","        }).listen(process.env.PORT);","        break;","    }","}());",""],"l":{"26":2,"28":2,"33":2,"35":2,"37":2,"38":2,"39":2,"44":1,"51":2,"55":2,"59":2,"61":2,"69":1,"70":2,"76":2,"79":2,"82":2,"83":2,"85":1,"89":2,"92":1,"93":1,"94":1,"96":1,"97":1,"100":1,"101":1,"103":1,"106":1,"108":2,"114":1,"116":1,"118":1,"123":1,"124":2,"125":2,"126":3,"127":3,"128":3,"129":3,"130":1,"133":3,"134":3,"139":3,"143":1,"144":3,"145":1,"149":1,"150":1,"158":1,"160":1,"161":1,"162":1,"164":1,"166":1,"258":1,"259":1,"271":1,"274":6,"275":6,"277":1,"279":2,"281":1,"283":2,"288":1,"289":1,"291":1,"296":1,"303":1,"306":1,"307":1,"310":1,"311":1,"313":1,"314":1,"315":1,"316":1,"317":1,"318":1,"319":1,"321":1,"322":1,"324":1}},"/home/travis/build/npmtest/node-npmtest-flatpickr/node_modules/flatpickr/dist/flatpickr.js":{"path":"/home/travis/build/npmtest/node-npmtest-flatpickr/node_modules/flatpickr/dist/flatpickr.js","s":{"1":2,"2":0,"3":0,"4":0,"5":0,"6":0,"7":0,"8":2,"9":0,"10":0,"11":1,"12":0,"13":0,"14":0,"15":0,"16":0,"17":0,"18":0,"19":0,"20":0,"21":0,"22":0,"23":0,"24":0,"25":0,"26":0,"27":0,"28":1,"29":0,"30":0,"31":0,"32":0,"33":0,"34":0,"35":0,"36":0,"37":0,"38":0,"39":0,"40":0,"41":0,"42":0,"43":0,"44":0,"45":0,"46":0,"47":0,"48":0,"49":0,"50":0,"51":0,"52":0,"53":0,"54":0,"55":0,"56":0,"57":1,"58":0,"59":1,"60":0,"61":0,"62":0,"63":0,"64":0,"65":0,"66":0,"67":0,"68":0,"69":0,"70":0,"71":1,"72":0,"73":0,"74":0,"75":0,"76":0,"77":0,"78":0,"79":0,"80":0,"81":0,"82":0,"83":0,"84":0,"85":0,"86":1,"87":0,"88":0,"89":0,"90":1,"91":0,"92":0,"93":0,"94":0,"95":0,"96":0,"97":0,"98":0,"99":0,"100":0,"101":1,"102":0,"103":0,"104":0,"105":0,"106":0,"107":0,"108":0,"109":1,"110":0,"111":0,"112":0,"113":0,"114":0,"115":0,"116":0,"117":0,"118":1,"119":0,"120":0,"121":1,"122":0,"123":0,"124":0,"125":0,"126":0,"127":0,"128":0,"129":0,"130":0,"131":0,"132":0,"133":0,"134":0,"135":0,"136":0,"137":0,"138":0,"139":0,"140":0,"141":0,"142":0,"143":0,"144":0,"145":0,"146":0,"147":0,"148":0,"149":0,"150":0,"151":0,"152":0,"153":0,"154":0,"155":0,"156":0,"157":0,"158":0,"159":0,"160":0,"161":0,"162":0,"163":0,"164":0,"165":0,"166":0,"167":0,"168":0,"169":0,"170":0,"171":0,"172":0,"173":0,"174":0,"175":0,"176":0,"177":0,"178":0,"179":0,"180":1,"181":0,"182":0,"183":0,"184":0,"185":0,"186":0,"187":0,"188":0,"189":0,"190":0,"191":0,"192":1,"193":0,"194":0,"195":0,"196":0,"197":0,"198":0,"199":0,"200":0,"201":0,"202":0,"203":1,"204":0,"205":0,"206":0,"207":0,"208":0,"209":0,"210":0,"211":1,"212":0,"213":0,"214":1,"215":0,"216":0,"217":0,"218":0,"219":1,"220":0,"221":0,"222":0,"223":0,"224":0,"225":0,"226":0,"227":1,"228":0,"229":0,"230":0,"231":0,"232":0,"233":0,"234":0,"235":0,"236":0,"237":0,"238":0,"239":0,"240":0,"241":0,"242":0,"243":0,"244":0,"245":0,"246":0,"247":0,"248":0,"249":0,"250":0,"251":0,"252":0,"253":0,"254":0,"255":0,"256":0,"257":0,"258":0,"259":0,"260":0,"261":0,"262":0,"263":0,"264":1,"265":0,"266":0,"267":0,"268":0,"269":0,"270":0,"271":0,"272":0,"273":0,"274":0,"275":0,"276":0,"277":0,"278":0,"279":0,"280":0,"281":0,"282":0,"283":0,"284":0,"285":0,"286":0,"287":0,"288":0,"289":0,"290":0,"291":0,"292":0,"293":0,"294":1,"295":0,"296":0,"297":0,"298":0,"299":0,"300":0,"301":0,"302":0,"303":0,"304":0,"305":0,"306":0,"307":0,"308":0,"309":1,"310":0,"311":0,"312":0,"313":1,"314":0,"315":0,"316":0,"317":0,"318":0,"319":0,"320":0,"321":0,"322":0,"323":0,"324":0,"325":0,"326":0,"327":0,"328":0,"329":0,"330":0,"331":0,"332":0,"333":0,"334":0,"335":0,"336":0,"337":0,"338":0,"339":0,"340":0,"341":0,"342":0,"343":0,"344":0,"345":0,"346":1,"347":0,"348":0,"349":1,"350":0,"351":0,"352":0,"353":0,"354":0,"355":0,"356":0,"357":0,"358":0,"359":0,"360":0,"361":0,"362":0,"363":0,"364":0,"365":0,"366":0,"367":0,"368":0,"369":0,"370":0,"371":0,"372":0,"373":0,"374":0,"375":0,"376":0,"377":0,"378":0,"379":0,"380":0,"381":0,"382":0,"383":0,"384":0,"385":1,"386":0,"387":0,"388":0,"389":0,"390":0,"391":0,"392":0,"393":0,"394":0,"395":0,"396":0,"397":0,"398":0,"399":0,"400":0,"401":0,"402":0,"403":0,"404":0,"405":0,"406":0,"407":0,"408":0,"409":0,"410":0,"411":0,"412":0,"413":0,"414":0,"415":0,"416":0,"417":0,"418":0,"419":0,"420":0,"421":0,"422":0,"423":0,"424":0,"425":0,"426":0,"427":1,"428":0,"429":0,"430":0,"431":0,"432":0,"433":0,"434":0,"435":0,"436":1,"437":0,"438":0,"439":0,"440":0,"441":0,"442":0,"443":1,"444":0,"445":0,"446":0,"447":0,"448":0,"449":0,"450":0,"451":0,"452":0,"453":0,"454":0,"455":0,"456":0,"457":0,"458":0,"459":0,"460":0,"461":0,"462":0,"463":0,"464":0,"465":0,"466":0,"467":0,"468":0,"469":0,"470":0,"471":0,"472":0,"473":0,"474":0,"475":0,"476":0,"477":0,"478":0,"479":0,"480":0,"481":0,"482":0,"483":0,"484":0,"485":0,"486":1,"487":0,"488":0,"489":0,"490":0,"491":0,"492":0,"493":0,"494":0,"495":0,"496":0,"497":0,"498":1,"499":0,"500":0,"501":0,"502":0,"503":0,"504":1,"505":0,"506":0,"507":0,"508":0,"509":0,"510":0,"511":0,"512":0,"513":0,"514":0,"515":0,"516":0,"517":0,"518":0,"519":0,"520":0,"521":0,"522":0,"523":0,"524":0,"525":0,"526":0,"527":0,"528":1,"529":0,"530":0,"531":0,"532":1,"533":0,"534":0,"535":0,"536":0,"537":0,"538":0,"539":0,"540":0,"541":0,"542":0,"543":0,"544":1,"545":0,"546":0,"547":0,"548":0,"549":0,"550":0,"551":0,"552":0,"553":0,"554":0,"555":0,"556":1,"557":0,"558":0,"559":0,"560":0,"561":0,"562":0,"563":0,"564":0,"565":0,"566":0,"567":0,"568":0,"569":0,"570":0,"571":0,"572":0,"573":0,"574":1,"575":0,"576":0,"577":0,"578":0,"579":0,"580":0,"581":0,"582":0,"583":0,"584":0,"585":0,"586":0,"587":0,"588":0,"589":0,"590":0,"591":0,"592":0,"593":0,"594":0,"595":0,"596":0,"597":0,"598":0,"599":0,"600":0,"601":0,"602":0,"603":0,"604":0,"605":0,"606":0,"607":0,"608":0,"609":0,"610":0,"611":0,"612":0,"613":0,"614":0,"615":0,"616":0,"617":0,"618":0,"619":0,"620":0,"621":0,"622":0,"623":0,"624":0,"625":0,"626":0,"627":0,"628":0,"629":0,"630":0,"631":0,"632":0,"633":0,"634":0,"635":0,"636":1,"637":0,"638":0,"639":0,"640":0,"641":0,"642":0,"643":0,"644":0,"645":0,"646":0,"647":0,"648":0,"649":0,"650":0,"651":0,"652":0,"653":0,"654":0,"655":0,"656":0,"657":0,"658":0,"659":0,"660":0,"661":0,"662":0,"663":0,"664":0,"665":0,"666":0,"667":1,"668":0,"669":0,"670":1,"671":0,"672":0,"673":0,"674":0,"675":0,"676":0,"677":0,"678":0,"679":0,"680":0,"681":0,"682":0,"683":0,"684":0,"685":0,"686":1,"687":0,"688":0,"689":0,"690":0,"691":0,"692":0,"693":0,"694":0,"695":0,"696":0,"697":0,"698":0,"699":0,"700":0,"701":0,"702":0,"703":0,"704":0,"705":1,"706":0,"707":0,"708":0,"709":0,"710":0,"711":0,"712":0,"713":0,"714":0,"715":0,"716":0,"717":0,"718":0,"719":0,"720":0,"721":0,"722":0,"723":0,"724":0,"725":0,"726":0,"727":0,"728":0,"729":0,"730":0,"731":0,"732":0,"733":0,"734":0,"735":0,"736":1,"737":0,"738":0,"739":0,"740":1,"741":0,"742":0,"743":0,"744":0,"745":0,"746":0,"747":0,"748":0,"749":0,"750":0,"751":0,"752":0,"753":0,"754":0,"755":0,"756":0,"757":0,"758":0,"759":0,"760":0,"761":1,"762":0,"763":0,"764":0,"765":0,"766":0,"767":1,"768":0,"769":0,"770":0,"771":0,"772":0,"773":0,"774":0,"775":0,"776":0,"777":0,"778":0,"779":0,"780":0,"781":0,"782":0,"783":0,"784":0,"785":0,"786":0,"787":0,"788":0,"789":0,"790":0,"791":0,"792":0,"793":0,"794":0,"795":0,"796":0,"797":0,"798":0,"799":0,"800":0,"801":0,"802":0,"803":0,"804":0,"805":0,"806":0,"807":0,"808":0,"809":0,"810":0,"811":0,"812":0,"813":0,"814":0,"815":0,"816":0,"817":0,"818":0,"819":0,"820":0,"821":1,"822":0,"823":0,"824":0,"825":1,"826":0,"827":0,"828":0,"829":0,"830":0,"831":0,"832":0,"833":0,"834":0,"835":0,"836":0,"837":0,"838":0,"839":0,"840":0,"841":0,"842":0,"843":0,"844":0,"845":0,"846":1,"847":0,"848":0,"849":0,"850":0,"851":0,"852":0,"853":0,"854":0,"855":0,"856":0,"857":0,"858":1,"859":1,"860":0,"861":0,"862":0,"863":0,"864":0,"865":0,"866":0,"867":0,"868":0,"869":0,"870":0,"871":0,"872":0,"873":0,"874":0,"875":0,"876":0,"877":0,"878":0,"879":0,"880":0,"881":0,"882":0,"883":0,"884":0,"885":0,"886":0,"887":0,"888":0,"889":0,"890":0,"891":0,"892":0,"893":0,"894":1,"895":0,"896":0,"897":0,"898":0,"899":0,"900":0,"901":0,"902":0,"903":1,"904":0,"905":0,"906":0,"907":0,"908":1,"909":0,"910":0,"911":0,"912":0,"913":0,"914":0,"915":0,"916":0,"917":0,"918":0,"919":0,"920":0,"921":0,"922":0,"923":0,"924":0,"925":0,"926":1,"927":0,"928":0,"929":0,"930":0,"931":0,"932":0,"933":0,"934":0,"935":0,"936":0,"937":0,"938":0,"939":0,"940":0,"941":0,"942":0,"943":0,"944":0,"945":0,"946":0,"947":0,"948":0,"949":0,"950":1,"951":0,"952":0,"953":0,"954":1,"955":0,"956":0,"957":0,"958":0,"959":0,"960":0,"961":0,"962":1,"963":0,"964":0,"965":0,"966":0,"967":0,"968":0,"969":0,"970":0,"971":1,"972":0,"973":0,"974":0,"975":0,"976":1,"977":0,"978":0,"979":0,"980":1,"981":0,"982":0,"983":0,"984":0,"985":0,"986":0,"987":1,"988":0,"989":0,"990":0,"991":0,"992":0,"993":0,"994":0,"995":0,"996":0,"997":0,"998":0,"999":1,"1000":0,"1001":1,"1002":0,"1003":0,"1004":0,"1005":0,"1006":0,"1007":0,"1008":0,"1009":0,"1010":1,"1011":0,"1012":0,"1013":0,"1014":0,"1015":1,"1016":0,"1017":0,"1018":0,"1019":0,"1020":0,"1021":0,"1022":0,"1023":1,"1024":0,"1025":0,"1026":0,"1027":1,"1028":0,"1029":0,"1030":0,"1031":1,"1032":0,"1033":0,"1034":0,"1035":0,"1036":0,"1037":0,"1038":0,"1039":0,"1040":0,"1041":0,"1042":1,"1043":0,"1044":0,"1045":0,"1046":0,"1047":0,"1048":1,"1049":0,"1050":0,"1051":0,"1052":0,"1053":0,"1054":0,"1055":0,"1056":0,"1057":0,"1058":0,"1059":0,"1060":0,"1061":0,"1062":0,"1063":0,"1064":0,"1065":0,"1066":0,"1067":0,"1068":0,"1069":0,"1070":2,"1071":0,"1072":0,"1073":0,"1074":0,"1075":0,"1076":0,"1077":0,"1078":0,"1079":0,"1080":0,"1081":0,"1082":0,"1083":0,"1084":0,"1085":0,"1086":0,"1087":0,"1088":0,"1089":0,"1090":0,"1091":0,"1092":0,"1093":0,"1094":0,"1095":0,"1096":0,"1097":0,"1098":0,"1099":0,"1100":0,"1101":0,"1102":0,"1103":0,"1104":0,"1105":0,"1106":0,"1107":0,"1108":0,"1109":0,"1110":0,"1111":0,"1112":0,"1113":0,"1114":0,"1115":0,"1116":0,"1117":0,"1118":0,"1119":0,"1120":0,"1121":0,"1122":0,"1123":0,"1124":0,"1125":0,"1126":0,"1127":0,"1128":0,"1129":0,"1130":0,"1131":0,"1132":0,"1133":0,"1134":0,"1135":0,"1136":0,"1137":0,"1138":0,"1139":0,"1140":0,"1141":0,"1142":0,"1143":0,"1144":0,"1145":0,"1146":0,"1147":0,"1148":0,"1149":0,"1150":0,"1151":0,"1152":0,"1153":0,"1154":0,"1155":0,"1156":0,"1157":0,"1158":0,"1159":0,"1160":0,"1161":0,"1162":0,"1163":0,"1164":0,"1165":0,"1166":0,"1167":0,"1168":0,"1169":0,"1170":0,"1171":0,"1172":0,"1173":0,"1174":0,"1175":0,"1176":1,"1177":0,"1178":0,"1179":0,"1180":0,"1181":0,"1182":0,"1183":0,"1184":0,"1185":0,"1186":0,"1187":0,"1188":0,"1189":0,"1190":1,"1191":0,"1192":0,"1193":0,"1194":0,"1195":0,"1196":0,"1197":0,"1198":0,"1199":0,"1200":0,"1201":0,"1202":0,"1203":0},"b":{"1":[2,0],"2":[0,0],"3":[2,0],"4":[2,2],"5":[0,0],"6":[0,0,0,0],"7":[0,0],"8":[0,0],"9":[0,0,0,0,0,0,0],"10":[0,0],"11":[0,0],"12":[0,0],"13":[0,0],"14":[0,0],"15":[0,0],"16":[0,0],"17":[0,0],"18":[0,0],"19":[0,0],"20":[0,0],"21":[0,0],"22":[0,0],"23":[0,0,0],"24":[0,0],"25":[0,0],"26":[0,0],"27":[0,0],"28":[0,0],"29":[0,0],"30":[0,0],"31":[0,0],"32":[0,0],"33":[0,0],"34":[0,0],"35":[0,0],"36":[0,0],"37":[0,0],"38":[0,0],"39":[0,0],"40":[0,0],"41":[0,0],"42":[0,0],"43":[0,0],"44":[0,0],"45":[0,0],"46":[0,0],"47":[0,0],"48":[0,0],"49":[0,0],"50":[0,0],"51":[0,0],"52":[0,0],"53":[0,0],"54":[0,0],"55":[0,0],"56":[0,0],"57":[0,0],"58":[0,0],"59":[0,0],"60":[0,0],"61":[0,0],"62":[0,0],"63":[0,0],"64":[0,0],"65":[0,0],"66":[0,0],"67":[0,0],"68":[0,0],"69":[0,0],"70":[0,0,0],"71":[0,0],"72":[0,0],"73":[0,0],"74":[0,0],"75":[0,0],"76":[0,0],"77":[0,0],"78":[0,0],"79":[0,0],"80":[0,0],"81":[0,0],"82":[0,0],"83":[0,0],"84":[0,0],"85":[0,0],"86":[0,0],"87":[0,0],"88":[0,0],"89":[0,0],"90":[0,0],"91":[0,0],"92":[0,0],"93":[0,0],"94":[0,0],"95":[0,0],"96":[0,0],"97":[0,0],"98":[0,0],"99":[0,0],"100":[0,0,0],"101":[0,0],"102":[0,0,0],"103":[0,0],"104":[0,0],"105":[0,0],"106":[0,0],"107":[0,0,0],"108":[0,0],"109":[0,0,0],"110":[0,0],"111":[0,0],"112":[0,0,0],"113":[0,0],"114":[0,0],"115":[0,0],"116":[0,0],"117":[0,0],"118":[0,0],"119":[0,0],"120":[0,0],"121":[0,0],"122":[0,0],"123":[0,0],"124":[0,0,0],"125":[0,0],"126":[0,0],"127":[0,0],"128":[0,0],"129":[0,0],"130":[0,0],"131":[0,0],"132":[0,0],"133":[0,0],"134":[0,0],"135":[0,0],"136":[0,0],"137":[0,0],"138":[0,0],"139":[0,0],"140":[0,0],"141":[0,0],"142":[0,0],"143":[0,0],"144":[0,0],"145":[0,0],"146":[0,0],"147":[0,0],"148":[0,0],"149":[0,0],"150":[0,0],"151":[0,0],"152":[0,0],"153":[0,0,0,0],"154":[0,0],"155":[0,0],"156":[0,0],"157":[0,0],"158":[0,0],"159":[0,0],"160":[0,0],"161":[0,0],"162":[0,0],"163":[0,0],"164":[0,0],"165":[0,0],"166":[0,0],"167":[0,0],"168":[0,0],"169":[0,0],"170":[0,0],"171":[0,0],"172":[0,0],"173":[0,0],"174":[0,0],"175":[0,0],"176":[0,0],"177":[0,0],"178":[0,0],"179":[0,0],"180":[0,0],"181":[0,0],"182":[0,0],"183":[0,0],"184":[0,0,0,0,0,0,0],"185":[0,0],"186":[0,0,0],"187":[0,0],"188":[0,0],"189":[0,0],"190":[0,0],"191":[0,0],"192":[0,0,0,0,0],"193":[0,0],"194":[0,0],"195":[0,0],"196":[0,0],"197":[0,0],"198":[0,0],"199":[0,0],"200":[0,0,0,0],"201":[0,0],"202":[0,0],"203":[0,0],"204":[0,0],"205":[0,0],"206":[0,0],"207":[0,0],"208":[0,0],"209":[0,0],"210":[0,0],"211":[0,0],"212":[0,0],"213":[0,0,0,0,0],"214":[0,0],"215":[0,0,0],"216":[0,0,0],"217":[0,0],"218":[0,0,0],"219":[0,0],"220":[0,0],"221":[0,0,0],"222":[0,0],"223":[0,0,0,0,0,0,0,0,0,0],"224":[0,0],"225":[0,0],"226":[0,0],"227":[0,0],"228":[0,0],"229":[0,0],"230":[0,0],"231":[0,0],"232":[0,0],"233":[0,0],"234":[0,0],"235":[0,0],"236":[0,0],"237":[0,0],"238":[0,0],"239":[0,0],"240":[0,0],"241":[0,0],"242":[0,0],"243":[0,0],"244":[0,0],"245":[0,0],"246":[0,0],"247":[0,0],"248":[0,0],"249":[0,0],"250":[0,0],"251":[0,0],"252":[0,0],"253":[0,0],"254":[0,0],"255":[0,0],"256":[0,0],"257":[0,0,0],"258":[0,0],"259":[0,0],"260":[0,0],"261":[0,0,0],"262":[0,0],"263":[0,0],"264":[0,0],"265":[0,0,0],"266":[0,0],"267":[0,0],"268":[0,0],"269":[0,0],"270":[0,0],"271":[0,0,0],"272":[0,0],"273":[0,0],"274":[0,0],"275":[0,0],"276":[0,0],"277":[0,0],"278":[0,0],"279":[0,0,0],"280":[0,0],"281":[0,0],"282":[0,0],"283":[0,0],"284":[0,0],"285":[0,0],"286":[0,0],"287":[0,0],"288":[0,0],"289":[0,0],"290":[0,0],"291":[0,0],"292":[0,0],"293":[0,0],"294":[0,0],"295":[0,0],"296":[0,0,0,0],"297":[0,0],"298":[0,0],"299":[0,0],"300":[0,0],"301":[0,0],"302":[0,0],"303":[0,0],"304":[0,0,0],"305":[0,0],"306":[0,0],"307":[0,0],"308":[0,0],"309":[0,0],"310":[0,0],"311":[0,0],"312":[0,0],"313":[0,0],"314":[0,0],"315":[0,0,0],"316":[0,0],"317":[0,0],"318":[0,0],"319":[0,0],"320":[0,0],"321":[0,0],"322":[0,0],"323":[0,0],"324":[0,0],"325":[0,0],"326":[0,0],"327":[0,0],"328":[0,0],"329":[0,0],"330":[0,0,0,0],"331":[0,0],"332":[0,0],"333":[0,0],"334":[0,0],"335":[0,0],"336":[0,0],"337":[0,0,0],"338":[0,0],"339":[0,0],"340":[0,0],"341":[0,0],"342":[0,0],"343":[0,0],"344":[0,0],"345":[0,0],"346":[0,0],"347":[0,0],"348":[0,0,0,0],"349":[0,0,0,0],"350":[0,0],"351":[0,0],"352":[0,0],"353":[0,0],"354":[0,0],"355":[0,0],"356":[0,0,0,0],"357":[0,0],"358":[0,0],"359":[0,0],"360":[0,0],"361":[0,0],"362":[0,0],"363":[0,0],"364":[0,0],"365":[0,0],"366":[0,0],"367":[0,0],"368":[0,0],"369":[0,0],"370":[0,0],"371":[0,0],"372":[0,0],"373":[0,0],"374":[0,0],"375":[0,0],"376":[0,0],"377":[0,0],"378":[0,0],"379":[0,0],"380":[0,0],"381":[0,0],"382":[0,0],"383":[0,0],"384":[0,0],"385":[0,0,0],"386":[0,0],"387":[0,0],"388":[0,0],"389":[0,0],"390":[0,0],"391":[0,0],"392":[0,0],"393":[0,0],"394":[0,0],"395":[0,0],"396":[0,0],"397":[0,0],"398":[0,0],"399":[0,0],"400":[0,0],"401":[0,0],"402":[0,0],"403":[0,0],"404":[0,0],"405":[0,0],"406":[0,0],"407":[0,0],"408":[0,0],"409":[0,0],"410":[0,0],"411":[0,0],"412":[0,0],"413":[0,0],"414":[0,0],"415":[0,0],"416":[0,0],"417":[0,0],"418":[0,0],"419":[0,0],"420":[0,0],"421":[0,0],"422":[0,0],"423":[0,0],"424":[0,0],"425":[0,0],"426":[0,0],"427":[0,0],"428":[0,0,0],"429":[0,0],"430":[0,0],"431":[0,0],"432":[0,0],"433":[0,0,0,0],"434":[0,0],"435":[0,0],"436":[0,0],"437":[0,0],"438":[0,0],"439":[0,0],"440":[0,0],"441":[0,0],"442":[0,0],"443":[0,0],"444":[0,0],"445":[0,0],"446":[0,0],"447":[0,0],"448":[0,0],"449":[0,0],"450":[0,0],"451":[0,0],"452":[0,0],"453":[0,0],"454":[0,0],"455":[0,0],"456":[0,0],"457":[0,0],"458":[0,0],"459":[0,0],"460":[0,0],"461":[0,0],"462":[0,0],"463":[0,0],"464":[0,0],"465":[0,0],"466":[0,0,0],"467":[0,0],"468":[0,0],"469":[0,0],"470":[0,0],"471":[0,0],"472":[0,0]},"f":{"1":0,"2":0,"3":0,"4":0,"5":0,"6":0,"7":0,"8":0,"9":0,"10":0,"11":0,"12":0,"13":0,"14":0,"15":0,"16":0,"17":0,"18":0,"19":0,"20":0,"21":0,"22":0,"23":0,"24":0,"25":0,"26":0,"27":0,"28":0,"29":0,"30":0,"31":0,"32":0,"33":0,"34":0,"35":0,"36":0,"37":0,"38":0,"39":0,"40":0,"41":0,"42":0,"43":0,"44":0,"45":0,"46":0,"47":0,"48":0,"49":0,"50":0,"51":0,"52":0,"53":0,"54":0,"55":0,"56":0,"57":0,"58":0,"59":0,"60":0,"61":0,"62":0,"63":0,"64":0,"65":0,"66":0,"67":0,"68":0,"69":0,"70":0,"71":0,"72":0,"73":0,"74":0,"75":0,"76":0,"77":0,"78":0,"79":0,"80":0,"81":0,"82":0,"83":0,"84":0,"85":0,"86":0,"87":0,"88":0,"89":0,"90":0,"91":0,"92":0,"93":0,"94":0,"95":0,"96":0,"97":0,"98":0,"99":0,"100":0,"101":0,"102":0,"103":0,"104":0,"105":0,"106":0,"107":0,"108":0,"109":0,"110":0,"111":0,"112":0,"113":0,"114":0,"115":0,"116":0,"117":0,"118":0,"119":0,"120":0,"121":0,"122":0,"123":0,"124":0,"125":0,"126":0,"127":0,"128":0,"129":0,"130":0,"131":0,"132":0,"133":0,"134":0,"135":0,"136":0,"137":0,"138":0,"139":0,"140":0,"141":0,"142":0,"143":0,"144":0,"145":0,"146":0,"147":0,"148":0,"149":0,"150":0,"151":0,"152":0,"153":0,"154":0,"155":0,"156":0,"157":0,"158":0,"159":0,"160":0,"161":0,"162":0,"163":0,"164":0,"165":0,"166":0,"167":0,"168":0,"169":0,"170":0,"171":0,"172":0,"173":0,"174":0,"175":0,"176":0,"177":0,"178":0,"179":0,"180":0,"181":0},"fnMap":{"1":{"name":"(anonymous_1)","line":1,"loc":{"start":{"line":1,"column":32},"end":{"line":1,"column":50}}},"2":{"name":"(anonymous_2)","line":3,"loc":{"start":{"line":3,"column":84},"end":{"line":3,"column":99}}},"3":{"name":"(anonymous_3)","line":3,"loc":{"start":{"line":3,"column":124},"end":{"line":3,"column":139}}},"4":{"name":"Flatpickr","line":6,"loc":{"start":{"line":6,"column":0},"end":{"line":6,"column":36}}},"5":{"name":"init","line":25,"loc":{"start":{"line":25,"column":1},"end":{"line":25,"column":17}}},"6":{"name":"bindToInstance","line":73,"loc":{"start":{"line":73,"column":1},"end":{"line":73,"column":29}}},"7":{"name":"updateTime","line":81,"loc":{"start":{"line":81,"column":1},"end":{"line":81,"column":24}}},"8":{"name":"(anonymous_8)","line":94,"loc":{"start":{"line":94,"column":14},"end":{"line":94,"column":26}}},"9":{"name":"setHoursFromInputs","line":104,"loc":{"start":{"line":104,"column":1},"end":{"line":104,"column":31}}},"10":{"name":"setHoursFromDate","line":131,"loc":{"start":{"line":131,"column":1},"end":{"line":131,"column":36}}},"11":{"name":"setHours","line":146,"loc":{"start":{"line":146,"column":1},"end":{"line":146,"column":44}}},"12":{"name":"onYearInput","line":166,"loc":{"start":{"line":166,"column":1},"end":{"line":166,"column":29}}},"13":{"name":"bind","line":182,"loc":{"start":{"line":182,"column":1},"end":{"line":182,"column":40}}},"14":{"name":"(anonymous_14)","line":183,"loc":{"start":{"line":183,"column":51},"end":{"line":183,"column":65}}},"15":{"name":"(anonymous_15)","line":187,"loc":{"start":{"line":187,"column":55},"end":{"line":187,"column":69}}},"16":{"name":"onClick","line":202,"loc":{"start":{"line":202,"column":1},"end":{"line":202,"column":27}}},"17":{"name":"(anonymous_17)","line":203,"loc":{"start":{"line":203,"column":9},"end":{"line":203,"column":24}}},"18":{"name":"bindEvents","line":211,"loc":{"start":{"line":211,"column":1},"end":{"line":211,"column":23}}},"19":{"name":"(anonymous_19)","line":214,"loc":{"start":{"line":214,"column":48},"end":{"line":214,"column":63}}},"20":{"name":"(anonymous_20)","line":215,"loc":{"start":{"line":215,"column":86},"end":{"line":215,"column":100}}},"21":{"name":"(anonymous_21)","line":224,"loc":{"start":{"line":224,"column":23},"end":{"line":224,"column":35}}},"22":{"name":"(anonymous_22)","line":229,"loc":{"start":{"line":229,"column":96},"end":{"line":229,"column":109}}},"23":{"name":"(anonymous_23)","line":247,"loc":{"start":{"line":247,"column":48},"end":{"line":247,"column":60}}},"24":{"name":"(anonymous_24)","line":250,"loc":{"start":{"line":250,"column":48},"end":{"line":250,"column":60}}},"25":{"name":"(anonymous_25)","line":254,"loc":{"start":{"line":254,"column":43},"end":{"line":254,"column":56}}},"26":{"name":"(anonymous_26)","line":261,"loc":{"start":{"line":261,"column":44},"end":{"line":261,"column":57}}},"27":{"name":"selText","line":277,"loc":{"start":{"line":277,"column":17},"end":{"line":277,"column":37}}},"28":{"name":"(anonymous_28)","line":288,"loc":{"start":{"line":288,"column":75},"end":{"line":288,"column":87}}},"29":{"name":"(anonymous_29)","line":293,"loc":{"start":{"line":293,"column":41},"end":{"line":293,"column":54}}},"30":{"name":"animateDays","line":305,"loc":{"start":{"line":305,"column":1},"end":{"line":305,"column":25}}},"31":{"name":"animateMonths","line":332,"loc":{"start":{"line":332,"column":1},"end":{"line":332,"column":27}}},"32":{"name":"jumpToDate","line":353,"loc":{"start":{"line":353,"column":1},"end":{"line":353,"column":31}}},"33":{"name":"timeIncrement","line":373,"loc":{"start":{"line":373,"column":1},"end":{"line":373,"column":27}}},"34":{"name":"incrementNumInput","line":386,"loc":{"start":{"line":386,"column":1},"end":{"line":386,"column":49}}},"35":{"name":"createNumberInput","line":393,"loc":{"start":{"line":393,"column":1},"end":{"line":393,"column":44}}},"36":{"name":"build","line":409,"loc":{"start":{"line":409,"column":1},"end":{"line":409,"column":18}}},"37":{"name":"createDay","line":466,"loc":{"start":{"line":466,"column":1},"end":{"line":466,"column":51}}},"38":{"name":"focusOnDay","line":510,"loc":{"start":{"line":510,"column":1},"end":{"line":510,"column":43}}},"39":{"name":"focus","line":513,"loc":{"start":{"line":513,"column":14},"end":{"line":513,"column":31}}},"40":{"name":"afterDayAnim","line":535,"loc":{"start":{"line":535,"column":1},"end":{"line":535,"column":27}}},"41":{"name":"buildDays","line":540,"loc":{"start":{"line":540,"column":1},"end":{"line":540,"column":27}}},"42":{"name":"clearNode","line":598,"loc":{"start":{"line":598,"column":1},"end":{"line":598,"column":26}}},"43":{"name":"buildMonthNav","line":604,"loc":{"start":{"line":604,"column":1},"end":{"line":604,"column":26}}},"44":{"name":"get","line":639,"loc":{"start":{"line":639,"column":8},"end":{"line":639,"column":23}}},"45":{"name":"set","line":642,"loc":{"start":{"line":642,"column":8},"end":{"line":642,"column":27}}},"46":{"name":"get","line":649,"loc":{"start":{"line":649,"column":8},"end":{"line":649,"column":23}}},"47":{"name":"set","line":652,"loc":{"start":{"line":652,"column":8},"end":{"line":652,"column":27}}},"48":{"name":"buildTime","line":663,"loc":{"start":{"line":663,"column":1},"end":{"line":663,"column":22}}},"49":{"name":"buildWeekdays","line":726,"loc":{"start":{"line":726,"column":1},"end":{"line":726,"column":26}}},"50":{"name":"buildWeeks","line":742,"loc":{"start":{"line":742,"column":1},"end":{"line":742,"column":23}},"skip":true},"51":{"name":"changeMonth","line":752,"loc":{"start":{"line":752,"column":1},"end":{"line":752,"column":49}}},"52":{"name":"clear","line":822,"loc":{"start":{"line":822,"column":1},"end":{"line":822,"column":36}}},"53":{"name":"close","line":840,"loc":{"start":{"line":840,"column":1},"end":{"line":840,"column":18}}},"54":{"name":"destroy","line":851,"loc":{"start":{"line":851,"column":1},"end":{"line":851,"column":28}}},"55":{"name":"isCalendarElem","line":883,"loc":{"start":{"line":883,"column":1},"end":{"line":883,"column":31}}},"56":{"name":"documentClick","line":889,"loc":{"start":{"line":889,"column":1},"end":{"line":889,"column":27}}},"57":{"name":"changeYear","line":911,"loc":{"start":{"line":911,"column":1},"end":{"line":911,"column":30}}},"58":{"name":"isEnabled","line":931,"loc":{"start":{"line":931,"column":1},"end":{"line":931,"column":36}}},"59":{"name":"onKeyDown","line":956,"loc":{"start":{"line":956,"column":1},"end":{"line":956,"column":23}}},"60":{"name":"(anonymous_60)","line":989,"loc":{"start":{"line":989,"column":20},"end":{"line":989,"column":32}}},"61":{"name":"onMouseOver","line":1050,"loc":{"start":{"line":1050,"column":1},"end":{"line":1050,"column":28}}},"62":{"name":"_loop","line":1066,"loc":{"start":{"line":1066,"column":14},"end":{"line":1066,"column":43}}},"63":{"name":"(anonymous_63)","line":1072,"loc":{"start":{"line":1072,"column":50},"end":{"line":1072,"column":63}}},"64":{"name":"(anonymous_64)","line":1078,"loc":{"start":{"line":1078,"column":63},"end":{"line":1078,"column":76}}},"65":{"name":"onResize","line":1099,"loc":{"start":{"line":1099,"column":1},"end":{"line":1099,"column":21}}},"66":{"name":"open","line":1103,"loc":{"start":{"line":1103,"column":1},"end":{"line":1103,"column":18}}},"67":{"name":"(anonymous_67)","line":1110,"loc":{"start":{"line":1110,"column":14},"end":{"line":1110,"column":26}}},"68":{"name":"minMaxDateSetter","line":1128,"loc":{"start":{"line":1128,"column":1},"end":{"line":1128,"column":33}}},"69":{"name":"(anonymous_69)","line":1129,"loc":{"start":{"line":1129,"column":9},"end":{"line":1129,"column":25}}},"70":{"name":"(anonymous_70)","line":1140,"loc":{"start":{"line":1140,"column":51},"end":{"line":1140,"column":64}}},"71":{"name":"parseConfig","line":1157,"loc":{"start":{"line":1157,"column":1},"end":{"line":1157,"column":24}}},"72":{"name":"get","line":1180,"loc":{"start":{"line":1180,"column":8},"end":{"line":1180,"column":23}}},"73":{"name":"get","line":1187,"loc":{"start":{"line":1187,"column":8},"end":{"line":1187,"column":23}}},"74":{"name":"setupLocale","line":1217,"loc":{"start":{"line":1217,"column":1},"end":{"line":1217,"column":24}}},"75":{"name":"positionCalendar","line":1223,"loc":{"start":{"line":1223,"column":1},"end":{"line":1223,"column":29}}},"76":{"name":"redraw","line":1259,"loc":{"start":{"line":1259,"column":1},"end":{"line":1259,"column":19}}},"77":{"name":"selectDate","line":1267,"loc":{"start":{"line":1267,"column":1},"end":{"line":1267,"column":24}}},"78":{"name":"(anonymous_78)","line":1288,"loc":{"start":{"line":1288,"column":94},"end":{"line":1288,"column":110}}},"79":{"name":"(anonymous_79)","line":1311,"loc":{"start":{"line":1311,"column":41},"end":{"line":1311,"column":53}}},"80":{"name":"(anonymous_80)","line":1331,"loc":{"start":{"line":1331,"column":71},"end":{"line":1331,"column":83}}},"81":{"name":"(anonymous_81)","line":1335,"loc":{"start":{"line":1335,"column":41},"end":{"line":1335,"column":53}}},"82":{"name":"set","line":1342,"loc":{"start":{"line":1342,"column":1},"end":{"line":1342,"column":29}}},"83":{"name":"setSelectedDate","line":1348,"loc":{"start":{"line":1348,"column":1},"end":{"line":1348,"column":45}}},"84":{"name":"(anonymous_84)","line":1349,"loc":{"start":{"line":1349,"column":69},"end":{"line":1349,"column":82}}},"85":{"name":"(anonymous_85)","line":1358,"loc":{"start":{"line":1358,"column":52},"end":{"line":1358,"column":68}}},"86":{"name":"(anonymous_86)","line":1364,"loc":{"start":{"line":1364,"column":72},"end":{"line":1364,"column":88}}},"87":{"name":"(anonymous_87)","line":1375,"loc":{"start":{"line":1375,"column":49},"end":{"line":1375,"column":62}}},"88":{"name":"(anonymous_88)","line":1379,"loc":{"start":{"line":1379,"column":26},"end":{"line":1379,"column":42}}},"89":{"name":"setDate","line":1384,"loc":{"start":{"line":1384,"column":1},"end":{"line":1384,"column":47}}},"90":{"name":"setupDates","line":1401,"loc":{"start":{"line":1401,"column":1},"end":{"line":1401,"column":23}}},"91":{"name":"parseDateRules","line":1402,"loc":{"start":{"line":1402,"column":2},"end":{"line":1402,"column":31}}},"92":{"name":"(anonymous_92)","line":1410,"loc":{"start":{"line":1410,"column":21},"end":{"line":1410,"column":34}}},"93":{"name":"get","line":1437,"loc":{"start":{"line":1437,"column":8},"end":{"line":1437,"column":23}}},"94":{"name":"set","line":1440,"loc":{"start":{"line":1440,"column":8},"end":{"line":1440,"column":27}}},"95":{"name":"get","line":1447,"loc":{"start":{"line":1447,"column":9},"end":{"line":1447,"column":24}}},"96":{"name":"set","line":1450,"loc":{"start":{"line":1450,"column":9},"end":{"line":1450,"column":28}}},"97":{"name":"setupHelperFunctions","line":1459,"loc":{"start":{"line":1459,"column":1},"end":{"line":1459,"column":33}}},"98":{"name":"getDaysinMonth","line":1464,"loc":{"start":{"line":1464,"column":19},"end":{"line":1464,"column":54}}},"99":{"name":"monthToStr","line":1473,"loc":{"start":{"line":1473,"column":15},"end":{"line":1473,"column":59}}},"100":{"name":"setupFormats","line":1482,"loc":{"start":{"line":1482,"column":1},"end":{"line":1482,"column":25}},"skip":true},"101":{"name":"(anonymous_101)","line":1483,"loc":{"start":{"line":1483,"column":41},"end":{"line":1483,"column":54}},"skip":true},"102":{"name":"setupInputs","line":1491,"loc":{"start":{"line":1491,"column":1},"end":{"line":1491,"column":24}}},"103":{"name":"setupMobile","line":1517,"loc":{"start":{"line":1517,"column":1},"end":{"line":1517,"column":24}}},"104":{"name":"(anonymous_104)","line":1546,"loc":{"start":{"line":1546,"column":46},"end":{"line":1546,"column":59}}},"105":{"name":"toggle","line":1553,"loc":{"start":{"line":1553,"column":1},"end":{"line":1553,"column":19}}},"106":{"name":"triggerEvent","line":1558,"loc":{"start":{"line":1558,"column":1},"end":{"line":1558,"column":36}}},"107":{"name":"createEvent","line":1580,"loc":{"start":{"line":1580,"column":1},"end":{"line":1580,"column":28}}},"108":{"name":"isDateSelected","line":1591,"loc":{"start":{"line":1591,"column":1},"end":{"line":1591,"column":31}}},"109":{"name":"isDateInRange","line":1599,"loc":{"start":{"line":1599,"column":1},"end":{"line":1599,"column":30}}},"110":{"name":"updateNavigationCurrentMonth","line":1604,"loc":{"start":{"line":1604,"column":1},"end":{"line":1604,"column":41}}},"111":{"name":"updateValue","line":1619,"loc":{"start":{"line":1619,"column":1},"end":{"line":1619,"column":24}}},"112":{"name":"(anonymous_112)","line":1628,"loc":{"start":{"line":1628,"column":44},"end":{"line":1628,"column":60}}},"113":{"name":"(anonymous_113)","line":1633,"loc":{"start":{"line":1633,"column":48},"end":{"line":1633,"column":64}}},"114":{"name":"mouseDelta","line":1641,"loc":{"start":{"line":1641,"column":1},"end":{"line":1641,"column":24}}},"115":{"name":"onMonthNavScroll","line":1645,"loc":{"start":{"line":1645,"column":1},"end":{"line":1645,"column":30}}},"116":{"name":"onMonthNavClick","line":1660,"loc":{"start":{"line":1660,"column":1},"end":{"line":16
[...]
cations":[{"start":{"line":2,"column":16},"end":{"line":2,"column":25}},{"start":{"line":2,"column":29},"end":{"line":2,"column":42}}]},"2":{"line":17,"type":"if","locations":[{"start":{"line":17,"column":0},"end":{"line":17,"column":0}},{"start":{"line":17,"column":0},"end":{"line":17,"column":0}}]}},"code":["/* Vietnamese locals for flatpickr */","var Flatpickr = Flatpickr || { l10ns: {} };","Flatpickr.l10ns.vn = {};","","Flatpickr.l10ns.vn.weekdays = {","  shorthand: ['CN', 'T2', 'T3', 'T4', 'T5', 'T6', 'T7'],","  longhand: ['Chủ nhật', 'Thứ hai', 'Thứ ba', 'Thứ tư', 'Thứ năm', 'Thứ sáu', 'Thứ bảy']","};","","Flatpickr.l10ns.vn.months = {","  shorthand: ['Th1', 'Th2', 'Th3', 'Th4', 'Th5', 'Th6', 'Th7', 'Th8', 'Th9', 'Th10', 'Th11', 'Th12'],","  longhand: ['Tháng một', 'Tháng hai', 'Tháng ba', 'Tháng tư', 'Tháng năm', 'Tháng sáu', 'Tháng bảy', 'Tháng tám', 'Tháng chín', 'Tháng mười', 'Tháng 11', 'Tháng 12']","};","","Flatpickr.l10ns.vn.firstDayOfWeek = 1;","","if (typeof module !== \"undefined\") {","  module.exports = Flatpickr.l10ns;","}",""],"l":{"2":1,"3":1,"5":1,"10":1,"15":1,"17":1,"18":1}},"/home/travis/build/npmtest/node-npmtest-flatpickr/node_modules/flatpickr/src/l10n/zh.js":{"path":"/home/travis/build/npmtest/node-npmtest-flatpickr/node_modules/flatpickr/src/l10n/zh.js","s":{"1":1,"2":1,"3":1,"4":1,"5":1,"6":1},"b":{"1":[1,1],"2":[1,0]},"f":{},"fnMap":{},"statementMap":{"1":{"start":{"line":2,"column":0},"end":{"line":2,"column":39}},"2":{"start":{"line":3,"column":0},"end":{"line":3,"column":24}},"3":{"start":{"line":5,"column":0},"end":{"line":8,"column":2}},"4":{"start":{"line":10,"column":0},"end":{"line":13,"column":2}},"5":{"start":{"line":15,"column":0},"end":{"line":17,"column":1}},"6":{"start":{"line":16,"column":2},"end":{"line":16,"column":35}}},"branchMap":{"1":{"line":2,"type":"binary-expr","locations":[{"start":{"line":2,"column":16},"end":{"line":2,"column":25}},{"start":{"line":2,"column":27},"end":{"line":2,"column":38}}]},"2":{"line":15,"type":"if","locations":[{"start":{"line":15,"column":0},"end":{"line":15,"column":0}},{"start":{"line":15,"column":0},"end":{"line":15,"column":0}}]}},"code":["/* Mandarin locals for flatpickr */","var Flatpickr = Flatpickr||{l10ns: {}};","Flatpickr.l10ns.zh = {};","","Flatpickr.l10ns.zh.weekdays = {","\tshorthand: ['周日', '周一', '周二', '周三', '周四', '周五', '周六'],","\tlonghand: ['星期日', '星期一', '星期二', '星期三', '星期四', '星期五', '星期六']","};","","Flatpickr.l10ns.zh.months = {","\tshorthand: ['一月', '二月', '三月', '四月', '五月', '六月', '七月', '八月', '九月', '十月', '十一月', '十二月'],","\tlonghand: ['一月', '二月', '三月', '四月', '五月', '六月', '七月', '八月', '九月', '十月', '十一月', '十二月']","};","","if (typeof module !== \"undefined\") {","  module.exports = Flatpickr.l10ns;","}",""],"l":{"2":1,"3":1,"5":1,"10":1,"15":1,"16":1}},"/home/travis/build/npmtest/node-npmtest-flatpickr/node_modules/flatpickr/src/plugins/confirmDate/confirmDate.js":{"path":"/home/travis/build/npmtest/node-npmtest-flatpickr/node_modules/flatpickr/src/plugins/confirmDate/confirmDate.js","s":{"1":1,"2":0,"3":0,"4":0,"5":0,"6":0,"7":0,"8":0,"9":0,"10":0,"11":0,"12":0,"13":0,"14":0,"15":0,"16":0,"17":0,"18":0,"19":0,"20":0,"21":0,"22":0,"23":0,"24":0,"25":0,"26":0,"27":1,"28":1},"b":{"1":[0,0],"2":[0,0],"3":[0,0],"4":[0,0,0],"5":[0,0],"6":[0,0],"7":[0,0],"8":[0,0],"9":[0,0],"10":[0,0],"11":[0,0],"12":[0,0,0],"13":[1,0]},"f":{"1":0,"2":0,"3":0,"4":0,"5":0},"fnMap":{"1":{"name":"confirmDatePlugin","line":1,"loc":{"start":{"line":1,"column":0},"end":{"line":1,"column":41}}},"2":{"name":"(anonymous_2)","line":16,"loc":{"start":{"line":16,"column":8},"end":{"line":16,"column":21}}},"3":{"name":"(anonymous_3)","line":18,"loc":{"start":{"line":18,"column":13},"end":{"line":18,"column":29}}},"4":{"name":"(anonymous_4)","line":28,"loc":{"start":{"line":28,"column":11},"end":{"line":28,"column":14}}},"5":{"name":"(anonymous_5)","line":47,"loc":{"start":{"line":47,"column":20},"end":{"line":47,"column":47}}}},"statementMap":{"1":{"start":{"line":1,"column":0},"end":{"line":56,"column":1}},"2":{"start":{"line":2,"column":1},"end":{"line":7,"column":3}},"3":{"start":{"line":9,"column":1},"end":{"line":9,"column":19}},"4":{"start":{"line":10,"column":1},"end":{"line":14,"column":2}},"5":{"start":{"line":11,"column":2},"end":{"line":13,"column":24}},"6":{"start":{"line":16,"column":1},"end":{"line":55,"column":2}},"7":{"start":{"line":17,"column":2},"end":{"line":44,"column":4}},"8":{"start":{"line":19,"column":4},"end":{"line":25,"column":16}},"9":{"start":{"line":20,"column":5},"end":{"line":20,"column":24}},"10":{"start":{"line":21,"column":5},"end":{"line":21,"column":33}},"11":{"start":{"line":24,"column":9},"end":{"line":25,"column":16}},"12":{"start":{"line":25,"column":5},"end":{"line":25,"column":16}},"13":{"start":{"line":29,"column":4},"end":{"line":30,"column":12}},"14":{"start":{"line":30,"column":5},"end":{"line":30,"column":12}},"15":{"start":{"line":32,"column":4},"end":{"line":36,"column":6}},"16":{"start":{"line":38,"column":4},"end":{"line":38,"column":38}},"17":{"start":{"line":39,"column":4},"end":{"line":39,"column":56}},"18":{"start":{"line":41,"column":4},"end":{"line":41,"column":60}},"19":{"start":{"line":42,"column":4},"end":{"line":42,"column":58}},"20":{"start":{"line":46,"column":2},"end":{"line":52,"column":4}},"21":{"start":{"line":47,"column":3},"end":{"line":52,"column":4}},"22":{"start":{"line":48,"column":4},"end":{"line":48,"column":80}},"23":{"start":{"line":49,"column":4},"end":{"line":50,"column":57}},"24":{"start":{"line":50,"column":5},"end":{"line":50,"column":57}},"25":{"start":{"line":51,"column":4},"end":{"line":51,"column":52}},"26":{"start":{"line":54,"column":2},"end":{"line":54,"column":15}},"27":{"start":{"line":58,"column":0},"end":{"line":59,"column":36}},"28":{"start":{"line":59,"column":1},"end":{"line":59,"column":36}}},"branchMap":{"1":{"line":11,"type":"cond-expr","locations":[{"start":{"line":12,"column":5},"end":{"line":12,"column":22}},{"start":{"line":13,"column":5},"end":{"line":13,"column":23}}]},"2":{"line":11,"type":"binary-expr","locations":[{"start":{"line":11,"column":16},"end":{"line":11,"column":28}},{"start":{"line":11,"column":32},"end":{"line":11,"column":63}}]},"3":{"line":19,"type":"if","locations":[{"start":{"line":19,"column":4},"end":{"line":19,"column":4}},{"start":{"line":19,"column":4},"end":{"line":19,"column":4}}]},"4":{"line":19,"type":"binary-expr","locations":[{"start":{"line":19,"column":8},"end":{"line":19,"column":28}},{"start":{"line":19,"column":32},"end":{"line":19,"column":47}},{"start":{"line":19,"column":51},"end":{"line":19,"column":71}}]},"5":{"line":24,"type":"if","locations":[{"start":{"line":24,"column":9},"end":{"line":24,"column":9}},{"start":{"line":24,"column":9},"end":{"line":24,"column":9}}]},"6":{"line":24,"type":"binary-expr","locations":[{"start":{"line":24,"column":13},"end":{"line":24,"column":30}},{"start":{"line":24,"column":34},"end":{"line":24,"column":66}}]},"7":{"line":29,"type":"if","locations":[{"start":{"line":29,"column":4},"end":{"line":29,"column":4}},{"start":{"line":29,"column":4},"end":{"line":29,"column":4}}]},"8":{"line":34,"type":"cond-expr","locations":[{"start":{"line":34,"column":46},"end":{"line":34,"column":55}},{"start":{"line":34,"column":58},"end":{"line":34,"column":60}}]},"9":{"line":46,"type":"if","locations":[{"start":{"line":46,"column":2},"end":{"line":46,"column":2}},{"start":{"line":46,"column":2},"end":{"line":46,"column":2}}]},"10":{"line":48,"type":"binary-expr","locations":[{"start":{"line":48,"column":26},"end":{"line":48,"column":46}},{"start":{"line":48,"column":50},"end":{"line":48,"column":79}}]},"11":{"line":49,"type":"if","locations":[{"start":{"line":49,"column":4},"end":{"line":49,"column":4}},{"start":{"line":49,"column":4},"end":{"line":49,"column":4}}]},"12":{"line":49,"type":"binary-expr","locations":[{"start":{"line":49,"column":7},"end":{"line":49,"column":14}},{"start":{"line":49,"column":18},"end":{"line":49,"column":35}},{"start":{"line":49,"column":39},"end":{"line":49,"column":52}}]},"13":{"line":58,"type":"if","locations":[{"start":{"line":58,"column":0},"end":{"line":58,"column":0}},{"start":{"line":58,"column":0},"end":{"line":58,"column":0}}]}},"code":["function confirmDatePlugin(pluginConfig) {","\tconst defaultConfig = {","\t\tconfirmIcon: \"<svg version='1.1' xmlns='http://www.w3.org/2000/svg' xmlns:xlink='http://www.w3.org/1999/xlink' width='17' height='17' viewBox='0 0 17 17'> <g> </g> <path d='M15.418 1.774l-8.833 13.485-4.918-4.386 0.666-0.746 4.051 3.614 8.198-12.515 0.836 0.548z' fill='#000000' /> </svg>\",","\t\tconfirmText: \"OK \",","\t\tshowAlways: false,","\t\ttheme: \"light\"","\t};","","\tconst config = {};","\tfor (let key in defaultConfig) {","\t\tconfig[key] = pluginConfig && pluginConfig[key] !== undefined ","\t\t\t? pluginConfig[key] ","\t\t\t: defaultConfig[key];","\t}","","\treturn function(fp) {","\t\tconst hooks = {","\t\t\tonKeyDown (_, __, ___, e) {","\t\t\t\tif (fp.config.enableTime && e.key === \"Tab\" && e.target === fp.amPM) {","\t\t\t\t\te.preventDefault();","\t\t\t\t\tfp.confirmContainer.focus();","\t\t\t\t}","","\t\t\t\telse if (e.key === \"Enter\" && e.target === fp.confirmContainer)","\t\t\t\t\tfp.close();","\t\t\t},","","\t\t\tonReady () {","\t\t\t\tif (fp.calendarContainer === undefined)","\t\t\t\t\treturn;","","\t\t\t\tfp.confirmContainer = fp._createElement(","\t\t\t\t\t\"div\", ","\t\t\t\t\t`flatpickr-confirm ${config.showAlways ? \"visible\" : \"\"} ${config.theme}Theme`, ","\t\t\t\t\tconfig.confirmText","\t\t\t\t);","","\t\t\t\tfp.confirmContainer.tabIndex = -1;","\t\t\t\tfp.confirmContainer.innerHTML += config.confirmIcon;","","\t\t\t\tfp.confirmContainer.addEventListener(\"click\", fp.close);","\t\t\t\tfp.calendarContainer.appendChild(fp.confirmContainer);","\t\t\t}","\t\t};","","\t\tif (!config.showAlways)","\t\t\thooks.onChange = function(dateObj, dateStr) {","\t\t\t\tconst showCondition = fp.config.enableTime || fp.config.mode === \"multiple\";","\t\t\t\tif(dateStr && !fp.config.inline && showCondition)","\t\t\t\t\treturn fp.confirmContainer.classList.add(\"visible\");","\t\t\t\tfp.confirmContainer.classList.remove(\"visible\");","\t\t\t}","","\t\treturn hooks;","\t}","}","","if (typeof module !== \"undefined\")","\tmodule.exports = confirmDatePlugin;",""],"l":{"1":1,"2":0,"9":0,"10":0,"11":0,"16":0,"17":0,"19":0,"20":0,"21":0,"24":0,"25":0,"29":0,"30":0,"32":0,"38":0,"39":0,"41":0,"42":0,"46":0,"47":0,"48":0,"49":0,"50":0,"51":0,"54":0,"58":1,"59":1}},"/home/travis/build/npmtest/node-npmtest-flatpickr/node_modules/flatpickr/src/plugins/labelPlugin/labelPlugin.js":{"path":"/home/travis/build/npmtest/node-npmtest-flatpickr/node_modules/flatpickr/src/plugins/labelPlugin/labelPlugin.js","s":{"1":1,"2":0,"3":0,"4":0,"5":0,"6":0,"7":0,"8":1,"9":1},"b":{"1":[0,0],"2":[0,0],"3":[1,0]},"f":{"1":0,"2":0,"3":0},"fnMap":{"1":{"name":"labelPlugin","line":1,"loc":{"start":{"line":1,"column":0},"end":{"line":1,"column":23}}},"2":{"name":"(anonymous_2)","line":2,"loc":{"start":{"line":2,"column":8},"end":{"line":2,"column":21}}},"3":{"name":"(anonymous_3)","line":4,"loc":{"start":{"line":4,"column":11},"end":{"line":4,"column":13}}}},"statementMap":{"1":{"start":{"line":1,"column":0},"end":{"line":13,"column":1}},"2":{"start":{"line":2,"column":1},"end":{"line":12,"column":2}},"3":{"start":{"line":3,"column":2},"end":{"line":11,"column":3}},"4":{"start":{"line":5,"column":4},"end":{"line":5,"column":27}},"5":{"start":{"line":6,"column":4},"end":{"line":9,"column":5}},"6":{"start":{"line":7,"column":5},"end":{"line":7,"column":36}},"7":{"start":{"line":8,"column":5},"end":{"line":8,"column":25}},"8":{"start":{"line":15,"column":0},"end":{"line":16,"column":30}},"9":{"start":{"line":16,"column":1},"end":{"line":16,"column":30}}},"branchMap":{"1":{"line":6,"type":"if","locations":[{"start":{"line":6,"column":4},"end":{"line":6,"column":4}},{"start":{"line":6,"column":4},"end":{"line":6,"column":4}}]},"2":{"line":6,"type":"binary-expr","locations":[{"start":{"line":6,"column":8},"end":{"line":6,"column":26}},{"start":{"line":6,"column":30},"end":{"line":6,"column":32}}]},"3":{"line":15,"type":"if","locations":[{"start":{"line":15,"column":0},"end":{"line":15,"column":0}},{"start":{"line":15,"column":0},"end":{"line":15,"column":0}}]}},"code":["function labelPlugin() {","\treturn function(fp) {","\t\treturn {","\t\t\tonReady (){","\t\t\t\tconst id = fp.input.id;","\t\t\t\tif (fp.config.altInput && id) {","\t\t\t\t\tfp.input.removeAttribute(\"id\");","\t\t\t\t\tfp.altInput.id = id;","\t\t\t\t}","\t\t\t}","\t\t}","\t}","}","","if (typeof module !== \"undefined\")","\tmodule.exports = labelPlugin;"],"l":{"1":1,"2":0,"3":0,"5":0,"6":0,"7":0,"8":0,"15":1,"16":1}},"/home/travis/build/npmtest/node-npmtest-flatpickr/node_modules/flatpickr/src/plugins/weekSelect/weekSelect.js":{"path":"/home/travis/build/npmtest/node-npmtest-flatpickr/node_modules/flatpickr/src/plugins/weekSelect/weekSelect.js","s":{"1":1,"2":0,"3":1,"4":0,"5":0,"6":0,"7":0,"8":0,"9":0,"10":0,"11":0,"12":0,"13":0,"14":0,"15":1,"16":0,"17":0,"18":0,"19":0,"20":0,"21":0,"22":0,"23":0,"24":1,"25":0,"26":0,"27":0,"28":1,"29":0,"30":0,"31":0,"32":0,"33":0,"34":0,"35":1,"36":1},"b":{"1":[0,0],"2":[0,0],"3":[0,0],"4":[0,0],"5":[0,0],"6":[0,0],"7":[1,0]},"f":{"1":0,"2":0,"3":0,"4":0,"5":0,"6":0,"7":0},"fnMap":{"1":{"name":"weekSelectPlugin","line":1,"loc":{"start":{"line":1,"column":0},"end":{"line":1,"column":40}}},"2":{"name":"(anonymous_2)","line":2,"loc":{"start":{"line":2,"column":8},"end":{"line":2,"column":21}}},"3":{"name":"onDayHover","line":3,"loc":{"start":{"line":3,"column":2},"end":{"line":3,"column":28}}},"4":{"name":"highlightWeek","line":21,"loc":{"start":{"line":21,"column":2},"end":{"line":21,"column":26}}},"5":{"name":"clearHover","line":34,"loc":{"start":{"line":34,"column":2},"end":{"line":34,"column":24}}},"6":{"name":"onReady","line":40,"loc":{"start":{"line":40,"column":2},"end":{"line":40,"column":20}}},"7":{"name":"(anonymous_7)","line":48,"loc":{"start":{"line":48,"column":18},"end":{"line":48,"column":29}}}},"statementMap":{"1":{"start":{"line":1,"column":0},"end":{"line":56,"column":1}},"2":{"start":{"line":2,"column":1},"end":{"line":55,"column":2}},"3":{"start":{"line":3,"column":2},"end":{"line":19,"column":3}},"4":{"start":{"line":4,"column":3},"end":{"line":5,"column":11}},"5":{"start":{"line":5,"column":4},"end":{"line":5,"column":11}},"6":{"start":{"line":7,"column":3},"end":{"line":7,"column":51}},"7":{"start":{"line":8,"column":3},"end":{"line":8,"column":30}},"8":{"start":{"line":9,"column":3},"end":{"line":9,"column":63}},"9":{"start":{"line":10,"column":3},"end":{"line":10,"column":64}},"10":{"start":{"line":12,"column":3},"end":{"line":18,"column":4}},"11":{"start":{"line":13,"column":4},"end":{"line":13,"column":33}},"12":{"start":{"line":14,"column":4},"end":{"line":17,"column":38}},"13":{"start":{"line":15,"column":5},"end":{"line":15,"column":41}},"14":{"start":{"line":17,"column":5},"end":{"line":17,"column":38}},"15":{"start":{"line":21,"column":2},"end":{"line":32,"column":3}},"16":{"start":{"line":22,"column":3},"end":{"line":25,"column":4}},"17":{"start":{"line":23,"column":4},"end":{"line":23,"column":89}},"18":{"start":{"line":24,"column":4},"end":{"line":24,"column":90}},"19":{"start":{"line":26,"column":3},"end":{"line":26,"column":35}},"20":{"start":{"line":27,"column":3},"end":{"line":31,"column":4}},"21":{"start":{"line":28,"column":4},"end":{"line":28,"column":33}},"22":{"start":{"line":29,"column":4},"end":{"line":30,"column":47}},"23":{"start":{"line":30,"column":5},"end":{"line":30,"column":47}},"24":{"start":{"line":34,"column":2},"end":{"line":38,"column":3}},"25":{"start":{"line":35,"column":3},"end":{"line":35,"column":35}},"26":{"start":{"line":36,"column":3},"end":{"line":37,"column":40}},"27":{"start":{"line":37,"column":4},"end":{"line":37,"column":40}},"28":{"start":{"line":40,"column":2},"end":{"line":42,"column":3}},"29":{"start":{"line":41,"column":3},"end":{"line":41,"column":64}},"30":{"start":{"line":44,"column":2},"end":{"line":54,"column":4}},"31":{"start":{"line":46,"column":24},"end":{"line":46,"column":56}},"32":{"start":{"line":49,"column":4},"end":{"line":49,"column":30}},"33":{"start":{"line":50,"column":4},"end":{"line":50,"column":33}},"34":{"start":{"line":51,"column":4},"end":{"line":51,"column":48}},"35":{"start":{"line":58,"column":0},"end":{"line":59,"column":35}},"36":{"start":{"line":59,"column":1},"end":{"line":59,"column":35}}},"branchMap":{"1":{"line":4,"type":"if","locations":[{"start":{"line":4,"column":3},"end":{"line":4,"column":3}},{"start":{"line":4,"column":3},"end":{"line":4,"column":3}}]},"2":{"line":14,"type":"if","locations":[{"start":{"line":14,"column":4},"end":{"line":14,"column":4}},{"start":{"line":14,"column":4},"end":{"line":14,"column":4}}]},"3":{"line":14,"type":"binary-expr","locations":[{"start":{"line":14,"column":8},"end":{"line":14,"column":25}},{"start":{"line":14,"column":29},"end":{"line":14,"column":48}}]},"4":{"line":22,"type":"if","locations":[{"start":{"line":22,"column":3},"end":{"line":22,"column":3}},{"start":{"line":22,"column":3},"end":{"line":22,"column":3}}]},"5":{"line":29,"type":"if","locations":[{"start":{"line":29,"column":4},"end":{"line":29,"column":4}},{"start":{"line":29,"column":4},"end":{"line":29,"column":4}}]},"6":{"line":29,"type":"binary-expr","locations":[{"start":{"line":29,"column":8},"end":{"line":29,"column":31}},{"start":{"line":29,"column":35},"end":{"line":29,"column":56}}]},"7":{"line":58,"type":"if","locations":[{"start":{"line":58,"column":0},"end":{"line":58,"column":0}},{"start":{"line":58,"column":0},"end":{"line":58,"column":0}}]}},"code":["function weekSelectPlugin(pluginConfig) {","\treturn function(fp) {","\t\tfunction onDayHover(event){","\t\t\tif (!event.target.classList.contains(\"flatpickr-day\"))","\t\t\t\treturn;","","\t\t\tconst days = event.target.parentNode.childNodes;","\t\t\tdayIndex = event.target.$i;","\t\t\tconst weekStartDay = days[7*Math.floor(dayIndex/7)].dateObj;","\t\t\tconst weekEndDay = days[7*Math.ceil(dayIndex/7) - 1].dateObj;","","\t\t\tfor(let i = days.length; i--;) {","\t\t\t\tconst date = days[i].dateObj;","\t\t\t\tif (date > weekEndDay || date < weekStartDay)","\t\t\t\t\tdays[i].classList.remove(\"inRange\");","\t\t\t\telse","\t\t\t\t\tdays[i].classList.add(\"inRange\");","\t\t\t}","\t\t}","","\t\tfunction highlightWeek(){","\t\t\tif (fp.selectedDateElem) {","\t\t\t\tfp.weekStartDay = fp.days.childNodes[7*Math.floor(fp.selectedDateElem.$i/7)].dateObj;","\t\t\t\tfp.weekEndDay = fp.days.childNodes[7*Math.ceil(fp.selectedDateElem.$i/7) - 1].dateObj;","\t\t\t}","\t\t\tconst days = fp.days.childNodes;","\t\t\tfor(let i = days.length; i--;) {","\t\t\t\tconst date = days[i].dateObj;","\t\t\t\tif (date >= fp.weekStartDay && date <= fp.weekEndDay)","\t\t\t\t\tdays[i].classList.add(\"week\", \"selected\");","\t\t\t}","\t\t}","","\t\tfunction clearHover() {","\t\t\tconst days = fp.days.childNodes;","\t\t\tfor(let i = days.length; i--;)","\t\t\t\tdays[i].classList.remove(\"inRange\");","\t\t}","","\t\tfunction onReady(){","\t\t\tfp.days.parentNode.addEventListener(\"mouseover\", onDayHover);","\t\t}","","\t\treturn {","\t\t\tonChange: highlightWeek,","\t\t\tonMonthChange: () => fp._.afterDayAnim(highlightWeek),","\t\t\tonClose: clearHover,","\t\t\tonParseConfig: function() {","\t\t\t\tfp.config.mode = \"single\";","\t\t\t\tfp.config.enableTime = false;","\t\t\t\tfp.config.dateFormat = \"\\\\W\\\\e\\\\e\\\\k #W, Y\";","\t\t\t},","\t\t\tonReady: [onReady, highlightWeek]","\t\t};","\t}","}","","if (typeof module !== \"undefined\")","\tmodule.exports = weekSelectPlugin;",""],"l":{"1":1,"2":0,"3":1,"4":0,"5":0,"7":0,"8":0,"9":0,"10":0,"12":0,"13":0,"14":0,"15":0,"17":0,"21":1,"22":0,"23":0,"24":0,"26":0,"27":0,"28":0,"29":0,"30":0,"34":1,"35":0,"36":0,"37":0,"40":1,"41":0,"44":0,"46":0,"49":0,"50":0,"51":0,"58":1,"59":1}}}