{"/home/travis/build/npmtest/node-npmtest-flatpickr/test.js":{"path":"/home/travis/build/npmtest/node-npmtest-flatpickr/test.js","s":{"1":2,"2":2,"3":2,"4":2,"5":2,"6":2,"7":2,"8":1,"9":2,"10":2,"11":1,"12":1,"13":1,"14":1,"15":2,"16":2,"17":2,"18":2,"19":1,"20":1,"21":2,"22":2,"23":2,"24":1,"25":1,"26":1,"27":1,"28":1,"29":1,"30":1,"31":1,"32":1,"33":1,"34":1,"35":1,"36":1,"37":1,"38":1,"39":2,"40":2,"41":1,"42":2,"43":2,"44":1,"45":2,"46":2,"47":1,"48":2,"49":2,"50":1,"51":1,"52":1,"53":1,"54":1},"b":{"1":[2,1,1,1],"2":[1,1,1,1],"3":[1,1],"4":[1,1],"5":[1,1],"6":[1,1],"7":[1,1],"8":[1,1],"9":[1,1],"10":[1,1,1],"11":[1,1],"12":[1,1],"13":[1,1],"14":[1,1],"15":[1,1],"16":[1,1],"17":[1,1]},"f":{"1":2,"2":2,"3":2,"4":2,"5":2,"6":1,"7":1,"8":1,"9":2,"10":2,"11":2,"12":2,"13":1},"fnMap":{"1":{"name":"(anonymous_1)","line":12,"loc":{"start":{"line":12,"column":1},"end":{"line":12,"column":13}}},"2":{"name":"(anonymous_2)","line":19,"loc":{"start":{"line":19,"column":5},"end":{"line":19,"column":17}}},"3":{"name":"(anonymous_3)","line":23,"loc":{"start":{"line":23,"column":24},"end":{"line":23,"column":36}}},"4":{"name":"(anonymous_4)","line":61,"loc":{"start":{"line":61,"column":5},"end":{"line":61,"column":17}}},"5":{"name":"(anonymous_5)","line":82,"loc":{"start":{"line":82,"column":5},"end":{"line":82,"column":17}}},"6":{"name":"(anonymous_6)","line":91,"loc":{"start":{"line":91,"column":77},"end":{"line":94,"column":10}}},"7":{"name":"(anonymous_7)","line":112,"loc":{"start":{"line":112,"column":83},"end":{"line":115,"column":10}},"skip":true},"8":{"name":"(anonymous_8)","line":123,"loc":{"start":{"line":123,"column":77},"end":{"line":126,"column":10}},"skip":true},"9":{"name":"(anonymous_9)","line":139,"loc":{"start":{"line":139,"column":12},"end":{"line":139,"column":40}},"skip":true},"10":{"name":"(anonymous_10)","line":147,"loc":{"start":{"line":147,"column":77},"end":{"line":150,"column":10}},"skip":true},"11":{"name":"(anonymous_11)","line":158,"loc":{"start":{"line":158,"column":83},"end":{"line":161,"column":10}},"skip":true},"12":{"name":"(anonymous_12)","line":169,"loc":{"start":{"line":169,"column":79},"end":{"line":172,"column":10}},"skip":true},"13":{"name":"(anonymous_13)","line":180,"loc":{"start":{"line":180,"column":75},"end":{"line":183,"column":10}},"skip":true}},"statementMap":{"1":{"start":{"line":12,"column":0},"end":{"line":195,"column":5}},"2":{"start":{"line":14,"column":4},"end":{"line":14,"column":14}},"3":{"start":{"line":19,"column":4},"end":{"line":56,"column":9}},"4":{"start":{"line":21,"column":8},"end":{"line":21,"column":19}},"5":{"start":{"line":23,"column":8},"end":{"line":35,"column":13}},"6":{"start":{"line":24,"column":12},"end":{"line":34,"column":13}},"7":{"start":{"line":25,"column":16},"end":{"line":28,"column":30}},"8":{"start":{"line":30,"column":16},"end":{"line":33,"column":27}},"9":{"start":{"line":37,"column":8},"end":{"line":39,"column":21}},"10":{"start":{"line":40,"column":8},"end":{"line":53,"column":9}},"11":{"start":{"line":43,"column":12},"end":{"line":46,"column":14}},"12":{"start":{"line":47,"column":12},"end":{"line":47,"column":18}},"13":{"start":{"line":50,"column":12},"end":{"line":51,"column":46}},"14":{"start":{"line":52,"column":12},"end":{"line":52,"column":18}},"15":{"start":{"line":55,"column":8},"end":{"line":55,"column":35}},"16":{"start":{"line":61,"column":4},"end":{"line":63,"column":9}},"17":{"start":{"line":62,"column":8},"end":{"line":62,"column":15}},"18":{"start":{"line":64,"column":4},"end":{"line":77,"column":5}},"19":{"start":{"line":70,"column":8},"end":{"line":70,"column":14}},"20":{"start":{"line":76,"column":8},"end":{"line":76,"column":14}},"21":{"start":{"line":82,"column":4},"end":{"line":84,"column":9}},"22":{"start":{"line":83,"column":8},"end":{"line":83,"column":15}},"23":{"start":{"line":85,"column":4},"end":{"line":194,"column":5}},"24":{"start":{"line":91,"column":8},"end":{"line":99,"column":10}},"25":{"start":{"line":98,"column":12},"end":{"line":98,"column":35}},"26":{"start":{"line":102,"column":8},"end":{"line":104,"column":63}},"27":{"start":{"line":105,"column":8},"end":{"line":105,"column":14}},"28":{"start":{"line":112,"column":8},"end":{"line":121,"column":10},"skip":true},"29":{"start":{"line":119,"column":12},"end":{"line":119,"column":55},"skip":true},"30":{"start":{"line":120,"column":12},"end":{"line":120,"column":48},"skip":true},"31":{"start":{"line":123,"column":8},"end":{"line":136,"column":10},"skip":true},"32":{"start":{"line":130,"column":12},"end":{"line":130,"column":76},"skip":true},"33":{"start":{"line":131,"column":12},"end":{"line":131,"column":73},"skip":true},"34":{"start":{"line":132,"column":12},"end":{"line":132,"column":74},"skip":true},"35":{"start":{"line":133,"column":12},"end":{"line":133,"column":79},"skip":true},"36":{"start":{"line":134,"column":12},"end":{"line":134,"column":25},"skip":true},"37":{"start":{"line":135,"column":12},"end":{"line":135,"column":45},"skip":true},"38":{"start":{"line":138,"column":8},"end":{"line":145,"column":14},"skip":true},"39":{"start":{"line":143,"column":16},"end":{"line":143,"column":29},"skip":true},"40":{"start":{"line":144,"column":16},"end":{"line":144,"column":55},"skip":true},"41":{"start":{"line":147,"column":8},"end":{"line":156,"column":10},"skip":true},"42":{"start":{"line":154,"column":12},"end":{"line":154,"column":25},"skip":true},"43":{"start":{"line":155,"column":12},"end":{"line":155,"column":45},"skip":true},"44":{"start":{"line":158,"column":8},"end":{"line":167,"column":10},"skip":true},"45":{"start":{"line":165,"column":12},"end":{"line":165,"column":25},"skip":true},"46":{"start":{"line":166,"column":12},"end":{"line":166,"column":48},"skip":true},"47":{"start":{"line":169,"column":8},"end":{"line":178,"column":10},"skip":true},"48":{"start":{"line":176,"column":12},"end":{"line":176,"column":25},"skip":true},"49":{"start":{"line":177,"column":12},"end":{"line":177,"column":46},"skip":true},"50":{"start":{"line":180,"column":8},"end":{"line":189,"column":10},"skip":true},"51":{"start":{"line":187,"column":12},"end":{"line":187,"column":94},"skip":true},"52":{"start":{"line":188,"column":12},"end":{"line":188,"column":48},"skip":true},"53":{"start":{"line":192,"column":8},"end":{"line":192,"column":35},"skip":true},"54":{"start":{"line":193,"column":8},"end":{"line":193,"column":14},"skip":true}},"branchMap":{"1":{"line":25,"type":"binary-expr","locations":[{"start":{"line":25,"column":23},"end":{"line":25,"column":62}},{"start":{"line":26,"column":20},"end":{"line":26,"column":70}},{"start":{"line":27,"column":20},"end":{"line":27,"column":71}},{"start":{"line":28,"column":20},"end":{"line":28,"column":29}}]},"2":{"line":30,"type":"binary-expr","locations":[{"start":{"line":30,"column":23},"end":{"line":30,"column":37}},{"start":{"line":31,"column":20},"end":{"line":31,"column":61}},{"start":{"line":32,"column":20},"end":{"line":32,"column":70}},{"start":{"line":33,"column":20},"end":{"line":33,"column":26}}]},"3":{"line":37,"type":"cond-expr","locations":[{"start":{"line":38,"column":14},"end":{"line":38,"column":20}},{"start":{"line":39,"column":14},"end":{"line":39,"column":20}}]},"4":{"line":40,"type":"switch","locations":[{"start":{"line":42,"column":8},"end":{"line":47,"column":18}},{"start":{"line":49,"column":8},"end":{"line":52,"column":18}}]},"5":{"line":44,"type":"binary-expr","locations":[{"start":{"line":44,"column":16},"end":{"line":44,"column":44}},{"start":{"line":44,"column":48},"end":{"line":44,"column":66}}]},"6":{"line":50,"type":"binary-expr","locations":[{"start":{"line":50,"column":21},"end":{"line":50,"column":49}},{"start":{"line":50,"column":53},"end":{"line":50,"column":72}}]},"7":{"line":64,"type":"switch","locations":[{"start":{"line":69,"column":4},"end":{"line":70,"column":14}},{"start":{"line":75,"column":4},"end":{"line":76,"column":14}}]},"8":{"line":85,"type":"switch","locations":[{"start":{"line":90,"column":4},"end":{"line":105,"column":14}},{"start":{"line":111,"column":4},"end":{"line":193,"column":14},"skip":true}]},"9":{"line":91,"type":"binary-expr","locations":[{"start":{"line":91,"column":42},"end":{"line":91,"column":73}},{"start":{"line":91,"column":77},"end":{"line":99,"column":9}}]},"10":{"line":102,"type":"binary-expr","locations":[{"start":{"line":102,"column":18},"end":{"line":102,"column":32}},{"start":{"line":103,"column":12},"end":{"line":103,"column":53}},{"start":{"line":104,"column":12},"end":{"line":104,"column":61}}]},"11":{"line":112,"type":"binary-expr","locations":[{"start":{"line":112,"column":45},"end":{"line":112,"column":79},"skip":true},{"start":{"line":112,"column":83},"end":{"line":121,"column":9},"skip":true}]},"12":{"line":123,"type":"binary-expr","locations":[{"start":{"line":123,"column":42},"end":{"line":123,"column":73},"skip":true},{"start":{"line":123,"column":77},"end":{"line":136,"column":9},"skip":true}]},"13":{"line":138,"type":"binary-expr","locations":[{"start":{"line":138,"column":48},"end":{"line":138,"column":85},"skip":true},{"start":{"line":139,"column":12},"end":{"line":145,"column":13},"skip":true}]},"14":{"line":147,"type":"binary-expr","locations":[{"start":{"line":147,"column":42},"end":{"line":147,"column":73},"skip":true},{"start":{"line":147,"column":77},"end":{"line":156,"column":9},"skip":true}]},"15":{"line":158,"type":"binary-expr","locations":[{"start":{"line":158,"column":45},"end":{"line":158,"column":79},"skip":true},{"start":{"line":158,"column":83},"end":{"line":167,"column":9},"skip":true}]},"16":{"line":169,"type":"binary-expr","locations":[{"start":{"line":169,"column":43},"end":{"line":169,"column":75},"skip":true},{"start":{"line":169,"column":79},"end":{"line":178,"column":9},"skip":true}]},"17":{"line":180,"type":"binary-expr","locations":[{"start":{"line":180,"column":41},"end":{"line":180,"column":71},"skip":true},{"start":{"line":180,"column":75},"end":{"line":189,"column":9},"skip":true}]}},"code":["/* istanbul instrument in package npmtest_flatpickr */","/*jslint","    bitwise: true,","    browser: true,","    maxerr: 8,","    maxlen: 96,","    node: true,","    nomen: true,","    regexp: true,","    stupid: true","*/","(function () {","    'use strict';","    var local;","","","","    // run shared js-env code - pre-init","    (function () {","        // init local","        local = {};","        // init modeJs","        local.modeJs = (function () {","            try {","                return typeof navigator.userAgent === 'string' &&","                    typeof document.querySelector('body') === 'object' &&","                    typeof XMLHttpRequest.prototype.open === 'function' &&","                    'browser';","            } catch (errorCaughtBrowser) {","                return module.exports &&","                    typeof process.versions.node === 'string' &&","                    typeof require('http').createServer === 'function' &&","                    'node';","            }","        }());","        // init global","        local.global = local.modeJs === 'browser'","            ? window","            : global;","        switch (local.modeJs) {","        // re-init local from window.local","        case 'browser':","            local = local.global.utility2.objectSetDefault(","                local.global.utility2_rollup || local.global.local,","                local.global.utility2","            );","            break;","        // re-init local from example.js","        case 'node':","            local = (local.global.utility2_rollup || require('utility2'))","                .requireExampleJsFromReadme();","            break;","        }","        // export local","        local.global.local = local;","    }());","","","","    // run shared js-env code - function","    (function () {","        return;","    }());","    switch (local.modeJs) {","","","","    // run browser js-env code - function","    case 'browser':","        break;","","","","    // run node js-env code - function","    case 'node':","        break;","    }","","","","    // run shared js-env code - post-init","    (function () {","        return;","    }());","    switch (local.modeJs) {","","","","    // run browser js-env code - post-init","    case 'browser':","        local.testCase_browser_nullCase = local.testCase_browser_nullCase || function (","            options,","            onError","        ) {","        /*","         * this function will test browsers's null-case handling-behavior-behavior","         */","            onError(null, options);","        };","","        // run tests","        local.nop(local.modeTest &&","            document.querySelector('#testRunButton1') &&","            document.querySelector('#testRunButton1').click());","        break;","","","","    // run node js-env code - post-init","    /* istanbul ignore next */","    case 'node':","        local.testCase_buildApidoc_default = local.testCase_buildApidoc_default || function (","            options,","            onError","        ) {","        /*","         * this function will test buildApidoc's default handling-behavior-behavior","         */","            options = { modulePathList: module.paths };","            local.buildApidoc(options, onError);","        };","","        local.testCase_buildApp_default = local.testCase_buildApp_default || function (","            options,","            onError","        ) {","        /*","         * this function will test buildApp's default handling-behavior-behavior","         */","            local.testCase_buildReadme_default(options, local.onErrorThrow);","            local.testCase_buildLib_default(options, local.onErrorThrow);","            local.testCase_buildTest_default(options, local.onErrorThrow);","            local.testCase_buildCustomOrg_default(options, local.onErrorThrow);","            options = [];","            local.buildApp(options, onError);","        };","","        local.testCase_buildCustomOrg_default = local.testCase_buildCustomOrg_default ||","            function (options, onError) {","            /*","             * this function will test buildCustomOrg's default handling-behavior","             */","                options = {};","                local.buildCustomOrg(options, onError);","            };","","        local.testCase_buildLib_default = local.testCase_buildLib_default || function (","            options,","            onError","        ) {","        /*","         * this function will test buildLib's default handling-behavior","         */","            options = {};","            local.buildLib(options, onError);","        };","","        local.testCase_buildReadme_default = local.testCase_buildReadme_default || function (","            options,","            onError","        ) {","        /*","         * this function will test buildReadme's default handling-behavior-behavior","         */","            options = {};","            local.buildReadme(options, onError);","        };","","        local.testCase_buildTest_default = local.testCase_buildTest_default || function (","            options,","            onError","        ) {","        /*","         * this function will test buildTest's default handling-behavior","         */","            options = {};","            local.buildTest(options, onError);","        };","","        local.testCase_webpage_default = local.testCase_webpage_default || function (","            options,","            onError","        ) {","        /*","         * this function will test webpage's default handling-behavior","         */","            options = { modeCoverageMerge: true, url: local.serverLocalHost + '?modeTest=1' };","            local.browserTest(options, onError);","        };","","        // run test-server","        local.testRunServer(local);","        break;","    }","}());",""],"l":{"12":2,"14":2,"19":2,"21":2,"23":2,"24":2,"25":2,"30":1,"37":2,"40":2,"43":1,"47":1,"50":1,"52":1,"55":2,"61":2,"62":2,"64":2,"70":1,"76":1,"82":2,"83":2,"85":2,"91":1,"98":1,"102":1,"105":1,"112":1,"119":1,"120":1,"123":1,"130":1,"131":1,"132":1,"133":1,"134":1,"135":1,"138":1,"143":2,"144":2,"147":1,"154":2,"155":2,"158":1,"165":2,"166":2,"169":1,"176":2,"177":2,"180":1,"187":1,"188":1,"192":1,"193":1}},"/home/travis/build/npmtest/node-npmtest-flatpickr/lib.npmtest_flatpickr.js":{"path":"/home/travis/build/npmtest/node-npmtest-flatpickr/lib.npmtest_flatpickr.js","s":{"1":2,"2":2,"3":2,"4":2,"5":2,"6":2,"7":2,"8":1,"9":2,"10":2,"11":2,"12":2,"13":1,"14":1,"15":1,"16":1},"b":{"1":[2,1,1,1],"2":[1,1,1,1],"3":[1,1],"4":[2,2],"5":[1,1]},"f":{"1":2,"2":2,"3":2},"fnMap":{"1":{"name":"(anonymous_1)","line":12,"loc":{"start":{"line":12,"column":1},"end":{"line":12,"column":13}}},"2":{"name":"(anonymous_2)","line":19,"loc":{"start":{"line":19,"column":5},"end":{"line":19,"column":17}}},"3":{"name":"(anonymous_3)","line":23,"loc":{"start":{"line":23,"column":24},"end":{"line":23,"column":36}}}},"statementMap":{"1":{"start":{"line":12,"column":0},"end":{"line":53,"column":5}},"2":{"start":{"line":14,"column":4},"end":{"line":14,"column":14}},"3":{"start":{"line":19,"column":4},"end":{"line":52,"column":9}},"4":{"start":{"line":21,"column":8},"end":{"line":21,"column":19}},"5":{"start":{"line":23,"column":8},"end":{"line":35,"column":13}},"6":{"start":{"line":24,"column":12},"end":{"line":34,"column":13}},"7":{"start":{"line":25,"column":16},"end":{"line":28,"column":30}},"8":{"start":{"line":30,"column":16},"end":{"line":33,"column":27}},"9":{"start":{"line":37,"column":8},"end":{"line":39,"column":21}},"10":{"start":{"line":41,"column":8},"end":{"line":41,"column":54}},"11":{"start":{"line":43,"column":8},"end":{"line":43,"column":54}},"12":{"start":{"line":45,"column":8},"end":{"line":51,"column":9}},"13":{"start":{"line":46,"column":12},"end":{"line":46,"column":60}},"14":{"start":{"line":48,"column":12},"end":{"line":48,"column":35}},"15":{"start":{"line":49,"column":12},"end":{"line":49,"column":49}},"16":{"start":{"line":50,"column":12},"end":{"line":50,"column":43}}},"branchMap":{"1":{"line":25,"type":"binary-expr","locations":[{"start":{"line":25,"column":23},"end":{"line":25,"column":62}},{"start":{"line":26,"column":20},"end":{"line":26,"column":70}},{"start":{"line":27,"column":20},"end":{"line":27,"column":71}},{"start":{"line":28,"column":20},"end":{"line":28,"column":29}}]},"2":{"line":30,"type":"binary-expr","locations":[{"start":{"line":30,"column":23},"end":{"line":30,"column":37}},{"start":{"line":31,"column":20},"end":{"line":31,"column":61}},{"start":{"line":32,"column":20},"end":{"line":32,"column":70}},{"start":{"line":33,"column":20},"end":{"line":33,"column":26}}]},"3":{"line":37,"type":"cond-expr","locations":[{"start":{"line":38,"column":14},"end":{"line":38,"column":20}},{"start":{"line":39,"column":14},"end":{"line":39,"column":20}}]},"4":{"line":41,"type":"binary-expr","locations":[{"start":{"line":41,"column":16},"end":{"line":41,"column":44}},{"start":{"line":41,"column":48},"end":{"line":41,"column":53}}]},"5":{"line":45,"type":"if","locations":[{"start":{"line":45,"column":8},"end":{"line":45,"column":8}},{"start":{"line":45,"column":8},"end":{"line":45,"column":8}}]}},"code":["/* istanbul instrument in package npmtest_flatpickr */","/*jslint","    bitwise: true,","    browser: true,","    maxerr: 8,","    maxlen: 96,","    node: true,","    nomen: true,","    regexp: true,","    stupid: true","*/","(function () {","    'use strict';","    var local;","","","","    // run shared js-env code - pre-init","    (function () {","        // init local","        local = {};","        // init modeJs","        local.modeJs = (function () {","            try {","                return typeof navigator.userAgent === 'string' &&","                    typeof document.querySelector('body') === 'object' &&","                    typeof XMLHttpRequest.prototype.open === 'function' &&","                    'browser';","            } catch (errorCaughtBrowser) {","                return module.exports &&","                    typeof process.versions.node === 'string' &&","                    typeof require('http').createServer === 'function' &&","                    'node';","            }","        }());","        // init global","        local.global = local.modeJs === 'browser'","            ? window","            : global;","        // init utility2_rollup","        local = local.global.utility2_rollup || local;","        // init lib","        local.local = local.npmtest_flatpickr = local;","        // init exports","        if (local.modeJs === 'browser') {","            local.global.utility2_npmtest_flatpickr = local;","        } else {","            module.exports = local;","            module.exports.__dirname = __dirname;","            module.exports.module = module;","        }","    }());","}());",""],"l":{"12":2,"14":2,"19":2,"21":2,"23":2,"24":2,"25":2,"30":1,"37":2,"41":2,"43":2,"45":2,"46":1,"48":1,"49":1,"50":1}},"/home/travis/build/npmtest/node-npmtest-flatpickr/example.js":{"path":"/home/travis/build/npmtest/node-npmtest-flatpickr/example.js","s":{"1":2,"2":2,"3":2,"4":2,"5":2,"6":2,"7":2,"8":1,"9":2,"10":2,"11":2,"12":2,"13":1,"14":2,"15":2,"16":2,"17":2,"18":2,"19":0,"20":2,"21":1,"22":1,"23":1,"24":1,"25":1,"26":0,"27":0,"28":1,"29":1,"30":2,"31":0,"32":0,"33":0,"34":1,"35":2,"36":2,"37":3,"38":3,"39":3,"40":3,"41":0,"42":3,"43":3,"44":3,"45":1,"46":3,"47":1,"48":1,"49":1,"50":1,"51":1,"52":1,"53":1,"54":1,"55":1,"56":1,"57":0,"58":1,"59":6,"60":6,"61":1,"62":2,"63":0,"64":2,"65":1,"66":1,"67":0,"68":0,"69":0,"70":0,"71":0,"72":0,"73":0,"74":0,"75":0,"76":0,"77":0,"78":0,"79":0,"80":0,"81":0,"82":0,"83":0},"b":{"1":[2,1,1,1],"2":[1,1,1,1],"3":[1,1],"4":[2,2],"5":[1,1],"6":[1,1],"7":[2,0],"8":[2,1,1,1,1,1],"9":[0,2,0],"10":[1,1],"11":[2,1,1],"12":[1,0],"13":[0,2],"14":[2,0,0,0,0,0,0],"15":[0,3],"16":[3,0],"17":[1,1],"18":[0,1],"19":[1,2,0,2],"20":[1,0],"21":[1,1],"22":[0,0],"23":[0,0],"24":[0,0],"25":[0,0],"26":[0,0],"27":[0,0],"28":[0,0]},"f":{"1":2,"2":2,"3":2,"4":2,"5":2,"6":2,"7":3,"8":3,"9":3,"10":1,"11":6,"12":0},"fnMap":{"1":{"name":"(anonymous_1)","line":26,"loc":{"start":{"line":26,"column":1},"end":{"line":26,"column":13}}},"2":{"name":"(anonymous_2)","line":33,"loc":{"start":{"line":33,"column":5},"end":{"line":33,"column":17}}},"3":{"name":"(anonymous_3)","line":37,"loc":{"start":{"line":37,"column":24},"end":{"line":37,"column":36}}},"4":{"name":"(anonymous_4)","line":69,"loc":{"start":{"line":69,"column":31},"end":{"line":69,"column":48}},"skip":true},"5":{"name":"(anonymous_5)","line":78,"loc":{"start":{"line":78,"column":26},"end":{"line":78,"column":45}},"skip":true},"6":{"name":"(anonymous_6)","line":123,"loc":{"start":{"line":123,"column":33},"end":{"line":123,"column":48}},"skip":true},"7":{"name":"(anonymous_7)","line":125,"loc":{"start":{"line":125,"column":27},"end":{"line":125,"column":39}},"skip":true},"8":{"name":"(anonymous_8)","line":133,"loc":{"start":{"line":133,"column":59},"end":{"line":133,"column":74}},"skip":true},"9":{"name":"(anonymous_9)","line":143,"loc":{"start":{"line":143,"column":45},"end":{"line":143,"column":62}},"skip":true},"10":{"name":"(anonymous_10)","line":144,"loc":{"start":{"line":144,"column":73},"end":{"line":144,"column":92}},"skip":true},"11":{"name":"(anonymous_11)","line":272,"loc":{"start":{"line":272,"column":51},"end":{"line":272,"column":77}},"skip":true},"12":{"name":"(anonymous_12)","line":315,"loc":{"start":{"line":315,"column":32},"end":{"line":315,"column":61}},"skip":true}},"statementMap":{"1":{"start":{"line":26,"column":0},"end":{"line":326,"column":5}},"2":{"start":{"line":28,"column":4},"end":{"line":28,"column":14}},"3":{"start":{"line":33,"column":4},"end":{"line":60,"column":9}},"4":{"start":{"line":35,"column":8},"end":{"line":35,"column":19}},"5":{"start":{"line":37,"column":8},"end":{"line":49,"column":13}},"6":{"start":{"line":38,"column":12},"end":{"line":48,"column":13}},"7":{"start":{"line":39,"column":16},"end":{"line":42,"column":30}},"8":{"start":{"line":44,"column":16},"end":{"line":47,"column":27}},"9":{"start":{"line":51,"column":8},"end":{"line":53,"column":21}},"10":{"start":{"line":55,"column":8},"end":{"line":57,"column":45}},"11":{"start":{"line":59,"column":8},"end":{"line":59,"column":35}},"12":{"start":{"line":61,"column":4},"end":{"line":325,"column":5}},"13":{"start":{"line":69,"column":8},"end":{"line":121,"column":10},"skip":true},"14":{"start":{"line":70,"column":12},"end":{"line":88,"column":13},"skip":true},"15":{"start":{"line":76,"column":16},"end":{"line":87,"column":19},"skip":true},"16":{"start":{"line":79,"column":20},"end":{"line":86,"column":21},"skip":true},"17":{"start":{"line":82,"column":24},"end":{"line":82,"column":43},"skip":true},"18":{"start":{"line":83,"column":24},"end":{"line":83,"column":30},"skip":true},"19":{"start":{"line":85,"column":24},"end":{"line":85,"column":49},"skip":true},"20":{"start":{"line":89,"column":12},"end":{"line":107,"column":13},"skip":true},"21":{"start":{"line":92,"column":16},"end":{"line":102,"column":17},"skip":true},"22":{"start":{"line":93,"column":20},"end":{"line":93,"column":86},"skip":true},"23":{"start":{"line":94,"column":20},"end":{"line":95,"column":45},"skip":true},"24":{"start":{"line":96,"column":20},"end":{"line":96,"column":42},"skip":true},"25":{"start":{"line":97,"column":20},"end":{"line":97,"column":48},"skip":true},"26":{"start":{"line":100,"column":20},"end":{"line":100,"column":85},"skip":true},"27":{"start":{"line":101,"column":20},"end":{"line":101,"column":96},"skip":true},"28":{"start":{"line":103,"column":16},"end":{"line":103,"column":22},"skip":true},"29":{"start":{"line":106,"column":16},"end":{"line":106,"column":22},"skip":true},"30":{"start":{"line":108,"column":12},"end":{"line":120,"column":13},"skip":true},"31":{"start":{"line":114,"column":16},"end":{"line":119,"column":17},"skip":true},"32":{"start":{"line":116,"column":20},"end":{"line":116,"column":78},"skip":true},"33":{"start":{"line":118,"column":20},"end":{"line":118,"column":47},"skip":true},"34":{"start":{"line":123,"column":8},"end":{"line":141,"column":11},"skip":true},"35":{"start":{"line":124,"column":12},"end":{"line":124,"column":54},"skip":true},"36":{"start":{"line":125,"column":12},"end":{"line":140,"column":14},"skip":true},"37":{"start":{"line":126,"column":16},"end":{"line":126,"column":28},"skip":true},"38":{"start":{"line":127,"column":16},"end":{"line":127,"column":69},"skip":true},"39":{"start":{"line":128,"column":16},"end":{"line":128,"column":75},"skip":true},"40":{"start":{"line":129,"column":16},"end":{"line":131,"column":17},"skip":true},"41":{"start":{"line":130,"column":20},"end":{"line":130,"column":27},"skip":true},"42":{"start":{"line":133,"column":16},"end":{"line":137,"column":36},"skip":true},"43":{"start":{"line":134,"column":20},"end":{"line":136,"column":55},"skip":true},"44":{"start":{"line":139,"column":16},"end":{"line":139,"column":57},"skip":true},"45":{"start":{"line":143,"column":8},"end":{"line":147,"column":11},"skip":true},"46":{"start":{"line":144,"column":12},"end":{"line":146,"column":15},"skip":true},"47":{"start":{"line":145,"column":16},"end":{"line":145,"column":70},"skip":true},"48":{"start":{"line":149,"column":8},"end":{"line":149,"column":31},"skip":true},"49":{"start":{"line":150,"column":8},"end":{"line":150,"column":14},"skip":true},"50":{"start":{"line":158,"column":8},"end":{"line":158,"column":31},"skip":true},"51":{"start":{"line":160,"column":8},"end":{"line":160,"column":33},"skip":true},"52":{"start":{"line":161,"column":8},"end":{"line":161,"column":37},"skip":true},"53":{"start":{"line":162,"column":8},"end":{"line":162,"column":35},"skip":true},"54":{"start":{"line":164,"column":8},"end":{"line":164,"column":50},"skip":true},"55":{"start":{"line":166,"column":8},"end":{"line":256,"column":2},"skip":true},"56":{"start":{"line":258,"column":8},"end":{"line":286,"column":9},"skip":true},"57":{"start":{"line":259,"column":12},"end":{"line":269,"column":14},"skip":true},"58":{"start":{"line":271,"column":12},"end":{"line":285,"column":19},"skip":true},"59":{"start":{"line":274,"column":20},"end":{"line":274,"column":35},"skip":true},"60":{"start":{"line":275,"column":20},"end":{"line":284,"column":21},"skip":true},"61":{"start":{"line":277,"column":24},"end":{"line":277,"column":64},"skip":true},"62":{"start":{"line":279,"column":24},"end":{"line":279,"column":40},"skip":true},"63":{"start":{"line":281,"column":24},"end":{"line":281,"column":40},"skip":true},"64":{"start":{"line":283,"column":24},"end":{"line":283,"column":39},"skip":true},"65":{"start":{"line":288,"column":8},"end":{"line":290,"column":9},"skip":true},"66":{"start":{"line":289,"column":12},"end":{"line":289,"column":18},"skip":true},"67":{"start":{"line":291,"column":8},"end":{"line":293,"column":54},"skip":true},"68":{"start":{"line":296,"column":8},"end":{"line":301,"column":37},"skip":true},"69":{"start":{"line":303,"column":8},"end":{"line":303,"column":82},"skip":true},"70":{"start":{"line":306,"column":8},"end":{"line":308,"column":9},"skip":true},"71":{"start":{"line":307,"column":12},"end":{"line":307,"column":82},"skip":true},"72":{"start":{"line":310,"column":8},"end":{"line":312,"column":9},"skip":true},"73":{"start":{"line":311,"column":12},"end":{"line":311,"column":18},"skip":true},"74":{"start":{"line":313,"column":8},"end":{"line":313,"column":54},"skip":true},"75":{"start":{"line":314,"column":8},"end":{"line":314,"column":69},"skip":true},"76":{"start":{"line":315,"column":8},"end":{"line":323,"column":36},"skip":true},"77":{"start":{"line":316,"column":12},"end":{"line":316,"column":61},"skip":true},"78":{"start":{"line":317,"column":12},"end":{"line":320,"column":13},"skip":true},"79":{"start":{"line":318,"column":16},"end":{"line":318,"column":75},"skip":true},"80":{"start":{"line":319,"column":16},"end":{"line":319,"column":23},"skip":true},"81":{"start":{"line":321,"column":12},"end":{"line":321,"column":38},"skip":true},"82":{"start":{"line":322,"column":12},"end":{"line":322,"column":27},"skip":true},"83":{"start":{"line":324,"column":8},"end":{"line":324,"column":14},"skip":true}},"branchMap":{"1":{"line":39,"type":"binary-expr","locations":[{"start":{"line":39,"column":23},"end":{"line":39,"column":62}},{"start":{"line":40,"column":20},"end":{"line":40,"column":70}},{"start":{"line":41,"column":20},"end":{"line":41,"column":71}},{"start":{"line":42,"column":20},"end":{"line":42,"column":29}}]},"2":{"line":44,"type":"binary-expr","locations":[{"start":{"line":44,"column":23},"end":{"line":44,"column":37}},{"start":{"line":45,"column":20},"end":{"line":45,"column":61}},{"start":{"line":46,"column":20},"end":{"line":46,"column":70}},{"start":{"line":47,"column":20},"end":{"line":47,"column":26}}]},"3":{"line":51,"type":"cond-expr","locations":[{"start":{"line":52,"column":14},"end":{"line":52,"column":20}},{"start":{"line":53,"column":14},"end":{"line":53,"column":20}}]},"4":{"line":55,"type":"binary-expr","locations":[{"start":{"line":55,"column":16},"end":{"line":55,"column":44}},{"start":{"line":55,"column":49},"end":{"line":57,"column":43}}]},"5":{"line":55,"type":"cond-expr","locations":[{"start":{"line":56,"column":14},"end":{"line":56,"column":53}},{"start":{"line":57,"column":14},"end":{"line":57,"column":43}}]},"6":{"line":61,"type":"switch","locations":[{"start":{"line":68,"column":4},"end":{"line":150,"column":14},"skip":true},{"start":{"line":156,"column":4},"end":{"line":324,"column":14},"skip":true}]},"7":{"line":70,"type":"if","locations":[{"start":{"line":70,"column":12},"end":{"line":70,"column":12},"skip":true},{"start":{"line":70,"column":12},"end":{"line":70,"column":12},"skip":true}]},"8":{"line":70,"type":"binary-expr","locations":[{"start":{"line":70,"column":16},"end":{"line":70,"column":22},"skip":true},{"start":{"line":70,"column":27},"end":{"line":70,"column":32},"skip":true},{"start":{"line":71,"column":20},"end":{"line":71,"column":39},"skip":true},{"start":{"line":72,"column":20},"end":{"line":72,"column":49},"skip":true},{"start":{"line":73,"column":20},"end":{"line":73,"column":58},"skip":true},{"start":{"line":74,"column":20},"end":{"line":74,"column":69},"skip":true}]},"9":{"line":79,"type":"switch","locations":[{"start":{"line":80,"column":20},"end":{"line":80,"column":33},"skip":true},{"start":{"line":81,"column":20},"end":{"line":83,"column":30},"skip":true},{"start":{"line":84,"column":20},"end":{"line":85,"column":49},"skip":true}]},"10":{"line":89,"type":"switch","locations":[{"start":{"line":90,"column":12},"end":{"line":103,"column":22},"skip":true},{"start":{"line":105,"column":12},"end":{"line":106,"column":22},"skip":true}]},"11":{"line":89,"type":"binary-expr","locations":[{"start":{"line":89,"column":20},"end":{"line":89,"column":25},"skip":true},{"start":{"line":89,"column":29},"end":{"line":89,"column":48},"skip":true},{"start":{"line":89,"column":52},"end":{"line":89,"column":74},"skip":true}]},"12":{"line":92,"type":"if","locations":[{"start":{"line":92,"column":16},"end":{"line":92,"column":16},"skip":true},{"start":{"line":92,"column":16},"end":{"line":92,"column":16},"skip":true}]},"13":{"line":108,"type":"if","locations":[{"start":{"line":108,"column":12},"end":{"line":108,"column":12},"skip":true},{"start":{"line":108,"column":12},"end":{"line":108,"column":12},"skip":true}]},"14":{"line":108,"type":"binary-expr","locations":[{"start":{"line":108,"column":16},"end":{"line":108,"column":61},"skip":true},{"start":{"line":108,"column":66},"end":{"line":108,"column":72},"skip":true},{"start":{"line":108,"column":77},"end":{"line":108,"column":82},"skip":true},{"start":{"line":109,"column":20},"end":{"line":109,"column":39},"skip":true},{"start":{"line":110,"column":20},"end":{"line":110,"column":49},"skip":true},{"start":{"line":111,"column":20},"end":{"line":111,"column":58},"skip":true},{"start":{"line":112,"column":20},"end":{"line":112,"column":68},"skip":true}]},"15":{"line":129,"type":"if","locations":[{"start":{"line":129,"column":16},"end":{"line":129,"column":16},"skip":true},{"start":{"line":129,"column":16},"end":{"line":129,"column":16},"skip":true}]},"16":{"line":134,"type":"cond-expr","locations":[{"start":{"line":135,"column":26},"end":{"line":135,"column":29},"skip":true},{"start":{"line":136,"column":26},"end":{"line":136,"column":54},"skip":true}]},"17":{"line":164,"type":"binary-expr","locations":[{"start":{"line":164,"column":27},"end":{"line":164,"column":43},"skip":true},{"start":{"line":164,"column":47},"end":{"line":164,"column":49},"skip":true}]},"18":{"line":258,"type":"if","locations":[{"start":{"line":258,"column":8},"end":{"line":258,"column":8},"skip":true},{"start":{"line":258,"column":8},"end":{"line":258,"column":8},"skip":true}]},"19":{"line":275,"type":"switch","locations":[{"start":{"line":276,"column":20},"end":{"line":277,"column":64},"skip":true},{"start":{"line":278,"column":20},"end":{"line":279,"column":40},"skip":true},{"start":{"line":280,"column":20},"end":{"line":281,"column":40},"skip":true},{"start":{"line":282,"column":20},"end":{"line":283,"column":39},"skip":true}]},"20":{"line":288,"type":"if","locations":[{"start":{"line":288,"column":8},"end":{"line":288,"column":8},"skip":true},{"start":{"line":288,"column":8},"end":{"line":288,"column":8},"skip":true}]},"21":{"line":288,"type":"binary-expr","locations":[{"start":{"line":288,"column":12},"end":{"line":288,"column":40},"skip":true},{"start":{"line":288,"column":44},"end":{"line":288,"column":67},"skip":true}]},"22":{"line":292,"type":"binary-expr","locations":[{"start":{"line":292,"column":12},"end":{"line":292,"column":50},"skip":true},{"start":{"line":293,"column":12},"end":{"line":293,"column":53},"skip":true}]},"23":{"line":297,"type":"binary-expr","locations":[{"start":{"line":297,"column":12},"end":{"line":297,"column":67},"skip":true},{"start":{"line":298,"column":12},"end":{"line":301,"column":36},"skip":true}]},"24":{"line":303,"type":"binary-expr","locations":[{"start":{"line":303,"column":43},"end":{"line":303,"column":75},"skip":true},{"start":{"line":303,"column":79},"end":{"line":303,"column":81},"skip":true}]},"25":{"line":306,"type":"if","locations":[{"start":{"line":306,"column":8},"end":{"line":306,"column":8},"skip":true},{"start":{"line":306,"column":8},"end":{"line":306,"column":8},"skip":true}]},"26":{"line":310,"type":"if","locations":[{"start":{"line":310,"column":8},"end":{"line":310,"column":8},"skip":true},{"start":{"line":310,"column":8},"end":{"line":310,"column":8},"skip":true}]},"27":{"line":313,"type":"binary-expr","locations":[{"start":{"line":313,"column":27},"end":{"line":313,"column":43},"skip":true},{"start":{"line":313,"column":47},"end":{"line":313,"column":53},"skip":true}]},"28":{"line":317,"type":"if","locations":[{"start":{"line":317,"column":12},"end":{"line":317,"column":12},"skip":true},{"start":{"line":317,"column":12},"end":{"line":317,"column":12},"skip":true}]}},"code":["/*","example.js","","quickstart example","","instruction","    1. save this script as example.js","    2. run the shell command:","        $ npm install npmtest-flatpickr && PORT=8081 node example.js","    3. play with the browser-demo on http://127.0.0.1:8081","*/","","","","/* istanbul instrument in package npmtest_flatpickr */","/*jslint","    bitwise: true,","    browser: true,","    maxerr: 8,","    maxlen: 96,","    node: true,","    nomen: true,","    regexp: true,","    stupid: true","*/","(function () {","    'use strict';","    var local;","","","","    // run shared js-env code - pre-init","    (function () {","        // init local","        local = {};","        // init modeJs","        local.modeJs = (function () {","            try {","                return typeof navigator.userAgent === 'string' &&","                    typeof document.querySelector('body') === 'object' &&","                    typeof XMLHttpRequest.prototype.open === 'function' &&","                    'browser';","            } catch (errorCaughtBrowser) {","                return module.exports &&","                    typeof process.versions.node === 'string' &&","                    typeof require('http').createServer === 'function' &&","                    'node';","            }","        }());","        // init global","        local.global = local.modeJs === 'browser'","            ? window","            : global;","        // init utility2_rollup","        local = local.global.utility2_rollup || (local.modeJs === 'browser'","            ? local.global.utility2_npmtest_flatpickr","            : global.utility2_moduleExports);","        // export local","        local.global.local = local;","    }());","    switch (local.modeJs) {","","","","    // post-init","    // run browser js-env code - post-init","    /* istanbul ignore next */","    case 'browser':","        local.testRunBrowser = function (event) {","            if (!event || (event &&","                    event.currentTarget &&","                    event.currentTarget.className &&","                    event.currentTarget.className.includes &&","                    event.currentTarget.className.includes('onreset'))) {","                // reset output","                Array.from(","                    document.querySelectorAll('body > .resettable')","                ).forEach(function (element) {","                    switch (element.tagName) {","                    case 'INPUT':","                    case 'TEXTAREA':","                        element.value = '';","                        break;","                    default:","                        element.textContent = '';","                    }","                });","            }","            switch (event && event.currentTarget && event.currentTarget.id) {","            case 'testRunButton1':","                // show tests","                if (document.querySelector('#testReportDiv1').style.display === 'none') {","                    document.querySelector('#testReportDiv1').style.display = 'block';","                    document.querySelector('#testRunButton1').textContent =","                        'hide internal test';","                    local.modeTest = true;","                    local.testRunDefault(local);","                // hide tests","                } else {","                    document.querySelector('#testReportDiv1').style.display = 'none';","                    document.querySelector('#testRunButton1').textContent = 'run internal test';","                }","                break;","            // custom-case","            default:","                break;","            }","            if (document.querySelector('#inputTextareaEval1') && (!event || (event &&","                    event.currentTarget &&","                    event.currentTarget.className &&","                    event.currentTarget.className.includes &&","                    event.currentTarget.className.includes('oneval')))) {","                // try to eval input-code","                try {","                    /*jslint evil: true*/","                    eval(document.querySelector('#inputTextareaEval1').value);","                } catch (errorCaught) {","                    console.error(errorCaught);","                }","            }","        };","        // log stderr and stdout to #outputTextareaStdout1","        ['error', 'log'].forEach(function (key) {","            console[key + '_original'] = console[key];","            console[key] = function () {","                var element;","                console[key + '_original'].apply(console, arguments);","                element = document.querySelector('#outputTextareaStdout1');","                if (!element) {","                    return;","                }","                // append text to #outputTextareaStdout1","                element.value += Array.from(arguments).map(function (arg) {","                    return typeof arg === 'string'","                        ? arg","                        : JSON.stringify(arg, null, 4);","                }).join(' ') + '\\n';","                // scroll textarea to bottom","                element.scrollTop = element.scrollHeight;","            };","        });","        // init event-handling","        ['change', 'click', 'keyup'].forEach(function (event) {","            Array.from(document.querySelectorAll('.on' + event)).forEach(function (element) {","                element.addEventListener(event, local.testRunBrowser);","            });","        });","        // run tests","        local.testRunBrowser();","        break;","","","","    // run node js-env code - post-init","    /* istanbul ignore next */","    case 'node':","        // export local","        module.exports = local;","        // require modules","        local.fs = require('fs');","        local.http = require('http');","        local.url = require('url');","        // init assets","        local.assetsDict = local.assetsDict || {};","        /* jslint-ignore-begin */","        local.assetsDict['/assets.index.template.html'] = '\\","<!doctype html>\\n\\","<html lang=\"en\">\\n\\","<head>\\n\\","<meta charset=\"UTF-8\">\\n\\","<meta name=\"viewport\" content=\"width=device-width, initial-scale=1\">\\n\\","<title>{{env.npm_package_name}} (v{{env.npm_package_version}})</title>\\n\\","<style>\\n\\","/*csslint\\n\\","    box-sizing: false,\\n\\","    universal-selector: false\\n\\","*/\\n\\","* {\\n\\","    box-sizing: border-box;\\n\\","}\\n\\","body {\\n\\","    background: #dde;\\n\\","    font-family: Arial, Helvetica, sans-serif;\\n\\","    margin: 2rem;\\n\\","}\\n\\","body > * {\\n\\","    margin-bottom: 1rem;\\n\\","}\\n\\",".utility2FooterDiv {\\n\\","    margin-top: 20px;\\n\\","    text-align: center;\\n\\","}\\n\\","</style>\\n\\","<style>\\n\\","/*csslint\\n\\","*/\\n\\","textarea {\\n\\","    font-family: monospace;\\n\\","    height: 10rem;\\n\\","    width: 100%;\\n\\","}\\n\\","textarea[readonly] {\\n\\","    background: #ddd;\\n\\","}\\n\\","</style>\\n\\","</head>\\n\\","<body>\\n\\","<!-- utility2-comment\\n\\","<div id=\"ajaxProgressDiv1\" style=\"background: #d00; height: 2px; left: 0; margin: 0; padding: 0; position: fixed; top: 0; transition: background 0.5s, width 1.5s; width: 25%;\"></div>\\n\\","utility2-comment -->\\n\\","<h1>\\n\\","<!-- utility2-comment\\n\\","    <a\\n\\","        {{#if env.npm_package_homepage}}\\n\\","        href=\"{{env.npm_package_homepage}}\"\\n\\","        {{/if env.npm_package_homepage}}\\n\\","        target=\"_blank\"\\n\\","    >\\n\\","utility2-comment -->\\n\\","        {{env.npm_package_name}} (v{{env.npm_package_version}})\\n\\","<!-- utility2-comment\\n\\","    </a>\\n\\","utility2-comment -->\\n\\","</h1>\\n\\","<h3>{{env.npm_package_description}}</h3>\\n\\","<!-- utility2-comment\\n\\","<h4><a download href=\"assets.app.js\">download standalone app</a></h4>\\n\\","<button class=\"onclick onreset\" id=\"testRunButton1\">run internal test</button><br>\\n\\","<div id=\"testReportDiv1\" style=\"display: none;\"></div>\\n\\","utility2-comment -->\\n\\","\\n\\","\\n\\","\\n\\","<label>stderr and stdout</label>\\n\\","<textarea class=\"resettable\" id=\"outputTextareaStdout1\" readonly></textarea>\\n\\","<!-- utility2-comment\\n\\","{{#if isRollup}}\\n\\","<script src=\"assets.app.js\"></script>\\n\\","{{#unless isRollup}}\\n\\","utility2-comment -->\\n\\","<script src=\"assets.utility2.rollup.js\"></script>\\n\\","<script src=\"jsonp.utility2._stateInit?callback=window.utility2._stateInit\"></script>\\n\\","<script src=\"assets.npmtest_flatpickr.rollup.js\"></script>\\n\\","<script src=\"assets.example.js\"></script>\\n\\","<script src=\"assets.test.js\"></script>\\n\\","<!-- utility2-comment\\n\\","{{/if isRollup}}\\n\\","utility2-comment -->\\n\\","<div class=\"utility2FooterDiv\">\\n\\","    [ this app was created with\\n\\","    <a href=\"https://github.com/kaizhu256/node-utility2\" target=\"_blank\">utility2</a>\\n\\","    ]\\n\\","</div>\\n\\","</body>\\n\\","</html>\\n\\","';","        /* jslint-ignore-end */","        if (local.templateRender) {","            local.assetsDict['/'] = local.templateRender(","                local.assetsDict['/assets.index.template.html'],","                {","                    env: local.objectSetDefault(local.env, {","                        npm_package_description: 'the greatest app in the world!',","                        npm_package_name: 'my-app',","                        npm_package_nameAlias: 'my_app',","                        npm_package_version: '0.0.1'","                    })","                }","            );","        } else {","            local.assetsDict['/'] = local.assetsDict['/assets.index.template.html']","                .replace((/\\{\\{env\\.(\\w+?)\\}\\}/g), function (match0, match1) {","                    // jslint-hack","                    String(match0);","                    switch (match1) {","                    case 'npm_package_description':","                        return 'the greatest app in the world!';","                    case 'npm_package_name':","                        return 'my-app';","                    case 'npm_package_nameAlias':","                        return 'my_app';","                    case 'npm_package_version':","                        return '0.0.1';","                    }","                });","        }","        // run the cli","        if (local.global.utility2_rollup || module !== require.main) {","            break;","        }","        local.assetsDict['/assets.example.js'] =","            local.assetsDict['/assets.example.js'] ||","            local.fs.readFileSync(__filename, 'utf8');","        // bug-workaround - long $npm_package_buildCustomOrg","        /* jslint-ignore-begin */","        local.assetsDict['/assets.npmtest_flatpickr.rollup.js'] =","            local.assetsDict['/assets.npmtest_flatpickr.rollup.js'] ||","            local.fs.readFileSync(","                local.npmtest_flatpickr.__dirname + '/lib.npmtest_flatpickr.js',","                'utf8'","            ).replace((/^#!/), '//');","        /* jslint-ignore-end */","        local.assetsDict['/favicon.ico'] = local.assetsDict['/favicon.ico'] || '';","        // if $npm_config_timeout_exit exists,","        // then exit this process after $npm_config_timeout_exit ms","        if (Number(process.env.npm_config_timeout_exit)) {","            setTimeout(process.exit, Number(process.env.npm_config_timeout_exit));","        }","        // start server","        if (local.global.utility2_serverHttp1) {","            break;","        }","        process.env.PORT = process.env.PORT || '8081';","        console.error('server starting on port ' + process.env.PORT);","        local.http.createServer(function (request, response) {","            request.urlParsed = local.url.parse(request.url);","            if (local.assetsDict[request.urlParsed.pathname] !== undefined) {","                response.end(local.assetsDict[request.urlParsed.pathname]);","                return;","            }","            response.statusCode = 404;","            response.end();","        }).listen(process.env.PORT);","        break;","    }","}());",""],"l":{"26":2,"28":2,"33":2,"35":2,"37":2,"38":2,"39":2,"44":1,"51":2,"55":2,"59":2,"61":2,"69":1,"70":2,"76":2,"79":2,"82":2,"83":2,"85":1,"89":2,"92":1,"93":1,"94":1,"96":1,"97":1,"100":1,"101":1,"103":1,"106":1,"108":2,"114":1,"116":1,"118":1,"123":1,"124":2,"125":2,"126":3,"127":3,"128":3,"129":3,"130":1,"133":3,"134":3,"139":3,"143":1,"144":3,"145":1,"149":1,"150":1,"158":1,"160":1,"161":1,"162":1,"164":1,"166":1,"258":1,"259":1,"271":1,"274":6,"275":6,"277":1,"279":2,"281":1,"283":2,"288":1,"289":1,"291":1,"296":1,"303":1,"306":1,"307":1,"310":1,"311":1,"313":1,"314":1,"315":1,"316":1,"317":1,"318":1,"319":1,"321":1,"322":1,"324":1}},"/home/travis/build/npmtest/node-npmtest-flatpickr/node_modules/flatpickr/dist/flatpickr.js":{"path":"/home/travis/build/npmtest/node-npmtest-flatpickr/node_modules/flatpickr/dist/flatpickr.js","s":{"1":2,"2":0,"3":0,"4":0,"5":0,"6":0,"7":0,"8":2,"9":0,"10":0,"11":1,"12":0,"13":0,"14":0,"15":0,"16":0,"17":0,"18":0,"19":0,"20":0,"21":0,"22":0,"23":0,"24":0,"25":0,"26":0,"27":0,"28":1,"29":0,"30":0,"31":0,"32":0,"33":0,"34":0,"35":0,"36":0,"37":0,"38":0,"39":0,"40":0,"41":0,"42":0,"43":0,"44":0,"45":0,"46":0,"47":0,"48":0,"49":0,"50":0,"51":0,"52":0,"53":0,"54":0,"55":0,"56":0,"57":1,"58":0,"59":1,"60":0,"61":0,"62":0,"63":0,"64":0,"65":0,"66":0,"67":0,"68":0,"69":0,"70":0,"71":1,"72":0,"73":0,"74":0,"75":0,"76":0,"77":0,"78":0,"79":0,"80":0,"81":0,"82":0,"83":0,"84":0,"85":0,"86":1,"87":0,"88":0,"89":0,"90":1,"91":0,"92":0,"93":0,"94":0,"95":0,"96":0,"97":0,"98":0,"99":0,"100":0,"101":1,"102":0,"103":0,"104":0,"105":0,"106":0,"107":0,"108":0,"109":1,"110":0,"111":0,"112":0,"113":0,"114":0,"115":1,"116":0,"117":0,"118":1,"119":0,"120":0,"121":0,"122":0,"123":0,"124":0,"125":0,"126":0,"127":0,"128":0,"129":0,"130":0,"131":0,"132":0,"133":0,"134":0,"135":0,"136":0,"137":0,"138":0,"139":0,"140":0,"141":0,"142":0,"143":0,"144":0,"145":0,"146":0,"147":0,"148":0,"149":0,"150":0,"151":0,"152":0,"153":0,"154":0,"155":0,"156":0,"157":0,"158":0,"159":0,"160":0,"161":0,"162":0,"163":0,"164":0,"165":0,"166":0,"167":0,"168":0,"169":0,"170":0,"171":0,"172":0,"173":0,"174":0,"175":0,"176":0,"177":0,"178":1,"179":0,"180":0,"181":0,"182":0,"183":0,"184":0,"185":0,"186":0,"187":0,"188":0,"189":0,"190":1,"191":0,"192":0,"193":0,"194":0,"195":0,"196":0,"197":0,"198":0,"199":0,"200":0,"201":1,"202":0,"203":0,"204":0,"205":0,"206":0,"207":0,"208":0,"209":1,"210":0,"211":0,"212":1,"213":0,"214":0,"215":0,"216":0,"217":1,"218":0,"219":0,"220":0,"221":0,"222":0,"223":0,"224":0,"225":1,"226":0,"227":0,"228":0,"229":0,"230":0,"231":0,"232":0,"233":0,"234":0,"235":0,"236":0,"237":0,"238":0,"239":0,"240":0,"241":0,"242":0,"243":0,"244":0,"245":0,"246":0,"247":0,"248":0,"249":0,"250":0,"251":0,"252":0,"253":0,"254":0,"255":0,"256":0,"257":0,"258":0,"259":0,"260":0,"261":0,"262":1,"263":0,"264":0,"265":0,"266":0,"267":0,"268":0,"269":0,"270":0,"271":0,"272":0,"273":0,"274":0,"275":0,"276":0,"277":0,"278":0,"279":0,"280":0,"281":0,"282":0,"283":0,"284":0,"285":0,"286":0,"287":0,"288":0,"289":0,"290":0,"291":0,"292":1,"293":0,"294":0,"295":0,"296":0,"297":0,"298":0,"299":0,"300":0,"301":0,"302":0,"303":0,"304":0,"305":0,"306":0,"307":1,"308":0,"309":0,"310":0,"311":1,"312":0,"313":0,"314":0,"315":0,"316":0,"317":0,"318":0,"319":0,"320":0,"321":0,"322":0,"323":0,"324":0,"325":0,"326":0,"327":0,"328":0,"329":0,"330":0,"331":0,"332":0,"333":0,"334":0,"335":0,"336":0,"337":0,"338":0,"339":0,"340":0,"341":0,"342":0,"343":0,"344":1,"345":0,"346":0,"347":1,"348":0,"349":0,"350":0,"351":0,"352":0,"353":0,"354":0,"355":0,"356":0,"357":0,"358":0,"359":0,"360":0,"361":0,"362":0,"363":0,"364":0,"365":0,"366":0,"367":0,"368":0,"369":0,"370":0,"371":0,"372":0,"373":0,"374":0,"375":0,"376":0,"377":0,"378":0,"379":0,"380":0,"381":0,"382":0,"383":1,"384":0,"385":0,"386":0,"387":0,"388":0,"389":0,"390":0,"391":0,"392":0,"393":0,"394":0,"395":0,"396":0,"397":0,"398":0,"399":0,"400":0,"401":0,"402":0,"403":0,"404":0,"405":0,"406":0,"407":0,"408":0,"409":0,"410":0,"411":0,"412":0,"413":0,"414":0,"415":0,"416":0,"417":0,"418":0,"419":0,"420":0,"421":0,"422":0,"423":0,"424":0,"425":1,"426":0,"427":0,"428":0,"429":0,"430":0,"431":0,"432":0,"433":0,"434":1,"435":0,"436":0,"437":0,"438":0,"439":0,"440":0,"441":1,"442":0,"443":0,"444":0,"445":0,"446":0,"447":0,"448":0,"449":0,"450":0,"451":0,"452":0,"453":0,"454":0,"455":0,"456":0,"457":0,"458":0,"459":0,"460":0,"461":0,"462":0,"463":0,"464":0,"465":0,"466":0,"467":0,"468":0,"469":0,"470":0,"471":0,"472":0,"473":0,"474":0,"475":0,"476":0,"477":0,"478":0,"479":0,"480":0,"481":0,"482":0,"483":1,"484":0,"485":0,"486":0,"487":0,"488":0,"489":0,"490":0,"491":0,"492":0,"493":0,"494":0,"495":1,"496":0,"497":0,"498":0,"499":0,"500":0,"501":1,"502":0,"503":0,"504":0,"505":0,"506":0,"507":0,"508":0,"509":0,"510":0,"511":0,"512":0,"513":0,"514":0,"515":0,"516":0,"517":0,"518":0,"519":0,"520":0,"521":0,"522":0,"523":0,"524":0,"525":1,"526":0,"527":0,"528":0,"529":1,"530":0,"531":0,"532":0,"533":0,"534":0,"535":0,"536":0,"537":0,"538":0,"539":0,"540":1,"541":0,"542":0,"543":0,"544":0,"545":0,"546":0,"547":0,"548":0,"549":0,"550":0,"551":0,"552":1,"553":0,"554":0,"555":0,"556":0,"557":0,"558":0,"559":0,"560":0,"561":0,"562":0,"563":0,"564":0,"565":0,"566":0,"567":0,"568":0,"569":0,"570":1,"571":0,"572":0,"573":0,"574":0,"575":0,"576":0,"577":0,"578":0,"579":0,"580":0,"581":0,"582":0,"583":0,"584":0,"585":0,"586":0,"587":0,"588":0,"589":0,"590":0,"591":0,"592":0,"593":0,"594":0,"595":0,"596":0,"597":0,"598":0,"599":0,"600":0,"601":0,"602":0,"603":0,"604":0,"605":0,"606":0,"607":0,"608":0,"609":0,"610":0,"611":0,"612":0,"613":0,"614":0,"615":0,"616":0,"617":0,"618":0,"619":0,"620":0,"621":0,"622":0,"623":0,"624":0,"625":0,"626":0,"627":0,"628":0,"629":0,"630":0,"631":0,"632":1,"633":0,"634":0,"635":0,"636":0,"637":0,"638":0,"639":0,"640":0,"641":0,"642":0,"643":0,"644":0,"645":0,"646":0,"647":0,"648":0,"649":0,"650":0,"651":0,"652":0,"653":0,"654":0,"655":0,"656":0,"657":0,"658":0,"659":0,"660":0,"661":0,"662":0,"663":1,"664":0,"665":0,"666":1,"667":0,"668":0,"669":0,"670":0,"671":0,"672":0,"673":0,"674":0,"675":0,"676":0,"677":0,"678":0,"679":0,"680":0,"681":0,"682":1,"683":0,"684":0,"685":0,"686":0,"687":0,"688":0,"689":0,"690":0,"691":0,"692":0,"693":0,"694":0,"695":0,"696":0,"697":0,"698":0,"699":0,"700":0,"701":1,"702":0,"703":0,"704":0,"705":0,"706":0,"707":0,"708":0,"709":0,"710":0,"711":0,"712":0,"713":0,"714":0,"715":0,"716":0,"717":0,"718":0,"719":0,"720":0,"721":0,"722":0,"723":0,"724":0,"725":0,"726":0,"727":0,"728":0,"729":0,"730":0,"731":1,"732":0,"733":0,"734":0,"735":1,"736":0,"737":0,"738":0,"739":0,"740":0,"741":0,"742":0,"743":0,"744":0,"745":0,"746":0,"747":0,"748":0,"749":0,"750":0,"751":0,"752":0,"753":0,"754":0,"755":0,"756":1,"757":0,"758":0,"759":0,"760":0,"761":0,"762":1,"763":0,"764":0,"765":0,"766":0,"767":0,"768":0,"769":0,"770":0,"771":0,"772":0,"773":0,"774":0,"775":0,"776":0,"777":0,"778":0,"779":0,"780":0,"781":0,"782":0,"783":0,"784":0,"785":0,"786":0,"787":0,"788":0,"789":0,"790":0,"791":0,"792":0,"793":0,"794":0,"795":0,"796":0,"797":0,"798":0,"799":0,"800":0,"801":0,"802":0,"803":0,"804":0,"805":0,"806":0,"807":0,"808":0,"809":0,"810":0,"811":0,"812":0,"813":0,"814":0,"815":0,"816":1,"817":0,"818":0,"819":0,"820":1,"821":0,"822":0,"823":0,"824":0,"825":0,"826":0,"827":0,"828":0,"829":0,"830":0,"831":0,"832":0,"833":0,"834":0,"835":0,"836":0,"837":0,"838":0,"839":0,"840":0,"841":1,"842":0,"843":0,"844":0,"845":0,"846":0,"847":0,"848":0,"849":0,"850":0,"851":0,"852":0,"853":1,"854":1,"855":0,"856":0,"857":0,"858":0,"859":0,"860":0,"861":0,"862":0,"863":0,"864":0,"865":0,"866":0,"867":0,"868":0,"869":0,"870":0,"871":0,"872":0,"873":0,"874":0,"875":0,"876":0,"877":0,"878":0,"879":0,"880":0,"881":0,"882":0,"883":0,"884":0,"885":0,"886":0,"887":0,"888":0,"889":1,"890":0,"891":0,"892":0,"893":0,"894":0,"895":0,"896":0,"897":0,"898":1,"899":0,"900":0,"901":0,"902":0,"903":1,"904":0,"905":0,"906":0,"907":0,"908":0,"909":0,"910":0,"911":0,"912":0,"913":0,"914":0,"915":0,"916":0,"917":0,"918":0,"919":0,"920":0,"921":1,"922":0,"923":0,"924":0,"925":0,"926":0,"927":0,"928":0,"929":0,"930":0,"931":0,"932":0,"933":0,"934":0,"935":0,"936":0,"937":0,"938":0,"939":0,"940":0,"941":0,"942":0,"943":0,"944":0,"945":1,"946":0,"947":0,"948":0,"949":1,"950":0,"951":0,"952":0,"953":0,"954":0,"955":0,"956":0,"957":1,"958":0,"959":0,"960":0,"961":0,"962":0,"963":0,"964":0,"965":0,"966":1,"967":0,"968":0,"969":0,"970":0,"971":1,"972":0,"973":0,"974":0,"975":1,"976":0,"977":0,"978":0,"979":0,"980":0,"981":0,"982":1,"983":0,"984":0,"985":0,"986":0,"987":0,"988":0,"989":0,"990":0,"991":0,"992":0,"993":0,"994":1,"995":0,"996":1,"997":0,"998":0,"999":0,"1000":0,"1001":0,"1002":0,"1003":0,"1004":0,"1005":1,"1006":0,"1007":0,"1008":0,"1009":0,"1010":1,"1011":0,"1012":0,"1013":0,"1014":0,"1015":0,"1016":0,"1017":0,"1018":1,"1019":0,"1020":0,"1021":0,"1022":1,"1023":0,"1024":0,"1025":0,"1026":1,"1027":0,"1028":0,"1029":0,"1030":0,"1031":0,"1032":0,"1033":0,"1034":0,"1035":0,"1036":0,"1037":1,"1038":0,"1039":0,"1040":0,"1041":0,"1042":0,"1043":1,"1044":0,"1045":0,"1046":0,"1047":0,"1048":0,"1049":0,"1050":0,"1051":0,"1052":0,"1053":0,"1054":0,"1055":0,"1056":0,"1057":0,"1058":0,"1059":0,"1060":0,"1061":0,"1062":0,"1063":0,"1064":0,"1065":2,"1066":0,"1067":0,"1068":0,"1069":0,"1070":0,"1071":0,"1072":0,"1073":0,"1074":0,"1075":0,"1076":0,"1077":0,"1078":0,"1079":0,"1080":0,"1081":0,"1082":0,"1083":0,"1084":0,"1085":0,"1086":0,"1087":0,"1088":0,"1089":0,"1090":0,"1091":0,"1092":0,"1093":0,"1094":0,"1095":0,"1096":0,"1097":0,"1098":0,"1099":0,"1100":0,"1101":0,"1102":0,"1103":0,"1104":0,"1105":0,"1106":0,"1107":0,"1108":0,"1109":0,"1110":0,"1111":0,"1112":0,"1113":0,"1114":0,"1115":0,"1116":0,"1117":0,"1118":0,"1119":0,"1120":0,"1121":0,"1122":0,"1123":0,"1124":0,"1125":0,"1126":0,"1127":0,"1128":0,"1129":0,"1130":0,"1131":0,"1132":0,"1133":0,"1134":0,"1135":0,"1136":0,"1137":0,"1138":0,"1139":0,"1140":0,"1141":0,"1142":0,"1143":0,"1144":0,"1145":0,"1146":0,"1147":0,"1148":0,"1149":0,"1150":0,"1151":0,"1152":0,"1153":0,"1154":0,"1155":0,"1156":0,"1157":0,"1158":0,"1159":0,"1160":0,"1161":0,"1162":0,"1163":0,"1164":0,"1165":0,"1166":0,"1167":0,"1168":0,"1169":0,"1170":0,"1171":1,"1172":0,"1173":0,"1174":0,"1175":0,"1176":0,"1177":0,"1178":0,"1179":0,"1180":0,"1181":0,"1182":0,"1183":0,"1184":0,"1185":1,"1186":0,"1187":0,"1188":0,"1189":0,"1190":0,"1191":0,"1192":0,"1193":0,"1194":0,"1195":0,"1196":0,"1197":0,"1198":0},"b":{"1":[2,0],"2":[0,0],"3":[2,0],"4":[2,2],"5":[0,0],"6":[0,0,0,0],"7":[0,0],"8":[0,0],"9":[0,0,0,0,0,0,0],"10":[0,0],"11":[0,0],"12":[0,0],"13":[0,0],"14":[0,0],"15":[0,0],"16":[0,0],"17":[0,0],"18":[0,0],"19":[0,0],"20":[0,0],"21":[0,0],"22":[0,0],"23":[0,0,0],"24":[0,0],"25":[0,0],"26":[0,0],"27":[0,0],"28":[0,0],"29":[0,0],"30":[0,0],"31":[0,0],"32":[0,0],"33":[0,0],"34":[0,0],"35":[0,0],"36":[0,0],"37":[0,0],"38":[0,0],"39":[0,0],"40":[0,0],"41":[0,0],"42":[0,0],"43":[0,0],"44":[0,0],"45":[0,0],"46":[0,0],"47":[0,0],"48":[0,0],"49":[0,0],"50":[0,0],"51":[0,0],"52":[0,0],"53":[0,0],"54":[0,0],"55":[0,0],"56":[0,0],"57":[0,0],"58":[0,0],"59":[0,0],"60":[0,0],"61":[0,0],"62":[0,0],"63":[0,0],"64":[0,0],"65":[0,0],"66":[0,0],"67":[0,0],"68":[0,0],"69":[0,0,0],"70":[0,0],"71":[0,0],"72":[0,0],"73":[0,0],"74":[0,0],"75":[0,0],"76":[0,0],"77":[0,0],"78":[0,0],"79":[0,0],"80":[0,0],"81":[0,0],"82":[0,0],"83":[0,0],"84":[0,0],"85":[0,0],"86":[0,0],"87":[0,0],"88":[0,0],"89":[0,0],"90":[0,0],"91":[0,0],"92":[0,0],"93":[0,0],"94":[0,0],"95":[0,0],"96":[0,0],"97":[0,0],"98":[0,0],"99":[0,0,0],"100":[0,0],"101":[0,0,0],"102":[0,0],"103":[0,0],"104":[0,0],"105":[0,0],"106":[0,0,0],"107":[0,0],"108":[0,0,0],"109":[0,0],"110":[0,0],"111":[0,0,0],"112":[0,0],"113":[0,0],"114":[0,0],"115":[0,0],"116":[0,0],"117":[0,0],"118":[0,0],"119":[0,0],"120":[0,0],"121":[0,0],"122":[0,0],"123":[0,0,0],"124":[0,0],"125":[0,0],"126":[0,0],"127":[0,0],"128":[0,0],"129":[0,0],"130":[0,0],"131":[0,0],"132":[0,0],"133":[0,0],"134":[0,0],"135":[0,0],"136":[0,0],"137":[0,0],"138":[0,0],"139":[0,0],"140":[0,0],"141":[0,0],"142":[0,0],"143":[0,0],"144":[0,0],"145":[0,0],"146":[0,0],"147":[0,0],"148":[0,0],"149":[0,0],"150":[0,0],"151":[0,0],"152":[0,0,0,0],"153":[0,0],"154":[0,0],"155":[0,0],"156":[0,0],"157":[0,0],"158":[0,0],"159":[0,0],"160":[0,0],"161":[0,0],"162":[0,0],"163":[0,0],"164":[0,0],"165":[0,0],"166":[0,0],"167":[0,0],"168":[0,0],"169":[0,0],"170":[0,0],"171":[0,0],"172":[0,0],"173":[0,0],"174":[0,0],"175":[0,0],"176":[0,0],"177":[0,0],"178":[0,0],"179":[0,0],"180":[0,0],"181":[0,0],"182":[0,0],"183":[0,0,0,0,0,0,0],"184":[0,0],"185":[0,0,0],"186":[0,0],"187":[0,0],"188":[0,0],"189":[0,0],"190":[0,0],"191":[0,0,0,0,0],"192":[0,0],"193":[0,0],"194":[0,0],"195":[0,0],"196":[0,0],"197":[0,0],"198":[0,0],"199":[0,0,0,0],"200":[0,0],"201":[0,0],"202":[0,0],"203":[0,0],"204":[0,0],"205":[0,0],"206":[0,0],"207":[0,0],"208":[0,0],"209":[0,0],"210":[0,0],"211":[0,0],"212":[0,0,0,0,0],"213":[0,0],"214":[0,0,0],"215":[0,0,0],"216":[0,0],"217":[0,0,0],"218":[0,0],"219":[0,0],"220":[0,0,0],"221":[0,0],"222":[0,0,0,0,0,0,0,0,0,0],"223":[0,0],"224":[0,0],"225":[0,0],"226":[0,0],"227":[0,0],"228":[0,0],"229":[0,0],"230":[0,0],"231":[0,0],"232":[0,0],"233":[0,0],"234":[0,0],"235":[0,0],"236":[0,0],"237":[0,0],"238":[0,0],"239":[0,0],"240":[0,0],"241":[0,0],"242":[0,0],"243":[0,0],"244":[0,0],"245":[0,0],"246":[0,0],"247":[0,0],"248":[0,0],"249":[0,0],"250":[0,0],"251":[0,0],"252":[0,0],"253":[0,0],"254":[0,0],"255":[0,0],"256":[0,0,0],"257":[0,0],"258":[0,0],"259":[0,0],"260":[0,0,0],"261":[0,0],"262":[0,0],"263":[0,0],"264":[0,0,0],"265":[0,0],"266":[0,0],"267":[0,0],"268":[0,0],"269":[0,0],"270":[0,0,0],"271":[0,0],"272":[0,0],"273":[0,0],"274":[0,0],"275":[0,0],"276":[0,0],"277":[0,0],"278":[0,0,0],"279":[0,0],"280":[0,0],"281":[0,0],"282":[0,0],"283":[0,0],"284":[0,0],"285":[0,0],"286":[0,0],"287":[0,0],"288":[0,0],"289":[0,0],"290":[0,0],"291":[0,0],"292":[0,0],"293":[0,0],"294":[0,0,0,0],"295":[0,0],"296":[0,0],"297":[0,0],"298":[0,0],"299":[0,0],"300":[0,0],"301":[0,0],"302":[0,0,0],"303":[0,0],"304":[0,0],"305":[0,0],"306":[0,0],"307":[0,0],"308":[0,0],"309":[0,0],"310":[0,0],"311":[0,0],"312":[0,0],"313":[0,0,0],"314":[0,0],"315":[0,0],"316":[0,0],"317":[0,0],"318":[0,0],"319":[0,0],"320":[0,0],"321":[0,0],"322":[0,0],"323":[0,0],"324":[0,0],"325":[0,0],"326":[0,0],"327":[0,0],"328":[0,0,0,0],"329":[0,0],"330":[0,0],"331":[0,0],"332":[0,0],"333":[0,0],"334":[0,0],"335":[0,0,0],"336":[0,0],"337":[0,0],"338":[0,0],"339":[0,0],"340":[0,0],"341":[0,0],"342":[0,0],"343":[0,0],"344":[0,0],"345":[0,0],"346":[0,0,0,0],"347":[0,0,0,0],"348":[0,0],"349":[0,0],"350":[0,0],"351":[0,0],"352":[0,0],"353":[0,0],"354":[0,0,0,0],"355":[0,0],"356":[0,0],"357":[0,0],"358":[0,0],"359":[0,0],"360":[0,0],"361":[0,0],"362":[0,0],"363":[0,0],"364":[0,0],"365":[0,0],"366":[0,0],"367":[0,0],"368":[0,0],"369":[0,0],"370":[0,0],"371":[0,0],"372":[0,0],"373":[0,0],"374":[0,0],"375":[0,0],"376":[0,0],"377":[0,0],"378":[0,0],"379":[0,0],"380":[0,0],"381":[0,0],"382":[0,0],"383":[0,0,0],"384":[0,0],"385":[0,0],"386":[0,0],"387":[0,0],"388":[0,0],"389":[0,0],"390":[0,0],"391":[0,0],"392":[0,0],"393":[0,0],"394":[0,0],"395":[0,0],"396":[0,0],"397":[0,0],"398":[0,0],"399":[0,0],"400":[0,0],"401":[0,0],"402":[0,0],"403":[0,0],"404":[0,0],"405":[0,0],"406":[0,0],"407":[0,0],"408":[0,0],"409":[0,0],"410":[0,0],"411":[0,0],"412":[0,0],"413":[0,0],"414":[0,0],"415":[0,0],"416":[0,0],"417":[0,0],"418":[0,0],"419":[0,0],"420":[0,0],"421":[0,0],"422":[0,0],"423":[0,0],"424":[0,0],"425":[0,0],"426":[0,0,0],"427":[0,0],"428":[0,0],"429":[0,0],"430":[0,0],"431":[0,0,0,0],"432":[0,0],"433":[0,0],"434":[0,0],"435":[0,0],"436":[0,0],"437":[0,0],"438":[0,0],"439":[0,0],"440":[0,0],"441":[0,0],"442":[0,0],"443":[0,0],"444":[0,0],"445":[0,0],"446":[0,0],"447":[0,0],"448":[0,0],"449":[0,0],"450":[0,0],"451":[0,0],"452":[0,0],"453":[0,0],"454":[0,0],"455":[0,0],"456":[0,0],"457":[0,0],"458":[0,0],"459":[0,0],"460":[0,0],"461":[0,0],"462":[0,0],"463":[0,0],"464":[0,0,0],"465":[0,0],"466":[0,0],"467":[0,0],"468":[0,0],"469":[0,0],"470":[0,0]},"f":{"1":0,"2":0,"3":0,"4":0,"5":0,"6":0,"7":0,"8":0,"9":0,"10":0,"11":0,"12":0,"13":0,"14":0,"15":0,"16":0,"17":0,"18":0,"19":0,"20":0,"21":0,"22":0,"23":0,"24":0,"25":0,"26":0,"27":0,"28":0,"29":0,"30":0,"31":0,"32":0,"33":0,"34":0,"35":0,"36":0,"37":0,"38":0,"39":0,"40":0,"41":0,"42":0,"43":0,"44":0,"45":0,"46":0,"47":0,"48":0,"49":0,"50":0,"51":0,"52":0,"53":0,"54":0,"55":0,"56":0,"57":0,"58":0,"59":0,"60":0,"61":0,"62":0,"63":0,"64":0,"65":0,"66":0,"67":0,"68":0,"69":0,"70":0,"71":0,"72":0,"73":0,"74":0,"75":0,"76":0,"77":0,"78":0,"79":0,"80":0,"81":0,"82":0,"83":0,"84":0,"85":0,"86":0,"87":0,"88":0,"89":0,"90":0,"91":0,"92":0,"93":0,"94":0,"95":0,"96":0,"97":0,"98":0,"99":0,"100":0,"101":0,"102":0,"103":0,"104":0,"105":0,"106":0,"107":0,"108":0,"109":0,"110":0,"111":0,"112":0,"113":0,"114":0,"115":0,"116":0,"117":0,"118":0,"119":0,"120":0,"121":0,"122":0,"123":0,"124":0,"125":0,"126":0,"127":0,"128":0,"129":0,"130":0,"131":0,"132":0,"133":0,"134":0,"135":0,"136":0,"137":0,"138":0,"139":0,"140":0,"141":0,"142":0,"143":0,"144":0,"145":0,"146":0,"147":0,"148":0,"149":0,"150":0,"151":0,"152":0,"153":0,"154":0,"155":0,"156":0,"157":0,"158":0,"159":0,"160":0,"161":0,"162":0,"163":0,"164":0,"165":0,"166":0,"167":0,"168":0,"169":0,"170":0,"171":0,"172":0,"173":0,"174":0,"175":0,"176":0,"177":0,"178":0,"179":0,"180":0,"181":0},"fnMap":{"1":{"name":"(anonymous_1)","line":1,"loc":{"start":{"line":1,"column":32},"end":{"line":1,"column":50}}},"2":{"name":"(anonymous_2)","line":3,"loc":{"start":{"line":3,"column":84},"end":{"line":3,"column":99}}},"3":{"name":"(anonymous_3)","line":3,"loc":{"start":{"line":3,"column":124},"end":{"line":3,"column":139}}},"4":{"name":"Flatpickr","line":6,"loc":{"start":{"line":6,"column":0},"end":{"line":6,"column":36}}},"5":{"name":"init","line":25,"loc":{"start":{"line":25,"column":1},"end":{"line":25,"column":17}}},"6":{"name":"bindToInstance","line":73,"loc":{"start":{"line":73,"column":1},"end":{"line":73,"column":29}}},"7":{"name":"updateTime","line":81,"loc":{"start":{"line":81,"column":1},"end":{"line":81,"column":24}}},"8":{"name":"(anonymous_8)","line":94,"loc":{"start":{"line":94,"column":14},"end":{"line":94,"column":26}}},"9":{"name":"setHoursFromInputs","line":104,"loc":{"start":{"line":104,"column":1},"end":{"line":104,"column":31}}},"10":{"name":"setHoursFromDate","line":131,"loc":{"start":{"line":131,"column":1},"end":{"line":131,"column":36}}},"11":{"name":"setHours","line":146,"loc":{"start":{"line":146,"column":1},"end":{"line":146,"column":44}}},"12":{"name":"onYearInput","line":166,"loc":{"start":{"line":166,"column":1},"end":{"line":166,"column":29}}},"13":{"name":"bind","line":182,"loc":{"start":{"line":182,"column":1},"end":{"line":182,"column":40}}},"14":{"name":"(anonymous_14)","line":183,"loc":{"start":{"line":183,"column":51},"end":{"line":183,"column":65}}},"15":{"name":"onClick","line":198,"loc":{"start":{"line":198,"column":1},"end":{"line":198,"column":27}}},"16":{"name":"(anonymous_16)","line":199,"loc":{"start":{"line":199,"column":9},"end":{"line":199,"column":24}}},"17":{"name":"bindEvents","line":207,"loc":{"start":{"line":207,"column":1},"end":{"line":207,"column":23}}},"18":{"name":"(anonymous_18)","line":210,"loc":{"start":{"line":210,"column":48},"end":{"line":210,"column":63}}},"19":{"name":"(anonymous_19)","line":211,"loc":{"start":{"line":211,"column":86},"end":{"line":211,"column":100}}},"20":{"name":"(anonymous_20)","line":220,"loc":{"start":{"line":220,"column":23},"end":{"line":220,"column":35}}},"21":{"name":"(anonymous_21)","line":225,"loc":{"start":{"line":225,"column":96},"end":{"line":225,"column":109}}},"22":{"name":"(anonymous_22)","line":243,"loc":{"start":{"line":243,"column":48},"end":{"line":243,"column":60}}},"23":{"name":"(anonymous_23)","line":246,"loc":{"start":{"line":246,"column":48},"end":{"line":246,"column":60}}},"24":{"name":"(anonymous_24)","line":250,"loc":{"start":{"line":250,"column":43},"end":{"line":250,"column":56}}},"25":{"name":"(anonymous_25)","line":257,"loc":{"start":{"line":257,"column":44},"end":{"line":257,"column":57}}},"26":{"name":"(anonymous_26)","line":279,"loc":{"start":{"line":279,"column":35},"end":{"line":279,"column":47}}},"27":{"name":"(anonymous_27)","line":282,"loc":{"start":{"line":282,"column":37},"end":{"line":282,"column":49}}},"28":{"name":"(anonymous_28)","line":286,"loc":{"start":{"line":286,"column":61},"end":{"line":286,"column":73}}},"29":{"name":"(anonymous_29)","line":291,"loc":{"start":{"line":291,"column":41},"end":{"line":291,"column":54}}},"30":{"name":"animateDays","line":303,"loc":{"start":{"line":303,"column":1},"end":{"line":303,"column":25}}},"31":{"name":"animateMonths","line":330,"loc":{"start":{"line":330,"column":1},"end":{"line":330,"column":27}}},"32":{"name":"jumpToDate","line":351,"loc":{"start":{"line":351,"column":1},"end":{"line":351,"column":31}}},"33":{"name":"timeIncrement","line":371,"loc":{"start":{"line":371,"column":1},"end":{"line":371,"column":27}}},"34":{"name":"incrementNumInput","line":384,"loc":{"start":{"line":384,"column":1},"end":{"line":384,"column":49}}},"35":{"name":"createNumberInput","line":391,"loc":{"start":{"line":391,"column":1},"end":{"line":391,"column":44}}},"36":{"name":"build","line":407,"loc":{"start":{"line":407,"column":1},"end":{"line":407,"column":18}}},"37":{"name":"createDay","line":464,"loc":{"start":{"line":464,"column":1},"end":{"line":464,"column":51}}},"38":{"name":"focusOnDay","line":508,"loc":{"start":{"line":508,"column":1},"end":{"line":508,"column":43}}},"39":{"name":"focus","line":511,"loc":{"start":{"line":511,"column":14},"end":{"line":511,"column":31}}},"40":{"name":"afterDayAnim","line":533,"loc":{"start":{"line":533,"column":1},"end":{"line":533,"column":27}}},"41":{"name":"buildDays","line":538,"loc":{"start":{"line":538,"column":1},"end":{"line":538,"column":27}}},"42":{"name":"clearNode","line":596,"loc":{"start":{"line":596,"column":1},"end":{"line":596,"column":26}}},"43":{"name":"buildMonthNav","line":602,"loc":{"start":{"line":602,"column":1},"end":{"line":602,"column":26}}},"44":{"name":"get","line":637,"loc":{"start":{"line":637,"column":8},"end":{"line":637,"column":23}}},"45":{"name":"set","line":640,"loc":{"start":{"line":640,"column":8},"end":{"line":640,"column":27}}},"46":{"name":"get","line":647,"loc":{"start":{"line":647,"column":8},"end":{"line":647,"column":23}}},"47":{"name":"set","line":650,"loc":{"start":{"line":650,"column":8},"end":{"line":650,"column":27}}},"48":{"name":"buildTime","line":661,"loc":{"start":{"line":661,"column":1},"end":{"line":661,"column":22}}},"49":{"name":"buildWeekdays","line":724,"loc":{"start":{"line":724,"column":1},"end":{"line":724,"column":26}}},"50":{"name":"buildWeeks","line":740,"loc":{"start":{"line":740,"column":1},"end":{"line":740,"column":23}},"skip":true},"51":{"name":"changeMonth","line":750,"loc":{"start":{"line":750,"column":1},"end":{"line":750,"column":49}}},"52":{"name":"clear","line":818,"loc":{"start":{"line":818,"column":1},"end":{"line":818,"column":36}}},"53":{"name":"close","line":836,"loc":{"start":{"line":836,"column":1},"end":{"line":836,"column":18}}},"54":{"name":"destroy","line":847,"loc":{"start":{"line":847,"column":1},"end":{"line":847,"column":28}}},"55":{"name":"isCalendarElem","line":879,"loc":{"start":{"line":879,"column":1},"end":{"line":879,"column":31}}},"56":{"name":"documentClick","line":885,"loc":{"start":{"line":885,"column":1},"end":{"line":885,"column":27}}},"57":{"name":"changeYear","line":906,"loc":{"start":{"line":906,"column":1},"end":{"line":906,"column":30}}},"58":{"name":"isEnabled","line":926,"loc":{"start":{"line":926,"column":1},"end":{"line":926,"column":36}}},"59":{"name":"onKeyDown","line":951,"loc":{"start":{"line":951,"column":1},"end":{"line":951,"column":23}}},"60":{"name":"(anonymous_60)","line":984,"loc":{"start":{"line":984,"column":20},"end":{"line":984,"column":32}}},"61":{"name":"onMouseOver","line":1045,"loc":{"start":{"line":1045,"column":1},"end":{"line":1045,"column":28}}},"62":{"name":"_loop","line":1061,"loc":{"start":{"line":1061,"column":14},"end":{"line":1061,"column":43}}},"63":{"name":"(anonymous_63)","line":1067,"loc":{"start":{"line":1067,"column":50},"end":{"line":1067,"column":63}}},"64":{"name":"(anonymous_64)","line":1073,"loc":{"start":{"line":1073,"column":63},"end":{"line":1073,"column":76}}},"65":{"name":"onResize","line":1094,"loc":{"start":{"line":1094,"column":1},"end":{"line":1094,"column":21}}},"66":{"name":"open","line":1098,"loc":{"start":{"line":1098,"column":1},"end":{"line":1098,"column":18}}},"67":{"name":"(anonymous_67)","line":1105,"loc":{"start":{"line":1105,"column":14},"end":{"line":1105,"column":26}}},"68":{"name":"minMaxDateSetter","line":1123,"loc":{"start":{"line":1123,"column":1},"end":{"line":1123,"column":33}}},"69":{"name":"(anonymous_69)","line":1124,"loc":{"start":{"line":1124,"column":9},"end":{"line":1124,"column":25}}},"70":{"name":"(anonymous_70)","line":1135,"loc":{"start":{"line":1135,"column":51},"end":{"line":1135,"column":64}}},"71":{"name":"parseConfig","line":1152,"loc":{"start":{"line":1152,"column":1},"end":{"line":1152,"column":24}}},"72":{"name":"get","line":1175,"loc":{"start":{"line":1175,"column":8},"end":{"line":1175,"column":23}}},"73":{"name":"get","line":1182,"loc":{"start":{"line":1182,"column":8},"end":{"line":1182,"column":23}}},"74":{"name":"setupLocale","line":1208,"loc":{"start":{"line":1208,"column":1},"end":{"line":1208,"column":24}}},"75":{"name":"positionCalendar","line":1214,"loc":{"start":{"line":1214,"column":1},"end":{"line":1214,"column":29}}},"76":{"name":"redraw","line":1250,"loc":{"start":{"line":1250,"column":1},"end":{"line":1250,"column":19}}},"77":{"name":"selectDate","line":1258,"loc":{"start":{"line":1258,"column":1},"end":{"line":1258,"column":24}}},"78":{"name":"(anonymous_78)","line":1279,"loc":{"start":{"line":1279,"column":94},"end":{"line":1279,"column":110}}},"79":{"name":"(anonymous_79)","line":1302,"loc":{"start":{"line":1302,"column":41},"end":{"line":1302,"column":53}}},"80":{"name":"(anonymous_80)","line":1322,"loc":{"start":{"line":1322,"column":71},"end":{"line":1322,"column":83}}},"81":{"name":"(anonymous_81)","line":1326,"loc":{"start":{"line":1326,"column":41},"end":{"line":1326,"column":53}}},"82":{"name":"set","line":1333,"loc":{"start":{"line":1333,"column":1},"end":{"line":1333,"column":29}}},"83":{"name":"setSelectedDate","line":1339,"loc":{"start":{"line":1339,"column":1},"end":{"line":1339,"column":45}}},"84":{"name":"(anonymous_84)","line":1340,"loc":{"start":{"line":1340,"column":69},"end":{"line":1340,"column":82}}},"85":{"name":"(anonymous_85)","line":1349,"loc":{"start":{"line":1349,"column":52},"end":{"line":1349,"column":68}}},"86":{"name":"(anonymous_86)","line":1355,"loc":{"start":{"line":1355,"column":72},"end":{"line":1355,"column":88}}},"87":{"name":"(anonymous_87)","line":1366,"loc":{"start":{"line":1366,"column":49},"end":{"line":1366,"column":62}}},"88":{"name":"(anonymous_88)","line":1370,"loc":{"start":{"line":1370,"column":26},"end":{"line":1370,"column":42}}},"89":{"name":"setDate","line":1375,"loc":{"start":{"line":1375,"column":1},"end":{"line":1375,"column":47}}},"90":{"name":"setupDates","line":1392,"loc":{"start":{"line":1392,"column":1},"end":{"line":1392,"column":23}}},"91":{"name":"parseDateRules","line":1393,"loc":{"start":{"line":1393,"column":2},"end":{"line":1393,"column":31}}},"92":{"name":"(anonymous_92)","line":1401,"loc":{"start":{"line":1401,"column":21},"end":{"line":1401,"column":34}}},"93":{"name":"get","line":1428,"loc":{"start":{"line":1428,"column":8},"end":{"line":1428,"column":23}}},"94":{"name":"set","line":1431,"loc":{"start":{"line":1431,"column":8},"end":{"line":1431,"column":27}}},"95":{"name":"get","line":1438,"loc":{"start":{"line":1438,"column":9},"end":{"line":1438,"column":24}}},"96":{"name":"set","line":1441,"loc":{"start":{"line":1441,"column":9},"end":{"line":1441,"column":28}}},"97":{"name":"setupHelperFunctions","line":1450,"loc":{"start":{"line":1450,"column":1},"end":{"line":1450,"column":33}}},"98":{"name":"getDaysinMonth","line":1455,"loc":{"start":{"line":1455,"column":19},"end":{"line":1455,"column":54}}},"99":{"name":"monthToStr","line":1464,"loc":{"start":{"line":1464,"column":15},"end":{"line":1464,"column":59}}},"100":{"name":"setupFormats","line":1473,"loc":{"start":{"line":1473,"column":1},"end":{"line":1473,"column":25}},"skip":true},"101":{"name":"(anonymous_101)","line":1474,"loc":{"start":{"line":1474,"column":41},"end":{"line":1474,"column":54}},"skip":true},"102":{"name":"setupInputs","line":1482,"loc":{"start":{"line":1482,"column":1},"end":{"line":1482,"column":24}}},"103":{"name":"setupMobile","line":1508,"loc":{"start":{"line":1508,"column":1},"end":{"line":1508,"column":24}}},"104":{"name":"(anonymous_104)","line":1537,"loc":{"start":{"line":1537,"column":46},"end":{"line":1537,"column":59}}},"105":{"name":"toggle","line":1544,"loc":{"start":{"line":1544,"column":1},"end":{"line":1544,"column":19}}},"106":{"name":"triggerEvent","line":1549,"loc":{"start":{"line":1549,"column":1},"end":{"line":1549,"column":36}}},"107":{"name":"createEvent","line":1571,"loc":{"start":{"line":1571,"column":1},"end":{"line":1571,"column":28}}},"108":{"name":"isDateSelected","line":1582,"loc":{"start":{"line":1582,"column":1},"end":{"line":1582,"column":31}}},"109":{"name":"isDateInRange","line":1590,"loc":{"start":{"line":1590,"column":1},"end":{"line":1590,"column":30}}},"110":{"name":"updateNavigationCurrentMonth","line":1595,"loc":{"start":{"line":1595,"column":1},"end":{"line":1595,"column":41}}},"111":{"name":"updateValue","line":1610,"loc":{"start":{"line":1610,"column":1},"end":{"line":1610,"column":24}}},"112":{"name":"(anonymous_112)","line":1619,"loc":{"start":{"line":1619,"column":44},"end":{"line":1619,"column":60}}},"113":{"name":"(anonymous_113)","line":1624,"loc":{"start":{"line":1624,"column":48},"end":{"line":1624,"column":64}}},"114":{"name":"mouseDelta","line":1632,"loc":{"start":{"line":1632,"column":1},"end":{"line":1632,"column":24}}},"115":{"name":"onMonthNavScroll","line":1636,"loc":{"start":{"line":1636,"column":1},"end":{"line":1636,"column":30}}},"116":{"name":"onMonthNavClick","line":1651,"loc":{"start":{"line":1651,"column":1},"end":{"line":1651,"column":29}}},"117":{"name":"createElement","line":1662,"loc
[...]
case 2: return \"nd\";","\t\t\t\tcase 3: return \"rd\";","\t\t\t\tdefault: return \"th\";","\t\t\t}","\t\t},","\t\trangeSeparator: \" to \",","\t\tweekAbbreviation: \"Wk\",","\t\tscrollTitle: \"Scroll to increment\",","\t\ttoggleTitle: \"Click to toggle\"","\t}","};","","Flatpickr.l10ns.default = Object.create(Flatpickr.l10ns.en);","Flatpickr.localize = l10n => Object.assign(Flatpickr.l10ns.default, l10n || {});","Flatpickr.setDefaults = config => Object.assign(Flatpickr.defaultConfig, config || {});","","Flatpickr.prototype = {","\tformats: {","\t\t// get the date in UTC","\t\tZ: date => date.toISOString(),","","\t\t// weekday name, short, e.g. Thu","\t\tD: function (date) {","\t\t\treturn this.l10n.weekdays.shorthand[this.formats.w(date)];","\t\t},","","\t\t// full month name e.g. January","\t\tF: function (date) {","\t\t\treturn this.utils.monthToStr(this.formats.n(date) - 1, false);","\t\t},","","\t\t// hours with leading zero e.g. 03","\t\tH: date => Flatpickr.prototype.pad(date.getHours()),","","\t\t// day (1-30) with ordinal suffix e.g. 1st, 2nd","\t\tJ: function (date) {","\t\t\treturn date.getDate() + this.l10n.ordinal(date.getDate())","\t\t},","","\t\t// AM/PM","\t\tK: date => date.getHours() > 11 ? \"PM\" : \"AM\",","","\t\t// shorthand month e.g. Jan, Sep, Oct, etc","\t\tM: function (date) {","\t\t\treturn this.utils.monthToStr(date.getMonth(), true);","\t\t},","","\t\t// seconds 00-59","\t\tS: date => Flatpickr.prototype.pad(date.getSeconds()),","","\t\t// unix timestamp","\t\tU: date => date.getTime() / 1000,","","\t\tW: function(date) {","\t\t\treturn this.config.getWeek(date);","\t\t},","","\t\t// full year e.g. 2016","\t\tY: date => date.getFullYear(),","","\t\t// day in month, padded (01-30)","\t\td: date => Flatpickr.prototype.pad(date.getDate()),","","\t\t// hour from 1-12 (am/pm)","\t\th: date => date.getHours() % 12 ? date.getHours() % 12 : 12,","","\t\t// minutes, padded with leading zero e.g. 09","\t\ti: date => Flatpickr.prototype.pad(date.getMinutes()),","","\t\t// day in month (1-30)","\t\tj: date => date.getDate(),","","\t\t// weekday name, full, e.g. Thursday","\t\tl: function (date) {","\t\t\treturn this.l10n.weekdays.longhand[date.getDay()];","\t\t},","","\t\t// padded month number (01-12)","\t\tm: date => Flatpickr.prototype.pad(date.getMonth() + 1),","","\t\t// the month number (1-12)","\t\tn: date => date.getMonth() + 1,","","\t\t// seconds 0-59","\t\ts: date => date.getSeconds(),","","\t\t// number of the day of the week","\t\tw: date => date.getDay(),","","\t\t// last two digits of year e.g. 16 for 2016","\t\ty: date => String(date.getFullYear()).substring(2)","\t},","","\t/**","\t * Formats a given Date object into a string based on supplied format","\t * @param {Date} dateObj the date object","\t * @param {String} frmt a string composed of formatting tokens e.g. \"Y-m-d\"","\t * @return {String} The textual representation of the date e.g. 2017-02-03","\t */","\tformatDate (dateObj, frmt) {","\t\tif (this.config !== undefined && this.config.formatDate !== undefined)","\t\t\treturn this.config.formatDate(dateObj, frmt);","","\t\treturn frmt.split(\"\").map((c, i, arr) => this.formats[c] && arr[i - 1] !== \"\\\\\"","\t\t\t? this.formats[c](dateObj)","\t\t\t: c !== \"\\\\\" ? c : \"\"","\t\t).join(\"\");","\t},","","\trevFormat: {","\t\tD: () => {},","\t\tF: function(dateObj, monthName) {","\t\t\tdateObj.setMonth(this.l10n.months.longhand.indexOf(monthName));","\t\t},","\t\tH: (dateObj, hour) => {","\t\t\tdateObj.setHours(parseFloat(hour))","\t\t},","\t\tJ: (dateObj, day) => {","\t\t\tdateObj.setDate(parseFloat(day))","\t\t},","\t\tK: (dateObj, amPM) => {","\t\t\tconst hours = dateObj.getHours();","","\t\t\tif (hours !== 12)","\t\t\t\tdateObj.setHours(hours % 12 + 12 * /pm/i.test(amPM));","\t\t},","\t\tM: function(dateObj, shortMonth) {","\t\t\tdateObj.setMonth(this.l10n.months.shorthand.indexOf(shortMonth));","\t\t},","\t\tS: (dateObj, seconds) => {","\t\t\tdateObj.setSeconds(seconds);","\t\t},","\t\tU: (dateObj, unixSeconds) => new Date(parseFloat(unixSeconds) * 1000),","","\t\tW: function(dateObj, weekNumber){","\t\t\tweekNumber = parseInt(weekNumber);","\t\t\treturn new Date(dateObj.getFullYear(), 0, 2 + (weekNumber - 1) * 7, 0, 0, 0, 0, 0);","\t\t},","\t\tY: (dateObj, year) =>  {","\t\t\tdateObj.setFullYear(year);","\t\t},","\t\tZ: (dateObj, ISODate) => new Date(ISODate),","","\t\td: (dateObj, day) =>  {","\t\t\tdateObj.setDate(parseFloat(day))","\t\t},","\t\th: (dateObj, hour) =>  {","\t\t\tdateObj.setHours(parseFloat(hour))","\t\t},","\t\ti: (dateObj, minutes) =>  {","\t\t\tdateObj.setMinutes(parseFloat(minutes))","\t\t},","\t\tj: (dateObj, day) =>  {","\t\t\tdateObj.setDate(parseFloat(day))","\t\t},","\t\tl: () =>  {},","\t\tm: (dateObj, month) =>  {","\t\t\tdateObj.setMonth(parseFloat(month) - 1)","\t\t},","\t\tn: (dateObj, month) =>  {","\t\t\tdateObj.setMonth(parseFloat(month) - 1)","\t\t},","\t\ts: (dateObj, seconds) =>  {","\t\t\tdateObj.setSeconds(parseFloat(seconds))","\t\t},","\t\tw: () =>  {},","\t\ty: (dateObj, year) =>  {","\t\t\tdateObj.setFullYear(2000 + parseFloat(year))","\t\t},","\t},","","\ttokenRegex: {","\t\tD:\"(\\\\w+)\",","\t\tF:\"(\\\\w+)\",","\t\tH:\"(\\\\d\\\\d|\\\\d)\",","\t\tJ:\"(\\\\d\\\\d|\\\\d)\\\\w+\",","\t\tK:\"(\\\\w+)\",","\t\tM:\"(\\\\w+)\",","\t\tS:\"(\\\\d\\\\d|\\\\d)\",","\t\tU: \"(.+)\",","\t\tW:\"(\\\\d\\\\d|\\\\d)\",","\t\tY:\"(\\\\d{4})\",","\t\tZ:\"(.+)\",","\t\td:\"(\\\\d\\\\d|\\\\d)\",","\t\th:\"(\\\\d\\\\d|\\\\d)\",","\t\ti:\"(\\\\d\\\\d|\\\\d)\",","\t\tj:\"(\\\\d\\\\d|\\\\d)\",","\t\tl:\"(\\\\w+)\",","\t\tm:\"(\\\\d\\\\d|\\\\d)\",","\t\tn:\"(\\\\d\\\\d|\\\\d)\",","\t\ts:\"(\\\\d\\\\d|\\\\d)\",","\t\tw: \"(\\\\d\\\\d|\\\\d)\",","\t\ty:\"(\\\\d{2})\"","\t},","","\tpad: number => `0${number}`.slice(-2),","","\t/**","\t * Parses a date(+time) string into a Date object","\t * @param {String} date the date string, e.g. 2017-02-03 14:45","\t * @param {String} givenFormat the date format, e.g. Y-m-d H:i","\t * @param {Boolean} timeless whether to reset the time of Date object","\t * @return {Date} the parsed Date object","\t */","\tparseDate (date, givenFormat, timeless) {","\t\tif (!date)","\t\t\treturn null;","","\t\tconst date_orig = date;","","\t\tif (date instanceof Date)","\t\t\tdate = new Date(date.getTime()); // create a copy","","\t\telse if (date.toFixed !== undefined) // timestamp","\t\t\tdate = new Date(date);","","\t\telse { // date string","\t\t\tconst format = givenFormat || (this.config || Flatpickr.defaultConfig).dateFormat;","\t\t\tdate = String(date).trim();","","\t\t\tif (date === \"today\") {","\t\t\t\tdate = new Date();","\t\t\t\ttimeless = true;","\t\t\t}","","\t\t\telse if (/Z$/.test(date) || /GMT$/.test(date)) // datestrings w/ timezone","\t\t\t\tdate = new Date(date);","","\t\t\telse if (this.config && this.config.parseDate)","\t\t\t\tdate = this.config.parseDate(date, format);","","\t\t\telse {","\t\t\t\tlet parsedDate = !this.config || !this.config.noCalendar","\t\t\t\t\t? new Date(new Date().getFullYear(), 0, 1, 0, 0, 0 ,0)","\t\t\t\t\t: new Date(new Date().setHours(0,0,0,0));","","\t\t\t\tlet matched;","","\t\t\t\tfor (let i = 0, matchIndex = 0, regexStr = \"\"; i < format.length; i++) {","\t\t\t\t\tconst token = format[i];","\t\t\t\t\tconst isBackSlash = token === \"\\\\\";","\t\t\t\t\tconst escaped = format[i - 1] === \"\\\\\" || isBackSlash;","","\t\t\t\t\tif (this.tokenRegex[token] && !escaped) {","\t\t\t\t\t\tregexStr += this.tokenRegex[token];","\t\t\t\t\t\tconst match = new RegExp(regexStr).exec(date);","\t\t\t\t\t\tif (match && (matched = true)) {","\t\t\t\t\t\t\tparsedDate =","\t\t\t\t\t\t\t\tthis.revFormat[token](parsedDate, match[++matchIndex])","\t\t\t\t\t\t\t\t|| parsedDate;","\t\t\t\t\t\t}","\t\t\t\t\t}","","\t\t\t\t\telse if (!isBackSlash)","\t\t\t\t\t\tregexStr += \".\"; // don't really care","","\t\t\t\t}","","\t\t\t\tdate = matched\t? parsedDate : null;","\t\t\t}","\t\t}","","\t\t/* istanbul ignore next */","\t\tif (!(date instanceof Date)) {","\t\t\tconsole.warn(`flatpickr: invalid date ${date_orig}`);","\t\t\tconsole.info(this.element);","\t\t\treturn null;","\t\t}","","\t\tif (this.config && this.config.utc && !date.fp_isUTC)","\t\t\tdate = date.fp_toUTC();","","\t\tif (timeless === true)","\t\t\tdate.setHours(0, 0, 0, 0);","","\t\treturn date;","\t}","};","","/* istanbul ignore next */","function _flatpickr(nodeList, config) {","\tconst nodes = Array.prototype.slice.call(nodeList); // static list","\tlet instances = [];","\tfor (let i = 0; i < nodes.length; i++) {","\t\ttry {","\t\t\tnodes[i]._flatpickr = new Flatpickr(nodes[i], config || {});","\t\t\tinstances.push(nodes[i]._flatpickr);","\t\t}","","\t\tcatch (e) {","\t\t\tconsole.warn(e, e.stack);","\t\t}","\t}","","\treturn instances.length === 1 ? instances[0] : instances;","}","","/* istanbul ignore next */","if (typeof HTMLElement !== \"undefined\") { // browser env","\tHTMLCollection.prototype.flatpickr =","\tNodeList.prototype.flatpickr = function (config) {","\t\treturn _flatpickr(this, config);","\t};","","\tHTMLElement.prototype.flatpickr = function (config) {","\t\treturn _flatpickr([this], config);","\t};","}","","/* istanbul ignore next */","function flatpickr(selector, config) {","\treturn _flatpickr(window.document.querySelectorAll(selector), config);","}","","/* istanbul ignore next */","if (typeof jQuery !== \"undefined\") {","\tjQuery.fn.flatpickr = function (config) {","\t\treturn _flatpickr(this, config);","\t};","}","","Date.prototype.fp_incr = function (days) {","\treturn new Date(","\t\tthis.getFullYear(),","\t\tthis.getMonth(),","\t\tthis.getDate() + parseInt(days, 10)","\t);","};","","Date.prototype.fp_isUTC = false;","Date.prototype.fp_toUTC = function () {","\tconst newDate = new Date(","\t\tthis.getUTCFullYear(),","\t\tthis.getUTCMonth(),","\t\tthis.getUTCDate(),","\t\tthis.getUTCHours(),","\t\tthis.getUTCMinutes(),","\t\tthis.getUTCSeconds()","\t);","","\tnewDate.fp_isUTC = true;","\treturn newDate;","};","","if (typeof module !== \"undefined\")","\tmodule.exports = Flatpickr;",""],"l":{"2":1,"3":0,"5":0,"6":0,"7":0,"8":0,"9":0,"10":0,"11":0,"12":0,"13":0,"14":0,"15":0,"16":0,"17":0,"18":0,"19":0,"21":1,"22":0,"23":0,"25":0,"27":0,"28":0,"29":0,"30":0,"32":0,"33":0,"34":0,"35":0,"36":0,"37":0,"39":0,"41":0,"51":0,"52":0,"54":0,"56":0,"57":0,"58":0,"62":0,"65":0,"66":0,"70":0,"72":0,"73":0,"75":0,"83":1,"84":0,"91":1,"92":0,"94":0,"96":0,"98":0,"99":0,"101":0,"102":0,"103":0,"107":0,"108":0,"109":0,"117":1,"118":0,"119":0,"121":0,"127":0,"128":0,"130":0,"135":0,"136":0,"137":0,"140":0,"144":0,"145":0,"146":0,"149":0,"156":1,"157":0,"159":0,"160":0,"172":1,"173":0,"174":0,"179":0,"180":0,"182":0,"188":0,"190":0,"191":0,"193":0,"194":0,"201":1,"202":0,"203":0,"204":0,"206":0,"207":0,"208":0,"209":0,"219":1,"220":0,"221":0,"223":0,"224":0,"234":1,"235":0,"241":1,"242":0,"243":0,"244":0,"245":0,"247":0,"252":0,"253":0,"255":0,"256":0,"257":0,"259":0,"261":0,"262":0,"264":0,"266":0,"267":0,"269":0,"270":0,"272":0,"273":0,"275":0,"276":0,"278":0,"279":0,"281":0,"282":0,"283":0,"285":0,"287":0,"288":0,"290":0,"291":0,"292":0,"293":0,"296":0,"298":0,"300":0,"301":0,"302":0,"306":0,"307":0,"308":0,"310":0,"311":0,"313":0,"314":0,"316":0,"317":0,"319":0,"320":0,"321":0,"322":0,"332":1,"333":0,"334":0,"336":0,"337":0,"338":0,"340":0,"343":0,"344":0,"345":0,"347":0,"349":0,"358":1,"359":0,"362":0,"363":0,"364":0,"366":0,"367":0,"369":0,"370":0,"372":0,"373":0,"381":1,"382":0,"391":0,"392":0,"393":0,"398":1,"400":1,"403":0,"410":1,"411":0,"412":0,"424":1,"425":0,"426":0,"427":0,"428":0,"431":1,"432":0,"437":0,"438":0,"440":0,"441":0,"442":0,"444":0,"447":1,"448":0,"449":0,"450":0,"452":0,"453":0,"454":0,"456":0,"457":0,"459":0,"460":0,"462":0,"463":0,"464":0,"467":0,"468":0,"470":0,"471":0,"474":0,"475":0,"477":0,"478":0,"480":0,"482":0,"484":0,"485":0,"488":0,"489":0,"495":0,"496":0,"497":0,"498":0,"500":0,"501":0,"503":0,"504":0,"508":0,"512":1,"513":0,"520":0,"521":0,"522":0,"524":0,"525":0,"526":0,"529":0,"530":0,"531":0,"532":0,"533":0,"534":0,"535":0,"541":0,"551":0,"552":0,"558":0,"560":0,"565":0,"568":0,"569":0,"570":0,"572":0,"576":0,"579":0,"580":0,"586":0,"588":0,"591":1,"592":0,"597":0,"598":0,"600":0,"601":0,"604":0,"605":0,"606":0,"607":0,"610":0,"611":0,"612":0,"615":0,"618":0,"621":1,"622":0,"623":0,"624":0,"627":1,"628":0,"634":0,"635":0,"636":0,"638":0,"641":0,"644":0,"645":0,"647":0,"649":0,"650":0,"658":0,"659":0,"670":0,"671":0,"682":0,"683":0,"693":0,"694":0,"697":0,"702":0,"704":0,"705":0,"707":0,"708":0,"711":0,"712":0,"715":0,"716":0,"718":0,"720":0,"721":0,"724":1,"725":0,"726":0,"729":1,"730":0,"731":0,"733":0,"734":0,"736":0,"737":0,"739":0,"740":0,"741":0,"743":0,"744":0,"746":0,"747":0,"749":0,"753":0,"754":0,"756":0,"757":0,"758":0,"760":0,"761":0,"762":0,"763":0,"765":0,"767":0,"770":0,"771":0,"772":0,"776":0,"778":0,"781":0,"782":0,"783":0,"787":0,"789":0,"792":1,"793":0,"794":0,"795":0,"796":0,"797":0,"798":0,"800":0,"801":0,"803":0,"804":0,"806":0,"808":0,"813":0,"818":0,"819":0,"821":0,"822":0,"824":0,"825":0,"827":0,"829":0,"830":0,"831":0,"833":0,"834":0,"836":0,"837":0,"839":0,"840":0,"842":0,"845":0,"846":0,"847":0,"849":0,"852":0,"855":0,"856":0,"861":0,"862":0,"863":0,"866":0,"869":1,"870":0,"871":0,"873":0,"874":0,"876":0,"877":0,"883":0,"889":0,"893":1,"894":1,"895":1,"896":1,"899":1,"900":1,"902":1,"905":1,"906":0,"907":0,"908":0,"910":0,"914":0,"916":0,"918":0,"919":0,"920":0,"922":0,"925":0,"929":0,"930":0,"931":0,"935":0,"936":0,"937":0,"938":0,"941":0,"942":0,"943":0,"946":0,"948":0,"956":0,"957":0,"958":0,"960":0,"961":0,"964":0,"965":0,"966":0,"968":0,"969":0,"972":0,"973":0,"975":0,"976":0,"979":0,"980":0,"982":0,"985":0,"989":1,"990":0,"992":0,"993":0,"995":0,"996":0,"998":0,"999":0,"1000":0,"1002":0,"1004":0,"1006":0,"1009":1,"1010":0,"1012":0,"1013":0,"1014":0,"1017":0,"1020":1,"1021":0,"1023":0,"1024":0,"1025":0,"1028":0,"1030":0,"1031":0,"1032":0,"1033":0,"1036":0,"1037":0,"1039":0,"1040":0,"1041":0,"1042":0,"1043":0,"1046":0,"1047":0,"1048":0,"1049":0,"1050":0,"1053":0,"1054":0,"1057":1,"1058":0,"1059":0,"1061":0,"1064":1,"1065":0,"1066":0,"1067":0,"1076":0,"1080":0,"1081":0,"1082":0,"1084":0,"1085":0,"1086":0,"1092":1,"1093":0,"1098":0,"1100":0,"1103":0,"1105":0,"1106":0,"1112":0,"1114":0,"1120":0,"1121":0,"1122":0,"1126":1,"1127":0,"1138":0,"1140":0,"1141":0,"1143":0,"1145":0,"1148":0,"1149":0,"1151":0,"1152":0,"1154":0,"1156":0,"1158":0,"1160":0,"1162":0,"1166":0,"1169":0,"1172":1,"1173":0,"1174":0,"1175":0,"1176":0,"1177":0,"1179":0,"1180":0,"1187":0,"1190":0,"1191":0,"1193":0,"1195":0,"1196":0,"1199":0,"1201":0,"1204":0,"1205":0,"1206":0,"1210":0,"1212":0,"1213":0,"1215":0,"1216":0,"1219":0,"1220":0,"1221":0,"1226":0,"1227":0,"1229":0,"1233":0,"1234":0,"1236":0,"1237":0,"1238":0,"1239":0,"1242":0,"1243":0,"1246":0,"1247":0,"1248":0,"1249":0,"1252":0,"1255":0,"1256":0,"1257":0,"1260":0,"1261":0,"1262":0,"1265":0,"1268":0,"1269":0,"1270":0,"1271":0,"1273":0,"1276":0,"1277":0,"1278":0,"1279":0,"1281":0,"1283":0,"1287":0,"1291":1,"1292":0,"1293":0,"1295":0,"1301":0,"1302":0,"1303":0,"1304":0,"1308":0,"1313":0,"1317":0,"1318":0,"1319":0,"1320":0,"1322":0,"1325":0,"1326":0,"1328":0,"1329":0,"1332":0,"1335":0,"1337":0,"1338":0,"1340":0,"1341":0,"1343":0,"1344":0,"1348":1,"1349":0,"1350":0,"1353":1,"1354":0,"1355":0,"1356":0,"1357":0,"1360":0,"1361":0,"1364":0,"1365":0,"1368":0,"1369":0,"1371":0,"1372":0,"1373":0,"1374":0,"1377":0,"1380":1,"1381":0,"1382":0,"1384":0,"1385":0,"1387":0,"1388":0,"1393":0,"1394":0,"1395":0,"1396":0,"1397":0,"1400":0,"1401":0,"1403":0,"1404":0,"1406":0,"1408":0,"1414":1,"1415":0,"1419":0,"1424":0,"1426":0,"1432":0,"1433":0,"1435":0,"1437":0,"1438":0,"1443":0,"1444":0,"1449":0,"1451":0,"1456":0,"1458":0,"1463":0,"1464":0,"1466":0,"1467":0,"1469":0,"1470":0,"1472":0,"1473":0,"1474":0,"1476":0,"1477":0,"1482":0,"1483":0,"1488":0,"1491":1,"1492":0,"1495":0,"1497":0,"1507":1,"1508":0,"1509":0,"1511":0,"1522":0,"1527":0,"1528":0,"1530":0,"1531":0,"1533":0,"1534":0,"1535":0,"1537":0,"1539":0,"1540":0,"1542":0,"1544":0,"1545":0,"1546":0,"1550":0,"1551":0,"1555":1,"1556":0,"1557":0,"1559":0,"1560":0,"1561":0,"1564":1,"1565":0,"1566":0,"1568":0,"1573":0,"1575":0,"1579":0,"1582":0,"1584":0,"1585":0,"1587":0,"1588":0,"1589":0,"1590":0,"1593":0,"1596":0,"1597":0,"1598":0,"1600":0,"1603":0,"1604":0,"1607":0,"1609":0,"1610":0,"1611":0,"1612":0,"1614":0,"1615":0,"1617":0,"1620":0,"1622":0,"1625":0,"1627":0,"1629":0,"1630":0,"1632":0,"1633":0,"1634":0,"1636":0,"1639":0,"1644":0,"1645":0,"1649":0,"1652":0,"1653":0,"1655":0,"1657":0,"1658":0,"1660":0,"1661":0,"1664":1,"1665":0,"1666":0,"1667":0,"1670":1,"1671":0,"1672":0,"1674":0,"1675":0,"1677":0,"1678":0,"1680":0,"1681":0,"1684":0,"1686":0,"1687":0,"1690":0,"1692":0,"1694":0,"1696":0,"1700":0,"1701":0,"1704":0,"1707":1,"1708":0,"1709":0,"1711":0,"1713":0,"1714":0,"1716":0,"1717":0,"1719":0,"1720":0,"1722":0,"1723":0,"1726":1,"1727":1,"1728":0,"1729":0,"1730":0,"1732":0,"1733":0,"1734":0,"1738":0,"1741":0,"1742":0,"1744":0,"1745":0,"1747":0,"1748":0,"1750":0,"1751":0,"1752":0,"1754":0,"1763":0,"1764":0,"1766":0,"1767":0,"1769":0,"1773":0,"1777":0,"1779":0,"1783":0,"1787":0,"1788":0,"1790":0,"1793":0,"1794":0,"1795":0,"1796":0,"1802":1,"1803":0,"1808":0,"1812":0,"1816":0,"1817":0,"1819":0,"1823":0,"1827":0,"1833":1,"1834":1,"1835":1,"1838":1,"1839":1,"1842":1,"1843":0,"1848":1,"1849":1,"1851":0,"1852":0,"1854":0,"1855":0,"1857":0,"1859":0,"1863":0,"1864":0,"1865":0,"1866":0,"1868":0,"1869":0,"1872":0,"1873":0,"1876":1,"1877":0,"1881":0,"1882":0,"1883":0,"1884":0,"1885":0,"1886":0,"1888":0,"1894":0,"1895":0,"1900":0,"1901":0,"1903":0,"1904":0,"1906":0,"1907":0,"1908":0,"1910":0,"1911":0,"1917":0,"1918":0,"1919":0,"1920":0,"1924":1,"1925":0,"1926":0,"1927":0,"1930":1,"1931":0,"1933":0,"1934":0,"1935":0,"1938":0,"1939":0,"1942":0,"1951":1,"1952":0,"1953":0,"1954":0,"1956":0,"1957":0,"1959":0,"1960":0,"1961":0,"1964":1,"1965":0,"1966":0,"1967":0,"1970":0,"1973":1,"1974":0,"1975":0,"1976":0,"1980":1,"1981":0,"1982":0,"1984":0,"1985":0,"1987":0,"1992":0,"2002":1,"2003":0,"2004":0,"2006":0,"2007":0,"2012":0,"2014":0,"2015":0,"2018":0,"2019":0,"2020":0,"2024":0,"2027":1,"2028":0,"2031":1,"2032":0,"2033":0,"2035":0,"2037":0,"2039":0,"2040":0,"2041":0,"2044":0,"2048":1,"2049":0,"2050":0,"2052":0,"2053":0,"2063":1,"2064":0,"2065":0,"2066":0,"2068":0,"2070":0,"2071":0,"2073":0,"2076":1,"2077":0,"2078":0,"2079":0,"2082":1,"2083":0,"2084":0,"2085":0,"2089":1,"2090":1,"2091":1,"2092":1,"2093":1,"2094":1,"2095":1,"2096":1,"2098":1,"2109":1,"2110":0,"2111":0,"2113":0,"2114":0,"2118":0,"2121":1,"2122":0,"2124":0,"2129":0,"2130":0,"2132":0,"2140":0,"2142":0,"2143":0,"2146":0,"2147":0,"2150":0,"2151":0,"2154":0,"2155":0,"2159":0,"2160":0,"2163":0,"2168":0,"2171":0,"2175":0,"2176":0,"2180":2,"2243":1,"2244":1,"2245":1,"2325":1,"2349":1,"2350":1,"2351":1,"2352":1,"2353":1,"2354":1,"2355":1,"2365":0,"2366":0,"2367":0,"2369":0,"2372":0,"2376":0,"2381":0,"2385":0,"2389":0,"2393":0,"2397":0,"2401":0,"2404":0,"2407":0,"2411":0,"2414":0,"2417":0,"2420":0,"2423":0,"2427":0,"2431":0,"2434":0,"2437":0,"2440":0,"2443":0,"2453":0,"2454":0,"2456":0,"2465":0,"2468":0,"2471":0,"2474":0,"2476":0,"2477":0,"2480":0,"2483":0,"2485":0,"2488":0,"2489":0,"2492":0,"2494":0,"2497":0,"2500":0,"2503":0,"2506":0,"2510":0,"2513":0,"2516":0,"2520":0,"2548":0,"2558":0,"2559":0,"2561":0,"2563":0,"2564":0,"2566":0,"2567":0,"2570":0,"2571":0,"2573":0,"2574":0,"2575":0,"2578":0,"2579":0,"2581":0,"2582":0,"2585":0,"2589":0,"2591":0,"2592":0,"2593":0,"2594":0,"2596":0,"2597":0,"2598":0,"2599":0,"2600":0,"2606":0,"2607":0,"2611":0,"2616":1,"2617":1,"2618":1,"2619":1,"2622":0,"2623":0,"2625":0,"2626":0,"2628":0,"2633":1,"2634":1,"2635":1,"2636":1,"2637":1,"2638":1,"2639":1,"2643":1,"2647":1,"2651":1,"2652":1,"2654":1,"2657":1,"2658":1,"2663":1,"2664":1,"2668":1,"2669":1,"2670":1,"2674":0,"2675":0,"2682":0,"2683":0,"2684":0,"2693":0,"2694":0,"2697":0,"2698":0}}}